<?xml version="1.0" encoding="utf-8"?><testsuites name="pytest tests"><testsuite name="pytest" errors="0" failures="0" skipped="0" tests="231" time="100.663" timestamp="2026-08-20T11:40:25.278039+00:00" hostname="agent-env-3dbfbce3-8f9a-4fac-901b-45bc191058a5"><testcase classname="tests.phase2_test.TestPhase2Fixes" name="test_delete_trip_cascades_everything" time="0.806" /><testcase classname="tests.phase3_test.TestHotels" name="test_list_role_gating" time="0.846" /><testcase classname="tests.phase2_test.TestPhase2Fixes" name="test_delete_trip_does_not_touch_other_trips" time="0.494" /><testcase classname="tests.phase3_test.TestHotels" name="test_list_unknown_stop_404" time="0.086" /><testcase classname="tests.phase3_test.TestHotels" name="test_create_defaults_currency_and_fields" time="0.205" /><testcase classname="tests.phase3_test.TestHotels" name="test_dates_outside_stop_range_allowed" time="0.096" /><testcase classname="tests.phase3_test.TestHotels" name="test_validations_422[payload0]" time="0.050" /><testcase classname="tests.phase3_test.TestHotels" name="test_validations_422[payload1]" time="0.091" /><testcase classname="tests.phase2_test.TestPhase2Fixes" name="test_reorder_full_permutation_ok" time="0.454" /><testcase classname="tests.phase3_test.TestHotels" name="test_validations_422[payload2]" time="0.050" /><testcase classname="tests.phase3_test.TestHotels" name="test_validations_422[payload3]" time="0.087" /><testcase classname="tests.phase3_test.TestHotels" name="test_validations_422[payload4]" time="0.053" /><testcase classname="tests.phase3_test.TestHotels" name="test_currency_case_insensitive" time="0.131" /><testcase classname="tests.phase3_test.TestHotels" name="test_patch_partial_and_effective_range" time="0.378" /><testcase classname="tests.phase2_test.TestPhase2Fixes" name="test_reorder_subset_rejected_422_and_no_mutation" time="0.550" /><testcase classname="tests.phase3_test.TestHotels" name="test_patch_unknown_404" time="0.055" /><testcase classname="tests.phase3_test.TestHotels" name="test_patch_bad_link_422" time="0.142" /><testcase classname="tests.phase3_test.TestHotels" name="test_delete_and_404" time="0.201" /><testcase classname="tests.phase2_test.TestPhase2Fixes" name="test_reorder_duplicates_rejected_422" time="0.358" /><testcase classname="tests.phase3_test.TestHotels" name="test_viewer_cannot_write" time="0.267" /><testcase classname="tests.phase2_test.TestPhase2Fixes" name="test_reorder_superset_unknown_id_rejected" time="0.327" /><testcase classname="tests.phase3_test.TestHotels" name="test_multiple_hotels_sorted_by_check_in" time="0.414" /><testcase classname="tests.phase2_test.TestPhase2Fixes" name="test_reorder_empty_list_rejected" time="0.259" /><testcase classname="tests.phase2_test.TestPhase2Fixes" name="test_create_attraction_rejects_bad_booking_link[javascript:alert(1)]" time="0.264" /><testcase classname="tests.phase2_test.TestOrderNormalization" name="test_cross_stop_partial_move_normalizes_source_and_target" time="1.064" /><testcase classname="tests.phase2_test.TestPhase2Fixes" name="test_create_attraction_rejects_bad_booking_link[JavaScript:alert(1)]" time="0.236" /><testcase classname="tests.phase2_test.TestPhase2Fixes" name="test_create_attraction_rejects_bad_booking_link[data:text/html,&lt;script&gt;x&lt;/script&gt;]" time="0.226" /><testcase classname="tests.phase2_test.TestPhase2Fixes" name="test_create_attraction_rejects_bad_booking_link[ftp://example.com/x]" time="0.224" /><testcase classname="tests.phase2_test.TestPhase2Fixes" name="test_create_attraction_rejects_bad_booking_link[//evil.com]" time="0.268" /><testcase classname="tests.phase2_test.TestOrderNormalization" name="test_same_stop_reorder_normalizes" time="0.411" /><testcase classname="tests.phase2_test.TestPhase2Fixes" name="test_create_attraction_rejects_bad_booking_link[example.com]" time="0.291" /><testcase classname="tests.phase2_test.TestOrderNormalization" name="test_delete_attraction_normalizes" time="0.571" /><testcase classname="tests.phase2_test.TestPhase2Fixes" name="test_create_attraction_accepts_valid_booking_link[https://booking.com/x]" time="0.283" /><testcase classname="tests.phase2_test.TestPhase2Fixes" name="test_create_attraction_accepts_valid_booking_link[http://example.org/a?b=1]" time="0.265" /><testcase classname="tests.phase2_test.TestOrderNormalization" name="test_delete_stop_normalizes_stop_orders" time="0.563" /><testcase classname="tests.phase2_test.TestPhase2Fixes" name="test_create_attraction_accepts_valid_booking_link[None]" time="0.323" /><testcase classname="tests.phase2_test.TestPhase2Fixes" name="test_create_attraction_accepts_valid_booking_link[]" time="0.227" /><testcase classname="tests.phase2_test.TestOrderNormalization" name="test_invalid_reorder_422_no_mutation" time="0.420" /><testcase classname="tests.phase2_test.TestPhase2Fixes" name="test_patch_attraction_rejects_bad_booking_link_and_keeps_old" time="0.592" /><testcase classname="tests.phase2_test.TestOrderNormalization" name="test_non_contiguous_new_order_normalized" time="0.475" /><testcase classname="tests.phase2_test.TestAttractions" name="test_list_empty" time="0.186" /><testcase classname="tests.phase2_test.TestAttractions" name="test_create_defaults_currency_and_order" time="0.185" /><testcase classname="tests.phase2_test.TestOrderNormalization" name="test_untouched_stop_not_renumbered" time="0.812" /><testcase classname="tests.phase2_test.TestAttractions" name="test_create_unknown_stop_404" time="0.096" /><testcase classname="tests.phase2_test.TestAttractions" name="test_validations_422[payload0]" time="0.056" /><testcase classname="tests.phase2_test.TestAttractions" name="test_validations_422[payload1]" time="0.050" /><testcase classname="tests.phase2_test.TestAttractions" name="test_validations_422[payload2]" time="0.052" /><testcase classname="tests.phase2_test.TestAttractions" name="test_validations_422[payload3]" time="0.091" /><testcase classname="tests.phase2_test.TestAttractions" name="test_validations_422[payload4]" time="0.051" /><testcase classname="tests.phase2_test.TestAttractions" name="test_patch_attraction" time="0.170" /><testcase classname="tests.phase2_test.TestAttractions" name="test_patch_unknown_404" time="0.085" /><testcase classname="tests.phase2_test.TestOrderNormalization" name="test_move_to_position_zero_before_older_item" time="0.595" /><testcase classname="tests.phase2_test.TestAttractions" name="test_delete_attraction" time="0.341" /><testcase classname="tests.phase2_test.TestAttractions" name="test_delete_unknown_404" time="0.161" /><testcase classname="tests.phase2_test.TestOrderNormalization" name="test_two_moves_into_stop_with_older_items" time="0.907" /><testcase classname="tests.phase5_test.TestKmMock" name="test_km_seed_trip" time="0.561" /><testcase classname="tests.phase5_test.TestKmMock" name="test_stop_response_exposes_km_calc_error_field" time="0.248" /><testcase classname="tests.phase5_test.TestKmMock" name="test_create_stop_response_returns_computed_km" time="0.267" /><testcase classname="tests.phase2_test.TestOrderNormalization" name="test_move_to_end_lands_last" time="0.701" /><testcase classname="tests.phase5_test.TestKmMock" name="test_km_pairs_car[Roma, IT-Napoli, IT-225.0]" time="0.301" /><testcase classname="tests.phase5_test.TestKmMock" name="test_km_pairs_car[London, UK-Paris, FR-460.0]" time="0.301" /><testcase classname="tests.phase5_test.TestKmMock" name="test_km_pairs_car[Lisbon, PT-Sintra, PT-30.0]" time="0.381" /><testcase classname="tests.phase2_test.TestOrderNormalization" name="test_three_moves_into_stop_with_older_items" time="0.910" /><testcase classname="tests.phase5_test.TestKmMock" name="test_km_unknown_city_error_flag" time="0.316" /><testcase classname="tests.phase5_test.TestKmMock" name="test_km_transport_other_is_null" time="0.342" /><testcase classname="tests.phase2_test.TestOrderNormalization" name="test_inbound_order_beyond_length_lands_at_end" time="0.722" /><testcase classname="tests.phase5_test.TestKmMock" name="test_km_recalc_on_patch_location_and_mode" time="0.503" /><testcase classname="tests.phase5_test.TestKmMock" name="test_km_recalc_on_reorder" time="0.498" /><testcase classname="tests.phase2_test.TestOrderNormalization" name="test_mixed_same_stop_and_cross_stop_moves" time="1.739" /><testcase classname="tests.phase5_test.TestKmMock" name="test_manual_override_survives_reorder" time="0.655" /><testcase classname="tests.backend_test.TestAuth" name="test_dev_login_returns_user_cookie_and_token" time="0.148" /><testcase classname="tests.backend_test.TestAuth" name="test_me_unauthenticated_401" time="0.106" /><testcase classname="tests.backend_test.TestAuth" name="test_me_with_cookie" time="0.229" /><testcase classname="tests.backend_test.TestAuth" name="test_me_with_bearer" time="0.258" /><testcase classname="tests.phase2_test.TestOrderNormalization" name="test_depleted_source_stop_contiguous" time="0.994" /><testcase classname="tests.backend_test.TestAuth" name="test_me_invalid_token_401" time="0.152" /><testcase classname="tests.backend_test.TestAuth" name="test_logout_invalidates_session" time="0.500" /><testcase classname="tests.backend_test.TestAuth" name="test_dev_login_upsert_same_user" time="0.298" /><testcase classname="tests.phase2_test.TestOrderNormalization" name="test_no_duplicate_order_tuples_in_trip" time="1.158" /><testcase classname="tests.backend_test.TestAuth" name="test_dev_login_invalid_email_422" time="0.119" /><testcase classname="tests.backend_test.TestAuth" name="test_google_login_redirect" time="0.124" /><testcase classname="tests.backend_test.TestAuth" name="test_google_login_missing_redirect_400" time="0.291" /><testcase classname="tests.backend_test.TestTrips" name="test_trips_require_auth" time="0.246" /><testcase classname="tests.phase3_test.TestExpenses" name="test_list_gating" time="0.998" /><testcase classname="tests.backend_test.TestTrips" name="test_create_trip_and_persistence" time="0.253" /><testcase classname="tests.phase3_test.TestExpenses" name="test_create_defaults" time="0.273" /><testcase classname="tests.backend_test.TestTrips" name="test_create_trip_end_before_start_422" time="0.048" /><testcase classname="tests.backend_test.TestTrips" name="test_create_trip_bad_currency_422" time="0.049" /><testcase classname="tests.backend_test.TestTrips" name="test_create_trip_empty_title_422" time="0.047" /><testcase classname="tests.backend_test.TestTrips" name="test_list_trips_ordering_desc" time="0.155" /><testcase classname="tests.phase3_test.TestExpenses" name="test_create_with_stop_and_filter" time="0.403" /><testcase classname="tests.backend_test.TestTrips" name="test_isolation_bob_cannot_see_alice_trips" time="0.419" /><testcase classname="tests.phase3_test.TestExpenses" name="test_create_unknown_stop_422" time="0.110" /><testcase classname="tests.phase3_test.TestExpenses" name="test_validations_422[payload0]" time="0.057" /><testcase classname="tests.backend_test.TestTrips" name="test_get_nonexistent_trip_404" time="0.046" /><testcase classname="tests.phase3_test.TestExpenses" name="test_validations_422[payload1]" time="0.061" /><testcase classname="tests.backend_test.TestTrips" name="test_delete_trip_cascade" time="0.194" /><testcase classname="tests.phase3_test.TestExpenses" name="test_validations_422[payload2]" time="0.065" /><testcase classname="tests.phase3_test.TestExpenses" name="test_patch_and_delete" time="0.496" /><testcase classname="tests.backend_test.TestTrips" name="test_no_patch_route" time="0.629" /><testcase classname="tests.phase3_test.TestExpenses" name="test_viewer_cannot_write" time="0.439" /><testcase classname="tests.phase3_test.TestExchangeRates" name="test_get_gating" time="0.773" /><testcase classname="tests.phase2_test.TestViewerPermissions" name="test_viewer_can_read" time="0.701" /><testcase classname="tests.phase3_test.TestExchangeRates" name="test_put_owner_only" time="0.122" /><testcase classname="tests.phase3_test.TestExchangeRates" name="test_put_upsert_same_row" time="0.154" /><testcase classname="tests.phase2_test.TestViewerPermissions" name="test_viewer_cannot_create_stop" time="0.111" /><testcase classname="tests.phase2_test.TestViewerPermissions" name="test_viewer_cannot_patch_stop" time="0.103" /><testcase classname="tests.phase3_test.TestExchangeRates" name="test_put_validations_422[body0]" time="0.104" /><testcase classname="tests.phase2_test.TestViewerPermissions" name="test_viewer_cannot_delete_stop" time="0.075" /><testcase classname="tests.phase3_test.TestExchangeRates" name="test_put_validations_422[body1]" time="0.054" /><testcase classname="tests.phase2_test.TestViewerPermissions" name="test_viewer_cannot_reorder_stops" time="0.065" /><testcase classname="tests.phase3_test.TestExchangeRates" name="test_put_validations_422[body2]" time="0.085" /><testcase classname="tests.phase2_test.TestViewerPermissions" name="test_viewer_cannot_create_attraction" time="0.082" /><testcase classname="tests.phase3_test.TestExchangeRates" name="test_put_validations_422[body3]" time="0.055" /><testcase classname="tests.phase2_test.TestViewerPermissions" name="test_viewer_cannot_patch_or_delete_attraction" time="0.157" /><testcase classname="tests.phase3_test.TestExchangeRates" name="test_put_validations_422[body4]" time="0.046" /><testcase classname="tests.phase3_test.TestExchangeRates" name="test_delete_owner_only" time="0.375" /><testcase classname="tests.phase2_test.TestViewerPermissions" name="test_viewer_cannot_reorder_attractions" time="0.175" /><testcase classname="tests.phase5_test.TestTripPatch" name="test_patch_title_and_dates" time="0.292" /><testcase classname="tests.phase5_test.TestTripPatch" name="test_patch_home_currency_ignored" time="0.246" /><testcase classname="tests.phase2_test.TestStopsValidation" name="test_end_before_start_422" time="0.393" /><testcase classname="tests.phase2_test.TestStopsValidation" name="test_dates_outside_trip_range_422" time="0.071" /><testcase classname="tests.phase5_test.TestTripPatch" name="test_patch_bumps_version" time="0.291" /><testcase classname="tests.phase2_test.TestStopsValidation" name="test_end_after_trip_end_422" time="0.082" /><testcase classname="tests.phase2_test.TestStopsValidation" name="test_invalid_transport_mode_422" time="0.071" /><testcase classname="tests.phase2_test.TestStopsValidation" name="test_negative_km_422" time="0.085" /><testcase classname="tests.phase2_test.TestStopsValidation" name="test_bad_time_422" time="0.076" /><testcase classname="tests.phase5_test.TestTripPatch" name="test_patch_end_before_start_422" time="0.158" /><testcase classname="tests.phase2_test.TestStopsValidation" name="test_empty_title_422" time="0.190" /><testcase classname="tests.phase5_test.TestTripPatch" name="test_patch_stops_out_of_range_422" time="0.271" /><testcase classname="tests.phase5_test.TestTripPatch" name="test_patch_role_permissions" time="0.383" /><testcase classname="tests.phase5_hotfix_v3_test" name="test_three_consecutive_recomputes_are_noop" time="0.927" /><testcase classname="tests.phase5_test.TestTripPatch" name="test_patch_unauthenticated_401" time="0.349" /><testcase classname="tests.phase5_test.TestTripPatch" name="test_patch_unknown_trip_404" time="0.053" /><testcase classname="tests.phase5_hotfix_v3_test" name="test_stale_mongo_state_is_repaired_and_bumps_version_once" time="0.750" /><testcase classname="tests.phase2_test.TestAttractionsReorder" name="test_same_stop_reorder" time="0.965" /><testcase classname="tests.phase5_hotfix_v3_test" name="test_stale_wrong_value_is_overwritten" time="0.713" /><testcase classname="tests.phase2_test.TestAttractionsReorder" name="test_cross_stop_move" time="0.342" /><testcase classname="tests.phase2_test.TestAttractionsReorder" name="test_invalid_attraction_id_atomic_rollback" time="0.128" /><testcase classname="tests.phase2_test.TestAttractionsReorder" name="test_invalid_target_stop_atomic_rollback" time="0.066" /><testcase classname="tests.phase2_test.TestAttractionsReorder" name="test_negative_order_422" time="0.149" /><testcase classname="tests.phase5_hotfix_v3_test" name="test_manual_override_stays_and_never_changes" time="0.907" /><testcase classname="tests.phase2_test.TestAttractionsReorder" name="test_empty_moves_422" time="0.140" /><testcase classname="tests.phase4_test.TestInvites" name="test_invite_lifecycle" time="1.275" /><testcase classname="tests.phase5_hotfix_v3_test" name="test_transport_other_never_error_never_changed" time="0.960" /><testcase classname="tests.phase4_test.TestInvites" name="test_invite_self_400" time="0.104" /><testcase classname="tests.phase4_test.TestInvites" name="test_invite_bad_role_422" time="0.090" /><testcase classname="tests.phase4_test.TestInvites" name="test_unknown_token_404" time="0.163" /><testcase classname="tests.phase4_test.TestInvites" name="test_decline" time="0.747" /><testcase classname="tests.phase5_hotfix_v3_test" name="test_unknown_city_error_is_sticky_without_version_bump" time="0.902" /><testcase classname="tests.phase4_test.TestInvites" name="test_status_not_pending_410_on_get" time="0.485" /><testcase classname="tests.phase5_hotfix_v3_test" name="test_reorder_recompute_then_explicit_noop" time="1.264" /><testcase classname="tests.phase5_hotfix_extra_test" name="test_no_version_bump_when_zero_stops" time="0.482" /><testcase classname="tests.phase5_hotfix_extra_test" name="test_version_bump_sets_last_updated_by_and_at" time="1.677" /><testcase classname="tests.phase4_test.TestSplitAndDebts" name="test_split_non_member_422" time="0.403" /><testcase classname="tests.phase4_test.TestSplitAndDebts" name="test_paid_by_non_member_422" time="0.057" /><testcase classname="tests.phase4_test.TestSplitAndDebts" name="test_patch_split_non_member_422" time="0.175" /><testcase classname="tests.phase4_test.TestSplitAndDebts" name="test_debts_scenario" time="0.362" /><testcase classname="tests.phase4_test.TestSplitAndDebts" name="test_debts_missing_rate" time="0.291" /><testcase classname="tests.phase4_test.TestSplitAndDebts" name="test_debts_non_member_404" time="0.194" /><testcase classname="tests.phase5_hotfix_extra_test" name="test_repeated_recompute_never_bumps" time="1.095" /><testcase classname="tests.phase5b_test.TestPhase5Fixes" name="test_seed_and_create_response_km" time="0.440" /><testcase classname="tests.phase5b_test.TestPhase5Fixes" name="test_summary_total_km" time="0.082" /><testcase classname="tests.phase5b_test.TestPhase5Fixes" name="test_km_calc_error_unknown_city" time="0.299" /><testcase classname="tests.phase5b_test.TestPhase5Fixes" name="test_patch_location_response_has_fresh_km" time="0.351" /><testcase classname="tests.phase5_hotfix_extra_test" name="test_other_counted_in_updated_count_and_km_totals" time="0.529" /><testcase classname="tests.phase5b_test.TestPhase5Fixes" name="test_summary_total_km_none_when_no_km" time="0.354" /><testcase classname="tests.phase5b_test.TestPhase5Fixes" name="test_manual_override_counted_in_total" time="0.257" /><testcase classname="tests.phase5_hotfix_extra_test" name="test_mixed_trip_only_real_errors_reported" time="0.832" /><testcase classname="tests.phase5_hotfix_extra_test" name="test_other_transport_survives_change_to_car" time="0.544" /><testcase classname="tests.phase3_test.TestSummary" name="test_gating" time="1.183" /><testcase classname="tests.phase3_test.TestSummary" name="test_a_missing_rate_excludes_and_reports" time="0.106" /><testcase classname="tests.phase3_test.TestSummary" name="test_b_with_rate_total_and_recompute" time="0.227" /><testcase classname="tests.phase4_test.TestVersion" name="test_version_owner" time="0.351" /><testcase classname="tests.phase4_test.TestVersion" name="test_version_viewer_ok" time="0.172" /><testcase classname="tests.phase3_test.TestSummary" name="test_c_rate_is_unidirectional" time="0.435" /><testcase classname="tests.phase4_test.TestVersion" name="test_version_non_member_404" time="0.169" /><testcase classname="tests.phase4_test.TestVersion" name="test_version_unauth_401" time="0.166" /><testcase classname="tests.phase3_test.TestSummary" name="test_d_empty_trip_summary" time="0.242" /><testcase classname="tests.phase4_test.TestMemberMgmt" name="test_patch_owner_role_400" time="0.315" /><testcase classname="tests.phase4_test.TestRolePermissions" name="test_editor_crud_allowed" time="1.291" /><testcase classname="tests.phase4_test.TestMemberMgmt" name="test_patch_unknown_member_404" time="0.137" /><testcase classname="tests.phase4_test.TestMemberMgmt" name="test_non_owner_cannot_remove_other" time="0.697" /><testcase classname="tests.phase4_test.TestRolePermissions" name="test_editor_denied_owner_actions" time="0.305" /><testcase classname="tests.phase4_test.TestMemberMgmt" name="test_non_owner_cannot_patch_member" time="0.562" /><testcase classname="tests.phase4_test.TestRolePermissions" name="test_viewer_reads_ok" time="0.703" /><testcase classname="tests.backend_test.TestHealth" name="test_health" time="0.146" /><testcase classname="tests.backend_test.TestHealth" name="test_openapi" time="0.188" /><testcase classname="tests.backend_test.TestHealth" name="test_root" time="0.309" /><testcase classname="tests.phase4_test.TestRolePermissions" name="test_viewer_denied_all_mutations" time="0.619" /><testcase classname="tests.phase2_test.TestStopsPatch" name="test_partial_update_persists" time="0.443" /><testcase classname="tests.phase2_test.TestStopsPatch" name="test_start_only_update_range_validated" time="0.366" /><testcase classname="tests.phase2_test.TestStopsAccess" name="test_list_empty_initially" time="0.454" /><testcase classname="tests.phase2_test.TestStopsAccess" name="test_list_unauth_401" time="0.178" /><testcase classname="tests.phase2_test.TestStopsPatch" name="test_patch_unknown_stop_404" time="0.115" /><testcase classname="tests.phase4_test.TestLeave" name="test_non_owner_leave" time="0.583" /><testcase classname="tests.phase2_test.TestStopsAccess" name="test_list_non_member_404" time="0.315" /><testcase classname="tests.phase4_test.TestPresence" name="test_presence_post_get" time="0.634" /><testcase classname="tests.phase4_test.TestLeave" name="test_owner_leave_promotes_first_editor" time="0.738" /><testcase classname="tests.phase4_test.TestPresence" name="test_presence_stale_excluded" time="0.163" /><testcase classname="tests.phase4_test.TestPresence" name="test_presence_non_member_404" time="0.406" /><testcase classname="tests.phase4_test.TestLeave" name="test_owner_leave_no_editors_deletes_trip" time="1.022" /><testcase classname="tests.phase5_hotfix_test" name="test_recompute_km_bumps_version_when_updates" time="0.596" /><testcase classname="tests.phase5_hotfix_test" name="test_transport_other_is_not_an_error" time="0.519" /><testcase classname="tests.phase4_test.TestDevLoginAs" name="test_success_and_role" time="0.309" /><testcase classname="tests.phase4_test.TestDevLoginAs" name="test_invalid_role_422" time="0.100" /><testcase classname="tests.phase4_test.TestDevLoginAs" name="test_unknown_trip_404" time="30.131" /><testcase classname="tests.phase5_hotfix_test" name="test_unknown_city_still_reported_as_error" time="0.440" /><testcase classname="tests.phase5_hotfix_v2_test" name="test_second_recompute_is_noop" time="15.656" /><testcase classname="tests.phase5_hotfix_v2_test" name="test_location_change_bumps_only_first_time" time="0.686" /><testcase classname="tests.phase5_hotfix_v2_test" name="test_manual_override_never_marked_changed" time="0.728" /><testcase classname="tests.phase2_test.TestStopsCreate" name="test_create_stop_fields_and_order" time="8.668" /><testcase classname="tests.phase2_test.TestStopsCreate" name="test_create_unauth_401" time="0.152" /><testcase classname="tests.phase2_test.TestStopsDelete" name="test_delete_cascades_attractions" time="0.418" /><testcase classname="tests.phase2_test.TestStopsDelete" name="test_delete_unknown_404" time="0.069" /><testcase classname="tests.phase2_test.TestStopsReorder" name="test_reorder_sets_index" time="0.243" /><testcase classname="tests.phase2_test.TestStopsReorder" name="test_reorder_mismatch_422" time="0.229" /><testcase classname="tests.phase2_test.TestKnownDefects" name="test_reorder_subset_should_be_rejected" time="0.488" /><testcase classname="tests.phase2_test.TestKnownDefects" name="test_trip_delete_cascades_stops_and_attractions" time="0.433" /><testcase classname="tests.phase4_test.TestVersionBumps" name="test_bumps_on_all_mutations" time="4.940" /><testcase classname="tests.phase5_test.TestCancellationAlerts" name="test_requires_auth" time="30.133" /><testcase classname="tests.phase4_test.TestVersionBumps" name="test_member_patch_and_delete_bump" time="0.734" /><testcase classname="tests.phase2_test.TestOpenAPI" name="test_openapi_lists_phase2_routes" time="13.828" /><testcase classname="tests.phase3_test.TestOpenAPIPhase3" name="test_openapi_lists_phase3_paths" time="0.300" /><testcase classname="tests.phase3_test.TestTripCascadePhase3" name="test_delete_trip_cascades_all_six_collections" time="11.873" /><testcase classname="tests.phase4_test.TestOpenAPI" name="test_phase4_paths_present" time="0.258" /><testcase classname="tests.phase5_hotfix_v3_edge_test" name="test_manual_override_on_errored_stop_clears_from_errors" time="0.949" /><testcase classname="tests.phase5_test.TestRecomputeKm" name="test_recompute_roles_and_payload" time="0.955" /><testcase classname="tests.phase5_test.TestCancellationAlerts" name="test_alerts_window_severity_sort" time="0.834" /><testcase classname="tests.phase5_test.TestCancellationAlerts" name="test_alerts_isolation_and_membership" time="0.404" /><testcase classname="tests.phase5_test" name="test_openapi_lists_phase5_routes" time="0.134" /></testsuite></testsuites>