<?xml version="1.0" encoding="utf-8"?><testsuites name="pytest tests"><testsuite name="pytest" errors="0" failures="0" skipped="0" tests="9" time="3.281" timestamp="2026-08-20T13:58:54.389463+00:00" hostname="agent-env-3dbfbce3-8f9a-4fac-901b-45bc191058a5"><testcase classname="tests.orphan_expenses_test" name="test_delete_trip_cascades_expense_without_stop_id" time="0.923" /><testcase classname="tests.orphan_cascade_iter20_test.TestDbIntegrity" name="test_no_orphan_expenses_remain" time="0.071" /><testcase classname="tests.orphan_cascade_iter20_test.TestDbIntegrity" name="test_no_orphans_in_other_child_collections[stops]" time="0.003" /><testcase classname="tests.orphan_cascade_iter20_test.TestDbIntegrity" name="test_no_orphans_in_other_child_collections[hotels]" time="0.002" /><testcase classname="tests.orphan_cascade_iter20_test.TestDbIntegrity" name="test_no_orphans_in_other_child_collections[attractions]" time="0.002" /><testcase classname="tests.orphan_cascade_iter20_test.TestDbIntegrity" name="test_no_orphans_in_other_child_collections[exchange_rates]" time="0.002" /><testcase classname="tests.orphan_cascade_iter20_test.TestDbIntegrity" name="test_no_orphans_in_other_child_collections[trip_members]" time="0.003" /><testcase classname="tests.orphan_expenses_test" name="test_cleanup_script_is_idempotent" time="1.328" /><testcase classname="tests.orphan_cascade_iter20_test.TestFullCascade" name="test_delete_trip_purges_every_child_collection" time="0.649" /></testsuite></testsuites>