<?xml version="1.0" encoding="utf-8"?><testsuites name="pytest tests"><testsuite name="pytest" errors="0" failures="0" skipped="0" tests="42" time="11.815" timestamp="2026-08-20T13:59:06.753731+00:00" hostname="agent-env-3dbfbce3-8f9a-4fac-901b-45bc191058a5"><testcase classname="tests.trip_summary_test" name="test_fresh_trip_summary_defaults" time="0.366" /><testcase classname="tests.sprint_ab_test.TestTripReturnFields" name="test_create_baseline_defaults" time="0.305" /><testcase classname="tests.sprint_ab_test.TestTripReturnFields" name="test_create_has_return_without_home_422" time="0.081" /><testcase classname="tests.trip_summary_test" name="test_total_km_sums_stops" time="1.495" /><testcase classname="tests.sprint_ab_test.TestTripReturnFields" name="test_create_with_both_fields" time="0.232" /><testcase classname="tests.sprint_ab_test.TestTripReturnFields" name="test_patch_home_location_alone" time="0.257" /><testcase classname="tests.sprint_ab_test.TestTripReturnFields" name="test_patch_enable_return_without_home_422" time="0.188" /><testcase classname="tests.sprint_ab_test.TestTripReturnFields" name="test_patch_enable_return_with_home_in_one_call" time="0.230" /><testcase classname="tests.sprint_ab_test.TestTripReturnFields" name="test_patch_editor_forbidden" time="0.485" /><testcase classname="tests.sprint_ab_test.TestTripReturnFields" name="test_list_trips_contains_fields" time="0.235" /><testcase classname="tests.trip_summary_test" name="test_total_cost_with_conversion" time="0.567" /><testcase classname="tests.sprint_ab_test.TestExpenseDate" name="test_default_today_when_in_range" time="0.158" /><testcase classname="tests.sprint_ab_test.TestExpenseDate" name="test_default_trip_start_when_today_outside" time="0.186" /><testcase classname="tests.sprint_ab_test.TestExpenseDate" name="test_create_within_range" time="0.106" /><testcase classname="tests.trip_summary_test" name="test_missing_rate_excluded_and_flagged" time="0.495" /><testcase classname="tests.sprint_ab_test.TestExpenseDate" name="test_create_outside_range_422" time="0.081" /><testcase classname="tests.sprint_ab_test.TestExpenseDate" name="test_patch_expense_date" time="0.512" /><testcase classname="tests.trip_summary_test" name="test_attraction_costs_included" time="0.463" /><testcase classname="tests.sprint_ab_test.TestExpenseDate" name="test_list_sorted_by_date_desc" time="1.454" /><testcase classname="tests.trip_summary_test" name="test_isolation_between_users" time="0.434" /><testcase classname="tests.trip_summary_test" name="test_multiple_trips_all_have_summary" time="0.523" /><testcase classname="tests.trip_summary_test" name="test_get_single_trip_regression" time="0.349" /><testcase classname="tests.trip_map_test.TestRouteGeometryAuth" name="test_401_without_cookie" time="0.375" /><testcase classname="tests.trip_summary_test" name="test_unauthenticated_list_trips" time="0.150" /><testcase classname="tests.sprint_ab_test.TestReturnLeg" name="test_return_leg_present" time="1.446" /><testcase classname="tests.trip_map_test.TestRouteGeometryAuth" name="test_404_for_non_member" time="0.407" /><testcase classname="tests.trip_map_test.TestRouteGeometryAuth" name="test_200_for_owner" time="0.124" /><testcase classname="tests.trip_map_test.TestRouteGeometryAuth" name="test_200_for_editor_and_viewer" time="0.756" /><testcase classname="tests.trip_map_test.TestRouteGeometryAuth" name="test_404_unknown_trip" time="0.102" /><testcase classname="tests.trip_map_test.TestRouteGeometryShape" name="test_zero_stops" time="0.146" /><testcase classname="tests.sprint_ab_test.TestReturnLeg" name="test_return_leg_null_when_no_stops" time="0.207" /><testcase classname="tests.trip_map_test.TestRouteGeometryShape" name="test_one_stop" time="0.253" /><testcase classname="tests.sprint_ab_test.TestReturnLeg" name="test_return_leg_null_when_has_return_false" time="0.550" /><testcase classname="tests.trip_map_test.TestRouteGeometryShape" name="test_ungeocodable_stop_coords_null" time="1.298" /><testcase classname="tests.trip_map_test.TestRouteModes" name="test_car_two_stops" time="1.320" /><testcase classname="tests.sprint_ab_test.TestRegression" name="test_core_endpoints" time="0.927" /><testcase classname="tests.trip_map_test.TestRouteModes" name="test_plane_haversine_no_ors_cache" time="0.378" /><testcase classname="tests.trip_map_test.TestRouteModes" name="test_other_all_null" time="0.375" /><testcase classname="tests.sprint_ab_test.TestRegression" name="test_openapi" time="0.268" /><testcase classname="tests.trip_map_test.TestRouteCache" name="test_cache_write_and_hit" time="2.175" /><testcase classname="tests.trip_map_test.TestRegression" name="test_existing_endpoints" time="1.697" /><testcase classname="tests.trip_map_test.TestRegression" name="test_openapi_contains_route_geometry" time="0.332" /></testsuite></testsuites>