<?xml version="1.0" encoding="utf-8"?><testsuites name="pytest tests"><testsuite name="pytest" errors="0" failures="0" skipped="0" tests="2" time="2.521" timestamp="2026-08-20T13:54:30.724013+00:00" hostname="agent-env-3dbfbce3-8f9a-4fac-901b-45bc191058a5"><testcase classname="tests.orphan_expenses_test" name="test_delete_trip_cascades_expense_without_stop_id" time="0.875" /><testcase classname="tests.orphan_expenses_test" name="test_cleanup_script_is_idempotent" time="1.322" /></testsuite></testsuites>