<?xml version="1.0" encoding="utf-8"?><testsuites name="pytest tests"><testsuite name="pytest" errors="0" failures="0" skipped="0" tests="14" time="6.102" timestamp="2026-08-20T12:39:38.986853+00:00" hostname="agent-env-3dbfbce3-8f9a-4fac-901b-45bc191058a5"><testcase classname="tests.trip_map_test.TestRouteGeometryShape" name="test_zero_stops" time="0.328" /><testcase classname="tests.trip_map_test.TestRouteGeometryAuth" name="test_401_without_cookie" time="0.533" /><testcase classname="tests.trip_map_test.TestRouteGeometryShape" name="test_one_stop" time="0.194" /><testcase classname="tests.trip_map_test.TestRouteGeometryShape" name="test_ungeocodable_stop_coords_null" time="0.794" /><testcase classname="tests.trip_map_test.TestRouteGeometryAuth" name="test_404_for_non_member" time="0.392" /><testcase classname="tests.trip_map_test.TestRouteGeometryAuth" name="test_200_for_owner" time="0.130" /><testcase classname="tests.trip_map_test.TestRouteGeometryAuth" name="test_200_for_editor_and_viewer" time="0.531" /><testcase classname="tests.trip_map_test.TestRouteModes" name="test_car_two_stops" time="1.089" /><testcase classname="tests.trip_map_test.TestRouteGeometryAuth" name="test_404_unknown_trip" time="0.067" /><testcase classname="tests.trip_map_test.TestRegression" name="test_existing_endpoints" time="1.188" /><testcase classname="tests.trip_map_test.TestRouteModes" name="test_plane_haversine_no_ors_cache" time="0.309" /><testcase classname="tests.trip_map_test.TestRouteModes" name="test_other_all_null" time="1.112" /><testcase classname="tests.trip_map_test.TestRegression" name="test_openapi_contains_route_geometry" time="0.175" /><testcase classname="tests.trip_map_test.TestRouteCache" name="test_cache_write_and_hit" time="2.650" /></testsuite></testsuites>