<?xml version="1.0" encoding="utf-8"?><testsuites name="pytest tests"><testsuite name="pytest" errors="0" failures="0" skipped="0" tests="2" time="1.750" timestamp="2026-08-20T13:59:57.953857+00:00" hostname="agent-env-3dbfbce3-8f9a-4fac-901b-45bc191058a5"><testcase classname="tests.orphan_cascade_iter21_test.TestLiveCascadeAllCollections" name="test_full_seed_then_delete_leaves_nothing" time="1.316" /><testcase classname="tests.orphan_cascade_iter21_test.TestLiveCascadeAllCollections" name="test_global_orphan_invariant_after_churn" time="0.007" /></testsuite></testsuites>