<?xml version="1.0" encoding="utf-8"?><testsuites name="pytest tests"><testsuite name="pytest" errors="0" failures="0" skipped="0" tests="42" time="13.894" timestamp="2026-08-20T13:55:50.928090+00:00" hostname="agent-env-3dbfbce3-8f9a-4fac-901b-45bc191058a5"><testcase classname="tests.sprint_ab_test.TestTripReturnFields" name="test_create_baseline_defaults" time="0.226" /><testcase classname="tests.sprint_ab_test.TestTripReturnFields" name="test_create_has_return_without_home_422" time="0.053" /><testcase classname="tests.sprint_ab_test.TestTripReturnFields" name="test_create_with_both_fields" time="0.110" /><testcase classname="tests.trip_summary_test" name="test_fresh_trip_summary_defaults" time="0.542" /><testcase classname="tests.sprint_ab_test.TestTripReturnFields" name="test_patch_home_location_alone" time="0.105" /><testcase classname="tests.sprint_ab_test.TestTripReturnFields" name="test_patch_enable_return_without_home_422" time="0.152" /><testcase classname="tests.trip_summary_test" name="test_total_km_sums_stops" time="1.844" /><testcase classname="tests.sprint_ab_test.TestTripReturnFields" name="test_patch_enable_return_with_home_in_one_call" time="0.122" /><testcase classname="tests.sprint_ab_test.TestTripReturnFields" name="test_patch_editor_forbidden" time="0.270" /><testcase classname="tests.sprint_ab_test.TestTripReturnFields" name="test_list_trips_contains_fields" time="0.109" /><testcase classname="tests.sprint_ab_test.TestExpenseDate" name="test_default_today_when_in_range" time="0.129" /><testcase classname="tests.sprint_ab_test.TestExpenseDate" name="test_default_trip_start_when_today_outside" time="0.157" /><testcase classname="tests.sprint_ab_test.TestExpenseDate" name="test_create_within_range" time="0.063" /><testcase classname="tests.sprint_ab_test.TestExpenseDate" name="test_create_outside_range_422" time="0.240" /><testcase classname="tests.sprint_ab_test.TestExpenseDate" name="test_patch_expense_date" time="0.269" /><testcase classname="tests.sprint_ab_test.TestExpenseDate" name="test_list_sorted_by_date_desc" time="0.908" /><testcase classname="tests.trip_summary_test" name="test_total_cost_with_conversion" time="1.261" /><testcase classname="tests.trip_map_test.TestRouteGeometryAuth" name="test_401_without_cookie" time="0.367" /><testcase classname="tests.trip_map_test.TestRouteGeometryAuth" name="test_404_for_non_member" time="0.383" /><testcase classname="tests.trip_summary_test" name="test_missing_rate_excluded_and_flagged" time="1.109" /><testcase classname="tests.trip_map_test.TestRouteGeometryAuth" name="test_200_for_owner" time="0.173" /><testcase classname="tests.trip_map_test.TestRouteGeometryAuth" name="test_200_for_editor_and_viewer" time="0.742" /><testcase classname="tests.trip_map_test.TestRouteGeometryAuth" name="test_404_unknown_trip" time="0.417" /><testcase classname="tests.trip_summary_test" name="test_attraction_costs_included" time="1.109" /><testcase classname="tests.sprint_ab_test.TestReturnLeg" name="test_return_leg_present" time="1.358" /><testcase classname="tests.trip_summary_test" name="test_isolation_between_users" time="0.742" /><testcase classname="tests.sprint_ab_test.TestReturnLeg" name="test_return_leg_null_when_no_stops" time="0.192" /><testcase classname="tests.sprint_ab_test.TestReturnLeg" name="test_return_leg_null_when_has_return_false" time="0.505" /><testcase classname="tests.trip_summary_test" name="test_multiple_trips_all_have_summary" time="1.096" /><testcase classname="tests.trip_map_test.TestRouteGeometryShape" name="test_zero_stops" time="0.367" /><testcase classname="tests.trip_map_test.TestRouteGeometryShape" name="test_one_stop" time="0.484" /><testcase classname="tests.trip_summary_test" name="test_get_single_trip_regression" time="0.671" /><testcase classname="tests.trip_map_test.TestRouteGeometryShape" name="test_ungeocodable_stop_coords_null" time="0.857" /><testcase classname="tests.trip_summary_test" name="test_unauthenticated_list_trips" time="0.145" /><testcase classname="tests.sprint_ab_test.TestRegression" name="test_core_endpoints" time="0.949" /><testcase classname="tests.trip_map_test.TestRouteModes" name="test_car_two_stops" time="1.183" /><testcase classname="tests.sprint_ab_test.TestRegression" name="test_openapi" time="0.457" /><testcase classname="tests.trip_map_test.TestRouteModes" name="test_plane_haversine_no_ors_cache" time="0.368" /><testcase classname="tests.trip_map_test.TestRegression" name="test_existing_endpoints" time="1.283" /><testcase classname="tests.trip_map_test.TestRouteModes" name="test_other_all_null" time="0.744" /><testcase classname="tests.trip_map_test.TestRegression" name="test_openapi_contains_route_geometry" time="0.214" /><testcase classname="tests.trip_map_test.TestRouteCache" name="test_cache_write_and_hit" time="1.919" /></testsuite></testsuites>