<?xml version="1.0" encoding="utf-8"?><testsuites name="pytest tests"><testsuite name="pytest" errors="0" failures="0" skipped="0" tests="9" time="10.145" timestamp="2026-08-20T11:55:34.082474+00:00" hostname="agent-env-3dbfbce3-8f9a-4fac-901b-45bc191058a5"><testcase classname="tests.trip_summary_test" name="test_fresh_trip_summary_defaults" time="1.320" /><testcase classname="tests.trip_summary_test" name="test_total_km_sums_stops" time="3.036" /><testcase classname="tests.trip_summary_test" name="test_total_cost_with_conversion" time="1.063" /><testcase classname="tests.trip_summary_test" name="test_missing_rate_excluded_and_flagged" time="1.284" /><testcase classname="tests.trip_summary_test" name="test_attraction_costs_included" time="1.614" /><testcase classname="tests.trip_summary_test" name="test_isolation_between_users" time="0.539" /><testcase classname="tests.trip_summary_test" name="test_multiple_trips_all_have_summary" time="0.473" /><testcase classname="tests.trip_summary_test" name="test_get_single_trip_regression" time="0.325" /><testcase classname="tests.trip_summary_test" name="test_unauthenticated_list_trips" time="0.122" /></testsuite></testsuites>