<?xml version="1.0" encoding="utf-8"?><testsuites name="pytest tests"><testsuite name="pytest" errors="0" failures="22" skipped="0" tests="285" time="156.110" timestamp="2026-08-20T14:00:08.662594+00:00" hostname="agent-env-3dbfbce3-8f9a-4fac-901b-45bc191058a5"><testcase classname="tests.phase2_test.TestPhase2Fixes" name="test_delete_trip_cascades_everything" time="1.694" /><testcase classname="tests.phase3_test.TestHotels" name="test_list_role_gating" time="1.342" /><testcase classname="tests.phase3_test.TestHotels" name="test_list_unknown_stop_404" time="0.096" /><testcase classname="tests.phase3_test.TestHotels" name="test_create_defaults_currency_and_fields" time="0.295" /><testcase classname="tests.phase2_test.TestPhase2Fixes" name="test_delete_trip_does_not_touch_other_trips" time="0.857" /><testcase classname="tests.phase3_test.TestHotels" name="test_dates_outside_stop_range_allowed" time="0.231" /><testcase classname="tests.phase3_test.TestHotels" name="test_validations_422[payload0]" time="0.090" /><testcase classname="tests.phase3_test.TestHotels" name="test_validations_422[payload1]" time="0.101" /><testcase classname="tests.phase3_test.TestHotels" name="test_validations_422[payload2]" time="0.140" /><testcase classname="tests.phase3_test.TestHotels" name="test_validations_422[payload3]" time="0.093" /><testcase classname="tests.phase3_test.TestHotels" name="test_validations_422[payload4]" time="0.098" /><testcase classname="tests.phase3_test.TestHotels" name="test_currency_case_insensitive" time="0.216" /><testcase classname="tests.phase2_test.TestPhase2Fixes" name="test_reorder_full_permutation_ok" time="2.685" /><testcase classname="tests.phase3_test.TestHotels" name="test_patch_partial_and_effective_range" time="0.681" /><testcase classname="tests.phase3_test.TestHotels" name="test_patch_unknown_404" time="0.096" /><testcase classname="tests.phase3_test.TestHotels" name="test_patch_bad_link_422" time="0.282" /><testcase classname="tests.phase3_test.TestHotels" name="test_delete_and_404" time="0.308" /><testcase classname="tests.phase3_test.TestHotels" name="test_viewer_cannot_write" time="0.401" /><testcase classname="tests.phase3_test.TestHotels" name="test_multiple_hotels_sorted_by_check_in" time="1.133" /><testcase classname="tests.phase2_test.TestPhase2Fixes" name="test_reorder_subset_rejected_422_and_no_mutation" time="1.799" /><testcase classname="tests.phase2_test.TestOrderNormalization" name="test_cross_stop_partial_move_normalizes_source_and_target" time="1.858" /><testcase classname="tests.phase2_test.TestPhase2Fixes" name="test_reorder_duplicates_rejected_422" time="1.053" /><testcase classname="tests.phase2_test.TestOrderNormalization" name="test_same_stop_reorder_normalizes" time="0.524" /><testcase classname="tests.phase2_test.TestOrderNormalization" name="test_delete_attraction_normalizes" time="0.755" /><testcase classname="tests.phase2_test.TestPhase2Fixes" name="test_reorder_superset_unknown_id_rejected" time="0.943" /><testcase classname="tests.phase2_test.TestOrderNormalization" name="test_delete_stop_normalizes_stop_orders" time="2.304" /><testcase classname="tests.phase2_test.TestPhase2Fixes" name="test_reorder_empty_list_rejected" time="0.345" /><testcase classname="tests.phase2_test.TestPhase2Fixes" name="test_create_attraction_rejects_bad_booking_link[javascript:alert(1)]" time="0.355" /><testcase classname="tests.phase2_test.TestPhase2Fixes" name="test_create_attraction_rejects_bad_booking_link[JavaScript:alert(1)]" time="0.360" /><testcase classname="tests.phase2_test.TestPhase2Fixes" name="test_create_attraction_rejects_bad_booking_link[data:text/html,&lt;script&gt;x&lt;/script&gt;]" time="0.349" /><testcase classname="tests.phase2_test.TestPhase2Fixes" name="test_create_attraction_rejects_bad_booking_link[ftp://example.com/x]" time="0.347" /><testcase classname="tests.phase2_test.TestPhase2Fixes" name="test_create_attraction_rejects_bad_booking_link[//evil.com]" time="0.413" /><testcase classname="tests.phase2_test.TestOrderNormalization" name="test_invalid_reorder_422_no_mutation" time="0.788" /><testcase classname="tests.phase2_test.TestPhase2Fixes" name="test_create_attraction_rejects_bad_booking_link[example.com]" time="0.366" /><testcase classname="tests.phase2_test.TestPhase2Fixes" name="test_create_attraction_accepts_valid_booking_link[https://booking.com/x]" time="0.390" /><testcase classname="tests.phase2_test.TestOrderNormalization" name="test_non_contiguous_new_order_normalized" time="0.542" /><testcase classname="tests.phase2_test.TestPhase2Fixes" name="test_create_attraction_accepts_valid_booking_link[http://example.org/a?b=1]" time="0.358" /><testcase classname="tests.phase2_test.TestPhase2Fixes" name="test_create_attraction_accepts_valid_booking_link[None]" time="0.394" /><testcase classname="tests.phase2_test.TestOrderNormalization" name="test_untouched_stop_not_renumbered" time="1.620" /><testcase classname="tests.phase2_test.TestPhase2Fixes" name="test_create_attraction_accepts_valid_booking_link[]" time="0.326" /><testcase classname="tests.phase2_test.TestPhase2Fixes" name="test_patch_attraction_rejects_bad_booking_link_and_keeps_old" time="0.774" /><testcase classname="tests.phase2_test.TestAttractions" name="test_list_empty" time="0.255" /><testcase classname="tests.phase2_test.TestOrderNormalization" name="test_move_to_position_zero_before_older_item" time="1.405" /><testcase classname="tests.phase2_test.TestAttractions" name="test_create_defaults_currency_and_order" time="0.263" /><testcase classname="tests.phase2_test.TestAttractions" name="test_create_unknown_stop_404" time="0.081" /><testcase classname="tests.phase2_test.TestAttractions" name="test_validations_422[payload0]" time="0.080" /><testcase classname="tests.phase2_test.TestAttractions" name="test_validations_422[payload1]" time="0.108" /><testcase classname="tests.phase2_test.TestAttractions" name="test_validations_422[payload2]" time="0.096" /><testcase classname="tests.phase2_test.TestAttractions" name="test_validations_422[payload3]" time="0.100" /><testcase classname="tests.phase2_test.TestAttractions" name="test_validations_422[payload4]" time="0.084" /><testcase classname="tests.phase2_test.TestAttractions" name="test_patch_attraction" time="0.256" /><testcase classname="tests.phase2_test.TestAttractions" name="test_patch_unknown_404" time="0.074" /><testcase classname="tests.phase2_test.TestAttractions" name="test_delete_attraction" time="0.232" /><testcase classname="tests.phase2_test.TestOrderNormalization" name="test_two_moves_into_stop_with_older_items" time="1.677" /><testcase classname="tests.phase2_test.TestAttractions" name="test_delete_unknown_404" time="0.175" /><testcase classname="tests.phase5_test.TestKmMock" name="test_km_seed_trip" time="1.635"><failure message="AssertionError: [None, 572.0, 249.5]&#10;assert 572.0 == 574.0">E   AssertionError: [None, 572.0, 249.5]
    assert 572.0 == 574.0</failure></testcase><testcase classname="tests.phase2_test.TestOrderNormalization" name="test_move_to_end_lands_last" time="1.431" /><testcase classname="tests.phase5_test.TestKmMock" name="test_stop_response_exposes_km_calc_error_field" time="0.265" /><testcase classname="tests.phase5_test.TestKmMock" name="test_create_stop_response_returns_computed_km" time="1.193"><failure message="AssertionError: stale POST response: 572.0&#10;assert 572.0 == 574.0">E   AssertionError: stale POST response: 572.0
    assert 572.0 == 574.0</failure></testcase><testcase classname="tests.phase2_test.TestOrderNormalization" name="test_three_moves_into_stop_with_older_items" time="1.787" /><testcase classname="tests.phase5_test.TestKmMock" name="test_km_pairs_car[Roma, IT-Napoli, IT-225.0]" time="1.009"><failure message="AssertionError: [{'title': 'TEST_A', 'location': 'Roma, IT', 'start_date': '2026-05-01', 'end_date': '2026-05-02', ...}, {'title': 'TEST_B', 'location': 'Napoli, IT', 'start_date': '2026-05-02', 'end_date': '2026-05-03', ...}]&#10;assert 225.9 == 225.0">E   AssertionError: [{'title': 'TEST_A', 'location': 'Roma, IT', 'start_date': '2026-05-01', 'end_date': '2026-05-02', ...}, {'title': 'TEST_B', 'location': 'Napoli, IT', 'start_date': '2026-05-02', 'end_date': '2026-05-03', ...}]
    assert 225.9 == 225.0</failure></testcase><testcase classname="tests.phase5_test.TestKmMock" name="test_km_pairs_car[London, UK-Paris, FR-460.0]" time="1.137"><failure message="AssertionError: [{'title': 'TEST_A', 'location': 'London, UK', 'start_date': '2026-05-01', 'end_date': '2026-05-02', ...}, {'title': 'TEST_B', 'location': 'Paris, FR', 'start_date': '2026-05-02', 'end_date': '2026-05-03', ...}]&#10;assert 462.0 == 460.0">E   AssertionError: [{'title': 'TEST_A', 'location': 'London, UK', 'start_date': '2026-05-01', 'end_date': '2026-05-02', ...}, {'title': 'TEST_B', 'location': 'Paris, FR', 'start_date': '2026-05-02', 'end_date': '2026-05-03', ...}]
    assert 462.0 == 460.0</failure></testcase><testcase classname="tests.phase2_test.TestOrderNormalization" name="test_inbound_order_beyond_length_lands_at_end" time="1.464" /><testcase classname="tests.phase5_test.TestKmMock" name="test_km_pairs_car[Lisbon, PT-Sintra, PT-30.0]" time="1.148"><failure message="AssertionError: [{'title': 'TEST_A', 'location': 'Lisbon, PT', 'start_date': '2026-05-01', 'end_date': '2026-05-02', ...}, {'title': 'TEST_B', 'location': 'Sintra, PT', 'start_date': '2026-05-02', 'end_date': '2026-05-03', ...}]&#10;assert 27.6 == 30.0">E   AssertionError: [{'title': 'TEST_A', 'location': 'Lisbon, PT', 'start_date': '2026-05-01', 'end_date': '2026-05-02', ...}, {'title': 'TEST_B', 'location': 'Sintra, PT', 'start_date': '2026-05-02', 'end_date': '2026-05-03', ...}]
    assert 27.6 == 30.0</failure></testcase><testcase classname="tests.phase2_test.TestOrderNormalization" name="test_mixed_same_stop_and_cross_stop_moves" time="1.570" /><testcase classname="tests.phase5_test.TestKmMock" name="test_km_unknown_city_error_flag" time="0.945" /><testcase classname="tests.phase5_test.TestKmMock" name="test_km_transport_other_is_null" time="0.454" /><testcase classname="tests.phase2_test.TestOrderNormalization" name="test_depleted_source_stop_contiguous" time="1.740" /><testcase classname="tests.phase5_test.TestKmMock" name="test_km_recalc_on_patch_location_and_mode" time="1.165"><failure message="assert 572.0 == 574.0">E   assert 572.0 == 574.0</failure></testcase><testcase classname="tests.phase5_test.TestKmMock" name="test_km_recalc_on_reorder" time="2.071"><failure message="AssertionError: [None, 572.0, 308.1]&#10;assert [None, 572.0, 308.1] == [None, 574.0, 305.0]&#10;  &#10;  At index 1 diff: 572.0 != 574.0&#10;  Use -v to get more diff">E   AssertionError: [None, 572.0, 308.1]
    assert [None, 572.0, 308.1] == [None, 574.0, 305.0]
      
      At index 1 diff: 572.0 != 574.0
      Use -v to get more diff</failure></testcase><testcase classname="tests.phase2_test.TestOrderNormalization" name="test_no_duplicate_order_tuples_in_trip" time="1.524" /><testcase classname="tests.backend_test.TestAuth" name="test_dev_login_returns_user_cookie_and_token" time="0.263" /><testcase classname="tests.phase5_test.TestKmMock" name="test_manual_override_survives_reorder" time="4.696" /><testcase classname="tests.backend_test.TestAuth" name="test_me_unauthenticated_401" time="0.158" /><testcase classname="tests.backend_test.TestAuth" name="test_me_with_cookie" time="0.349" /><testcase classname="tests.backend_test.TestAuth" name="test_me_with_bearer" time="0.334" /><testcase classname="tests.backend_test.TestAuth" name="test_me_invalid_token_401" time="0.171" /><testcase classname="tests.backend_test.TestAuth" name="test_logout_invalidates_session" time="0.625" /><testcase classname="tests.backend_test.TestAuth" name="test_dev_login_upsert_same_user" time="1.343" /><testcase classname="tests.backend_test.TestAuth" name="test_dev_login_invalid_email_422" time="0.195" /><testcase classname="tests.backend_test.TestAuth" name="test_google_login_redirect" time="0.303" /><testcase classname="tests.backend_test.TestAuth" name="test_google_login_missing_redirect_400" time="0.443" /><testcase classname="tests.backend_test.TestTrips" name="test_trips_require_auth" time="0.390" /><testcase classname="tests.phase3_test.TestExpenses" name="test_list_gating" time="1.801" /><testcase classname="tests.backend_test.TestTrips" name="test_create_trip_and_persistence" time="0.396" /><testcase classname="tests.backend_test.TestTrips" name="test_create_trip_end_before_start_422" time="0.120" /><testcase classname="tests.backend_test.TestTrips" name="test_create_trip_bad_currency_422" time="0.092" /><testcase classname="tests.backend_test.TestTrips" name="test_create_trip_empty_title_422" time="0.078" /><testcase classname="tests.backend_test.TestTrips" name="test_list_trips_ordering_desc" time="0.287" /><testcase classname="tests.phase3_test.TestExpenses" name="test_create_defaults" time="0.441" /><testcase classname="tests.backend_test.TestTrips" name="test_isolation_bob_cannot_see_alice_trips" time="0.645" /><testcase classname="tests.phase3_test.TestExpenses" name="test_create_with_stop_and_filter" time="0.626" /><testcase classname="tests.backend_test.TestTrips" name="test_get_nonexistent_trip_404" time="0.084" /><testcase classname="tests.backend_test.TestTrips" name="test_delete_trip_cascade" time="0.355" /><testcase classname="tests.phase3_test.TestExpenses" name="test_create_unknown_stop_422" time="0.136" /><testcase classname="tests.backend_test.TestTrips" name="test_no_patch_route" time="1.185" /><testcase classname="tests.phase3_test.TestExpenses" name="test_validations_422[payload0]" time="0.132" /><testcase classname="tests.phase3_test.TestExpenses" name="test_validations_422[payload1]" time="0.120" /><testcase classname="tests.phase3_test.TestExpenses" name="test_validations_422[payload2]" time="0.090" /><testcase classname="tests.phase3_test.TestExpenses" name="test_patch_and_delete" time="0.700" /><testcase classname="tests.phase3_test.TestExpenses" name="test_viewer_cannot_write" time="0.626" /><testcase classname="tests.trip_summary_test" name="test_fresh_trip_summary_defaults" time="0.793" /><testcase classname="tests.phase3_test.TestExchangeRates" name="test_get_gating" time="1.531" /><testcase classname="tests.trip_summary_test" name="test_total_km_sums_stops" time="1.833" /><testcase classname="tests.phase3_test.TestExchangeRates" name="test_put_owner_only" time="0.274" /><testcase classname="tests.phase3_test.TestExchangeRates" name="test_put_upsert_same_row" time="0.367" /><testcase classname="tests.phase3_test.TestExchangeRates" name="test_put_validations_422[body0]" time="0.092" /><testcase classname="tests.phase3_test.TestExchangeRates" name="test_put_validations_422[body1]" time="0.098" /><testcase classname="tests.phase3_test.TestExchangeRates" name="test_put_validations_422[body2]" time="0.119" /><testcase classname="tests.phase3_test.TestExchangeRates" name="test_put_validations_422[body3]" time="0.090" /><testcase classname="tests.phase3_test.TestExchangeRates" name="test_put_validations_422[body4]" time="0.079" /><testcase classname="tests.phase3_test.TestExchangeRates" name="test_delete_owner_only" time="0.562" /><testcase classname="tests.trip_summary_test" name="test_total_cost_with_conversion" time="0.759" /><testcase classname="tests.trip_summary_test" name="test_missing_rate_excluded_and_flagged" time="0.664" /><testcase classname="tests.phase2_test.TestViewerPermissions" name="test_viewer_can_read" time="1.283" /><testcase classname="tests.phase2_test.TestViewerPermissions" name="test_viewer_cannot_create_stop" time="0.093" /><testcase classname="tests.trip_summary_test" name="test_attraction_costs_included" time="0.644" /><testcase classname="tests.phase2_test.TestViewerPermissions" name="test_viewer_cannot_patch_stop" time="0.140" /><testcase classname="tests.phase2_test.TestViewerPermissions" name="test_viewer_cannot_delete_stop" time="0.101" /><testcase classname="tests.phase2_test.TestViewerPermissions" name="test_viewer_cannot_reorder_stops" time="0.133" /><testcase classname="tests.phase2_test.TestViewerPermissions" name="test_viewer_cannot_create_attraction" time="0.084" /><testcase classname="tests.phase2_test.TestViewerPermissions" name="test_viewer_cannot_patch_or_delete_attraction" time="0.224" /><testcase classname="tests.phase2_test.TestViewerPermissions" name="test_viewer_cannot_reorder_attractions" time="0.583" /><testcase classname="tests.trip_summary_test" name="test_isolation_between_users" time="0.631" /><testcase classname="tests.trip_summary_test" name="test_multiple_trips_all_have_summary" time="0.999" /><testcase classname="tests.phase5_test.TestTripPatch" name="test_patch_title_and_dates" time="0.586" /><testcase classname="tests.phase5_test.TestTripPatch" name="test_patch_home_currency_ignored" time="0.299" /><testcase classname="tests.phase5_test.TestTripPatch" name="test_patch_bumps_version" time="0.408" /><testcase classname="tests.trip_summary_test" name="test_get_single_trip_regression" time="0.852" /><testcase classname="tests.phase5_test.TestTripPatch" name="test_patch_end_before_start_422" time="0.182" /><testcase classname="tests.phase5_test.TestTripPatch" name="test_patch_stops_out_of_range_422" time="0.413" /><testcase classname="tests.trip_summary_test" name="test_unauthenticated_list_trips" time="0.145" /><testcase classname="tests.phase5_test.TestTripPatch" name="test_patch_role_permissions" time="0.661" /><testcase classname="tests.sprint_ab_test.TestTripReturnFields" name="test_create_baseline_defaults" time="0.430" /><testcase classname="tests.sprint_ab_test.TestTripReturnFields" name="test_create_has_return_without_home_422" time="0.266" /><testcase classname="tests.phase5_test.TestTripPatch" name="test_patch_unauthenticated_401" time="0.301" /><testcase classname="tests.sprint_ab_test.TestTripReturnFields" name="test_create_with_both_fields" time="0.829" /><testcase classname="tests.phase5_test.TestTripPatch" name="test_patch_unknown_trip_404" time="0.117" /><testcase classname="tests.phase2_test.TestStopsValidation" name="test_end_before_start_422" time="0.357" /><testcase classname="tests.phase2_test.TestStopsValidation" name="test_dates_outside_trip_range_422" time="0.164" /><testcase classname="tests.sprint_ab_test.TestTripReturnFields" name="test_patch_home_location_alone" time="0.732" /><testcase classname="tests.phase2_test.TestStopsValidation" name="test_end_after_trip_end_422" time="0.124" /><testcase classname="tests.phase2_test.TestStopsValidation" name="test_invalid_transport_mode_422" time="0.126" /><testcase classname="tests.phase2_test.TestStopsValidation" name="test_negative_km_422" time="0.091" /><testcase classname="tests.phase2_test.TestStopsValidation" name="test_bad_time_422" time="0.097" /><testcase classname="tests.phase2_test.TestStopsValidation" name="test_empty_title_422" time="0.174" /><testcase classname="tests.sprint_ab_test.TestTripReturnFields" name="test_patch_enable_return_without_home_422" time="0.554" /><testcase classname="tests.phase5_hotfix_v3_test" name="test_three_consecutive_recomputes_are_noop" time="2.546"><failure message="assert 572.0 == 574.0">E   assert 572.0 == 574.0</failure></testcase><testcase classname="tests.sprint_ab_test.TestTripReturnFields" name="test_patch_enable_return_with_home_in_one_call" time="0.335" /><testcase classname="tests.sprint_ab_test.TestTripReturnFields" name="test_patch_editor_forbidden" time="0.399" /><testcase classname="tests.sprint_ab_test.TestTripReturnFields" name="test_list_trips_contains_fields" time="0.990" /><testcase classname="tests.orphan_cascade_iter20_test.TestDbIntegrity" name="test_no_orphan_expenses_remain" time="0.004" /><testcase classname="tests.orphan_cascade_iter20_test.TestDbIntegrity" name="test_no_orphans_in_other_child_collections[stops]" time="0.002" /><testcase classname="tests.orphan_cascade_iter20_test.TestDbIntegrity" name="test_no_orphans_in_other_child_collections[hotels]" time="0.002" /><testcase classname="tests.orphan_cascade_iter20_test.TestDbIntegrity" name="test_no_orphans_in_other_child_collections[attractions]" time="0.002" /><testcase classname="tests.orphan_cascade_iter20_test.TestDbIntegrity" name="test_no_orphans_in_other_child_collections[exchange_rates]" time="0.002" /><testcase classname="tests.orphan_cascade_iter20_test.TestDbIntegrity" name="test_no_orphans_in_other_child_collections[trip_members]" time="0.003" /><testcase classname="tests.phase5_hotfix_v3_test" name="test_stale_mongo_state_is_repaired_and_bumps_version_once" time="2.883"><failure message="AssertionError: {'updated_count': 0, 'errors': ['stop_1176a91db16546c5']}&#10;assert 0 &gt;= 1">E   AssertionError: {'updated_count': 0, 'errors': ['stop_1176a91db16546c5']}
    assert 0 &gt;= 1</failure></testcase><testcase classname="tests.phase2_test.TestAttractionsReorder" name="test_same_stop_reorder" time="1.998" /><testcase classname="tests.phase2_test.TestAttractionsReorder" name="test_cross_stop_move" time="0.458" /><testcase classname="tests.phase2_test.TestAttractionsReorder" name="test_invalid_attraction_id_atomic_rollback" time="0.130" /><testcase classname="tests.phase2_test.TestAttractionsReorder" name="test_invalid_target_stop_atomic_rollback" time="0.102" /><testcase classname="tests.phase2_test.TestAttractionsReorder" name="test_negative_order_422" time="0.516" /><testcase classname="tests.phase2_test.TestAttractionsReorder" name="test_empty_moves_422" time="0.274" /><testcase classname="tests.phase5_hotfix_v3_test" name="test_stale_wrong_value_is_overwritten" time="3.424"><failure message="assert None == 225.0">E   assert None == 225.0</failure></testcase><testcase classname="tests.phase4_test.TestInvites" name="test_invite_lifecycle" time="1.952" /><testcase classname="tests.phase4_test.TestInvites" name="test_invite_self_400" time="0.230" /><testcase classname="tests.phase4_test.TestInvites" name="test_invite_bad_role_422" time="0.096" /><testcase classname="tests.phase4_test.TestInvites" name="test_unknown_token_404" time="0.208" /><testcase classname="tests.phase4_test.TestInvites" name="test_decline" time="1.216" /><testcase classname="tests.phase5_hotfix_v3_test" name="test_manual_override_stays_and_never_changes" time="1.884" /><testcase classname="tests.phase4_test.TestInvites" name="test_status_not_pending_410_on_get" time="0.978" /><testcase classname="tests.phase4_test.TestSplitAndDebts" name="test_split_non_member_422" time="0.635" /><testcase classname="tests.phase4_test.TestSplitAndDebts" name="test_paid_by_non_member_422" time="0.086" /><testcase classname="tests.phase5_hotfix_v3_test" name="test_transport_other_never_error_never_changed" time="1.371" /><testcase classname="tests.phase4_test.TestSplitAndDebts" name="test_patch_split_non_member_422" time="0.239" /><testcase classname="tests.phase4_test.TestSplitAndDebts" name="test_debts_scenario" time="0.634" /><testcase classname="tests.phase4_test.TestSplitAndDebts" name="test_debts_missing_rate" time="0.466" /><testcase classname="tests.phase5_hotfix_v3_test" name="test_unknown_city_error_is_sticky_without_version_bump" time="5.689"><failure message="AssertionError: {'updated_count': 0, 'errors': ['stop_d5a5183cc1d84c41']}&#10;assert 0 == 1">E   AssertionError: {'updated_count': 0, 'errors': ['stop_d5a5183cc1d84c41']}
    assert 0 == 1</failure></testcase><testcase classname="tests.phase4_test.TestSplitAndDebts" name="test_debts_non_member_404" time="0.346" /><testcase classname="tests.phase5b_test.TestPhase5Fixes" name="test_seed_and_create_response_km" time="1.024"><failure message="AssertionError: {'title': 'TEST_Milano', 'location': 'Milano, IT', 'start_date': '2030-06-01', 'end_date': '2030-06-01', ...}&#10;assert None == 574.0">E   AssertionError: {'title': 'TEST_Milano', 'location': 'Milano, IT', 'start_date': '2030-06-01', 'end_date': '2030-06-01', ...}
    assert None == 574.0</failure></testcase><testcase classname="tests.phase5b_test.TestPhase5Fixes" name="test_summary_total_km" time="0.095"><failure message="AssertionError: {'total_km': None, 'total_cost_home_currency': 0.0, 'home_currency': 'EUR', 'breakdown': {'hotels': 0.0, 'attractions': 0.0, 'expenses': 0.0}, ...}&#10;assert False&#10; +  where False = isinstance(None, (&lt;class 'int'&gt;, &lt;class 'float'&gt;))">E   AssertionError: {'total_km': None, 'total_cost_home_currency': 0.0, 'home_currency': 'EUR', 'breakdown': {'hotels': 0.0, 'attractions': 0.0, 'expenses': 0.0}, ...}
    assert False
     +  where False = isinstance(None, (&lt;class 'int'&gt;, &lt;class 'float'&gt;))</failure></testcase><testcase classname="tests.phase5b_test.TestPhase5Fixes" name="test_km_calc_error_unknown_city" time="0.849"><failure message="TypeError: unsupported operand type(s) for -: 'NoneType' and 'float'">E   TypeError: unsupported operand type(s) for -: 'NoneType' and 'float'</failure></testcase><testcase classname="tests.phase5b_test.TestPhase5Fixes" name="test_patch_location_response_has_fresh_km" time="1.330"><failure message="AssertionError: {&quot;title&quot;:&quot;TEST_Milano&quot;,&quot;location&quot;:&quot;Napoli, IT&quot;,&quot;start_date&quot;:&quot;2030-06-01&quot;,&quot;end_date&quot;:&quot;2030-06-01&quot;,&quot;transport_mode&quot;:&quot;car&quot;,&quot;departure_time&quot;:null,&quot;arrival_time&quot;:null,&quot;km_from_prev&quot;:null,&quot;km_manual_override&quot;:false,&quot;km_calc_error&quot;:true,&quot;notes&quot;:null,&quot;stop_id&quot;:&quot;stop_41147492ef554e5f&quot;,&quot;trip_id&quot;:&quot;trip_ccca555b358143ed&quot;,&quot;order&quot;:1,&quot;created_at&quot;:&quot;2026-08-20T14:01:07.548592Z&quot;,&quot;updated_at&quot;:&quot;2026-08-20T14:01:09.295910Z&quot;}&#10;assert None == 225.0">E   AssertionError: {"title":"TEST_Milano","location":"Napoli, IT","start_date":"2030-06-01","end_date":"2030-06-01","transport_mode":"car","departure_time":null,"arrival_time":null,"km_from_prev":null,"km_manual_override":false,"km_calc_error":true,"notes":null,"stop_id":"stop_41147492ef554e5f","trip_id":"trip_ccca555b358143ed","order":1,"created_at":"2026-08-20T14:01:07.548592Z","updated_at":"2026-08-20T14:01:09.295910Z"}
    assert None == 225.0</failure></testcase><testcase classname="tests.phase5b_test.TestPhase5Fixes" name="test_summary_total_km_none_when_no_km" time="0.341" /><testcase classname="tests.phase5b_test.TestPhase5Fixes" name="test_manual_override_counted_in_total" time="0.284"><failure message="AssertionError: {'total_km': 100.0, 'total_cost_home_currency': 0.0, 'home_currency': 'EUR', 'breakdown': {'hotels': 0.0, 'attractions': 0.0, 'expenses': 0.0}, ...}&#10;assert 823.5 &lt; 0.05&#10; +  where 823.5 = abs((100.0 - 923.5))">E   AssertionError: {'total_km': 100.0, 'total_cost_home_currency': 0.0, 'home_currency': 'EUR', 'breakdown': {'hotels': 0.0, 'attractions': 0.0, 'expenses': 0.0}, ...}
    assert 823.5 &lt; 0.05
     +  where 823.5 = abs((100.0 - 923.5))</failure></testcase><testcase classname="tests.sprint_ab_test.TestExpenseDate" name="test_default_today_when_in_range" time="0.528" /><testcase classname="tests.sprint_ab_test.TestExpenseDate" name="test_default_trip_start_when_today_outside" time="0.239" /><testcase classname="tests.sprint_ab_test.TestExpenseDate" name="test_create_within_range" time="0.109" /><testcase classname="tests.sprint_ab_test.TestExpenseDate" name="test_create_outside_range_422" time="0.100" /><testcase classname="tests.sprint_ab_test.TestExpenseDate" name="test_patch_expense_date" time="0.453" /><testcase classname="tests.phase5_hotfix_v3_test" name="test_reorder_recompute_then_explicit_noop" time="3.025"><failure message="assert None == 225.0">E   assert None == 225.0</failure></testcase><testcase classname="tests.sprint_ab_test.TestExpenseDate" name="test_list_sorted_by_date_desc" time="1.018" /><testcase classname="tests.phase3_test.TestSummary" name="test_gating" time="1.544" /><testcase classname="tests.phase3_test.TestSummary" name="test_a_missing_rate_excludes_and_reports" time="0.085" /><testcase classname="tests.phase3_test.TestSummary" name="test_b_with_rate_total_and_recompute" time="0.456" /><testcase classname="tests.phase5_hotfix_extra_test" name="test_no_version_bump_when_zero_stops" time="0.719" /><testcase classname="tests.phase3_test.TestSummary" name="test_c_rate_is_unidirectional" time="0.640" /><testcase classname="tests.phase5_hotfix_extra_test" name="test_version_bump_sets_last_updated_by_and_at" time="2.974"><failure message="AssertionError: {'updated_count': 0, 'errors': ['stop_b52aac1c5f4941be']}&#10;assert 0 == 1">E   AssertionError: {'updated_count': 0, 'errors': ['stop_b52aac1c5f4941be']}
    assert 0 == 1</failure></testcase><testcase classname="tests.phase3_test.TestSummary" name="test_d_empty_trip_summary" time="0.400" /><testcase classname="tests.trip_map_test.TestRouteGeometryAuth" name="test_401_without_cookie" time="0.417" /><testcase classname="tests.trip_map_test.TestRouteGeometryAuth" name="test_404_for_non_member" time="0.418" /><testcase classname="tests.trip_map_test.TestRouteGeometryAuth" name="test_200_for_owner" time="0.197" /><testcase classname="tests.trip_map_test.TestRouteGeometryAuth" name="test_200_for_editor_and_viewer" time="0.737" /><testcase classname="tests.trip_map_test.TestRouteGeometryAuth" name="test_404_unknown_trip" time="0.438" /><testcase classname="tests.phase5_hotfix_extra_test" name="test_repeated_recompute_never_bumps" time="3.574" /><testcase classname="tests.phase4_test.TestVersion" name="test_version_owner" time="0.421" /><testcase classname="tests.phase4_test.TestVersion" name="test_version_viewer_ok" time="0.250" /><testcase classname="tests.phase4_test.TestVersion" name="test_version_non_member_404" time="0.291" /><testcase classname="tests.phase4_test.TestVersion" name="test_version_unauth_401" time="0.153" /><testcase classname="tests.phase4_test.TestMemberMgmt" name="test_patch_owner_role_400" time="0.383" /><testcase classname="tests.phase4_test.TestMemberMgmt" name="test_patch_unknown_member_404" time="0.159" /><testcase classname="tests.phase4_test.TestMemberMgmt" name="test_non_owner_cannot_remove_other" time="0.848" /><testcase classname="tests.phase4_test.TestMemberMgmt" name="test_non_owner_cannot_patch_member" time="0.655" /><testcase classname="tests.phase5_hotfix_extra_test" name="test_other_counted_in_updated_count_and_km_totals" time="0.801" /><testcase classname="tests.phase4_test.TestRolePermissions" name="test_editor_crud_allowed" time="2.474" /><testcase classname="tests.phase5_hotfix_extra_test" name="test_mixed_trip_only_real_errors_reported" time="3.305"><failure message="AssertionError: {'updated_count': 0, 'errors': ['stop_78eb8a7aac194a91', 'stop_016661b02aa6491a']}&#10;assert 'stop_78eb8a7aac194a91' not in ['stop_78eb8a7aac194a91', 'stop_016661b02aa6491a']">E   AssertionError: {'updated_count': 0, 'errors': ['stop_78eb8a7aac194a91', 'stop_016661b02aa6491a']}
    assert 'stop_78eb8a7aac194a91' not in ['stop_78eb8a7aac194a91', 'stop_016661b02aa6491a']</failure></testcase><testcase classname="tests.phase4_test.TestRolePermissions" name="test_editor_denied_owner_actions" time="0.393" /><testcase classname="tests.phase4_test.TestRolePermissions" name="test_viewer_reads_ok" time="1.135" /><testcase classname="tests.phase4_test.TestRolePermissions" name="test_viewer_denied_all_mutations" time="0.935" /><testcase classname="tests.phase5_hotfix_extra_test" name="test_other_transport_survives_change_to_car" time="1.758" /><testcase classname="tests.phase2_test.TestStopsAccess" name="test_list_empty_initially" time="0.538" /><testcase classname="tests.phase2_test.TestStopsAccess" name="test_list_unauth_401" time="0.405" /><testcase classname="tests.phase2_test.TestStopsAccess" name="test_list_non_member_404" time="0.211" /><testcase classname="tests.phase2_test.TestStopsPatch" name="test_partial_update_persists" time="0.257" /><testcase classname="tests.backend_test.TestHealth" name="test_health" time="0.129" /><testcase classname="tests.backend_test.TestHealth" name="test_openapi" time="0.215" /><testcase classname="tests.phase2_test.TestStopsPatch" name="test_start_only_update_range_validated" time="0.961" /><testcase classname="tests.backend_test.TestHealth" name="test_root" time="0.318" /><testcase classname="tests.phase4_test.TestLeave" name="test_non_owner_leave" time="0.691" /><testcase classname="tests.phase2_test.TestStopsPatch" name="test_patch_unknown_stop_404" time="0.160" /><testcase classname="tests.phase4_test.TestLeave" name="test_owner_leave_promotes_first_editor" time="1.048" /><testcase classname="tests.phase4_test.TestPresence" name="test_presence_post_get" time="0.866" /><testcase classname="tests.phase4_test.TestPresence" name="test_presence_stale_excluded" time="0.407" /><testcase classname="tests.phase4_test.TestLeave" name="test_owner_leave_no_editors_deletes_trip" time="1.103" /><testcase classname="tests.phase4_test.TestPresence" name="test_presence_non_member_404" time="0.473" /><testcase classname="tests.phase5_hotfix_test" name="test_recompute_km_bumps_version_when_updates" time="2.141"><failure message="AssertionError: {'updated_count': 1, 'errors': ['stop_48f5f1d3f056429d']}&#10;assert 1 == 0">E   AssertionError: {'updated_count': 1, 'errors': ['stop_48f5f1d3f056429d']}
    assert 1 == 0</failure></testcase><testcase classname="tests.phase4_test.TestDevLoginAs" name="test_success_and_role" time="0.406" /><testcase classname="tests.phase4_test.TestDevLoginAs" name="test_invalid_role_422" time="0.158" /><testcase classname="tests.phase4_test.TestDevLoginAs" name="test_unknown_trip_404" time="0.128" /><testcase classname="tests.phase5_hotfix_v2_test" name="test_second_recompute_is_noop" time="4.004" /><testcase classname="tests.phase5_hotfix_test" name="test_transport_other_is_not_an_error" time="0.681" /><testcase classname="tests.phase5_hotfix_test" name="test_unknown_city_still_reported_as_error" time="1.937" /><testcase classname="tests.phase5_test.TestCancellationAlerts" name="test_requires_auth" time="0.210" /><testcase classname="tests.phase5_hotfix_v2_test" name="test_location_change_bumps_only_first_time" time="21.246"><failure message="httpx.RemoteProtocolError: Server disconnected without sending a response.">E   httpcore.RemoteProtocolError: Server disconnected without sending a response.

The above exception was the direct cause of the following exception:
E   httpx.RemoteProtocolError: Server disconnected without sending a response.</failure></testcase><testcase classname="tests.phase5_test.TestCancellationAlerts" name="test_alerts_window_severity_sort" time="1.142" /><testcase classname="tests.phase5_test.TestCancellationAlerts" name="test_alerts_isolation_and_membership" time="0.512" /><testcase classname="tests.sprint_ab_test.TestReturnLeg" name="test_return_leg_present" time="5.565" /><testcase classname="tests.sprint_ab_test.TestReturnLeg" name="test_return_leg_null_when_no_stops" time="0.171" /><testcase classname="tests.sprint_ab_test.TestReturnLeg" name="test_return_leg_null_when_has_return_false" time="0.469" /><testcase classname="tests.trip_map_test.TestRouteModes" name="test_car_two_stops" time="5.585" /><testcase classname="tests.trip_map_test.TestRouteModes" name="test_plane_haversine_no_ors_cache" time="0.278" /><testcase classname="tests.trip_map_test.TestRouteModes" name="test_other_all_null" time="0.512" /><testcase classname="tests.orphan_cascade_iter21_test.TestLiveCascadeAllCollections" name="test_full_seed_then_delete_leaves_nothing" time="1.153" /><testcase classname="tests.orphan_cascade_iter21_test.TestLiveCascadeAllCollections" name="test_global_orphan_invariant_after_churn" time="0.006" /><testcase classname="tests.orphan_expenses_test" name="test_delete_trip_cascades_expense_without_stop_id" time="0.947" /><testcase classname="tests.orphan_expenses_test" name="test_cleanup_script_is_idempotent" time="1.340" /><testcase classname="tests.phase2_test.TestStopsCreate" name="test_create_stop_fields_and_order" time="5.500"><failure message="requests.exceptions.ConnectionError: ('Connection aborted.', RemoteDisconnected('Remote end closed connection without response'))">E   http.client.RemoteDisconnected: Remote end closed connection without response

During handling of the above exception, another exception occurred:
E   urllib3.exceptions.ProtocolError: ('Connection aborted.', RemoteDisconnected('Remote end closed connection without response'))

During handling of the above exception, another exception occurred:
E   requests.exceptions.ConnectionError: ('Connection aborted.', RemoteDisconnected('Remote end closed connection without response'))</failure></testcase><testcase classname="tests.phase5_hotfix_v2_test" name="test_manual_override_never_marked_changed" time="5.990" /><testcase classname="tests.phase2_test.TestStopsCreate" name="test_create_unauth_401" time="0.257" /><testcase classname="tests.phase2_test.TestStopsDelete" name="test_delete_cascades_attractions" time="10.485" /><testcase classname="tests.trip_map_test.TestRouteGeometryShape" name="test_zero_stops" time="0.367" /><testcase classname="tests.trip_map_test.TestRouteGeometryShape" name="test_one_stop" time="0.209" /><testcase classname="tests.trip_map_test.TestRouteGeometryShape" name="test_ungeocodable_stop_coords_null" time="5.434" /><testcase classname="tests.phase2_test.TestKnownDefects" name="test_reorder_subset_should_be_rejected" time="6.320" /><testcase classname="tests.phase2_test.TestStopsDelete" name="test_delete_unknown_404" time="0.097" /><testcase classname="tests.phase2_test.TestStopsReorder" name="test_reorder_sets_index" time="5.295" /><testcase classname="tests.phase2_test.TestStopsReorder" name="test_reorder_mismatch_422" time="0.559" /><testcase classname="tests.phase2_test.TestKnownDefects" name="test_trip_delete_cascades_stops_and_attractions" time="0.396" /><testcase classname="tests.sprint_ab_test.TestRegression" name="test_core_endpoints" time="1.146" /><testcase classname="tests.phase4_test.TestVersionBumps" name="test_bumps_on_all_mutations" time="3.823" /><testcase classname="tests.sprint_ab_test.TestRegression" name="test_openapi" time="0.242" /><testcase classname="tests.trip_map_test.TestRegression" name="test_existing_endpoints" time="1.225" /><testcase classname="tests.trip_map_test.TestRegression" name="test_openapi_contains_route_geometry" time="19.750" /><testcase classname="tests.phase4_test.TestVersionBumps" name="test_member_patch_and_delete_bump" time="7.978" /><testcase classname="tests.orphan_cascade_iter20_test.TestFullCascade" name="test_delete_trip_purges_every_child_collection" time="0.955" /><testcase classname="tests.phase3_test.TestTripCascadePhase3" name="test_delete_trip_cascades_all_six_collections" time="0.683" /><testcase classname="tests.phase4_test.TestOpenAPI" name="test_phase4_paths_present" time="0.131" /><testcase classname="tests.phase5_hotfix_v3_edge_test" name="test_manual_override_on_errored_stop_clears_from_errors" time="1.593" /><testcase classname="tests.phase5_hotfix_v4_test" name="test_override_off_restores_error_state" time="2.454" /><testcase classname="tests.phase5_test.TestRecomputeKm" name="test_recompute_roles_and_payload" time="8.516" /><testcase classname="tests.phase2_test.TestOpenAPI" name="test_openapi_lists_phase2_routes" time="0.460" /><testcase classname="tests.phase3_test.TestOpenAPIPhase3" name="test_openapi_lists_phase3_paths" time="0.163" /><testcase classname="tests.phase5_test" name="test_openapi_lists_phase5_routes" time="0.144" /><testcase classname="tests.trip_map_test.TestRouteCache" name="test_cache_write_and_hit" time="1.903" /></testsuite></testsuites>