<?xml version="1.0" encoding="utf-8"?><testsuites name="pytest tests"><testsuite name="pytest" errors="0" failures="2" skipped="0" tests="36" time="31.438" timestamp="2026-08-20T10:04:03.264553+00:00" hostname="agent-env-3dbfbce3-8f9a-4fac-901b-45bc191058a5"><testcase classname="tests.phase4_test.TestInvites" name="test_invite_lifecycle" time="2.113" /><testcase classname="tests.phase4_test.TestSplitAndDebts" name="test_split_non_member_422" time="1.003" /><testcase classname="tests.phase4_test.TestSplitAndDebts" name="test_paid_by_non_member_422" time="0.109" /><testcase classname="tests.phase4_test.TestSplitAndDebts" name="test_patch_split_non_member_422" time="0.243" /><testcase classname="tests.phase4_test.TestSplitAndDebts" name="test_debts_scenario" time="0.132"><failure message="AssertionError: {'user_2a537ac579354c24': 0.0, 'user_9db3ad6b978e49e8': 0.0}&#10;assert (0.0 == 50.0)">E   AssertionError: {'user_2a537ac579354c24': 0.0, 'user_9db3ad6b978e49e8': 0.0}
    assert (0.0 == 50.0)</failure></testcase><testcase classname="tests.phase4_test.TestSplitAndDebts" name="test_debts_missing_rate" time="0.135"><failure message="AssertionError: assert [{'from_user_...mount': 50.0}] == []&#10;  &#10;  Left contains one more item: {'from_user_id': 'user_2a537ac579354c24', 'to_user_id': 'user_9db3ad6b978e49e8', 'amount': 50.0}&#10;  Use -v to get more diff">E   AssertionError: assert [{'from_user_...mount': 50.0}] == []
      
      Left contains one more item: {'from_user_id': 'user_2a537ac579354c24', 'to_user_id': 'user_9db3ad6b978e49e8', 'amount': 50.0}
      Use -v to get more diff</failure></testcase><testcase classname="tests.phase4_test.TestSplitAndDebts" name="test_debts_non_member_404" time="0.234" /><testcase classname="tests.phase4_test.TestVersion" name="test_version_owner" time="0.308" /><testcase classname="tests.phase4_test.TestVersion" name="test_version_viewer_ok" time="0.229" /><testcase classname="tests.phase4_test.TestInvites" name="test_invite_self_400" time="0.148" /><testcase classname="tests.phase4_test.TestInvites" name="test_invite_bad_role_422" time="0.072" /><testcase classname="tests.phase4_test.TestInvites" name="test_unknown_token_404" time="0.101" /><testcase classname="tests.phase4_test.TestVersion" name="test_version_non_member_404" time="0.231" /><testcase classname="tests.phase4_test.TestInvites" name="test_decline" time="0.811" /><testcase classname="tests.phase4_test.TestVersion" name="test_version_unauth_401" time="0.115" /><testcase classname="tests.phase4_test.TestMemberMgmt" name="test_patch_owner_role_400" time="0.211" /><testcase classname="tests.phase4_test.TestMemberMgmt" name="test_patch_unknown_member_404" time="0.070" /><testcase classname="tests.phase4_test.TestMemberMgmt" name="test_non_owner_cannot_remove_other" time="0.671" /><testcase classname="tests.phase4_test.TestInvites" name="test_status_not_pending_410_on_get" time="0.722" /><testcase classname="tests.phase4_test.TestMemberMgmt" name="test_non_owner_cannot_patch_member" time="0.496" /><testcase classname="tests.phase4_test.TestLeave" name="test_non_owner_leave" time="0.488" /><testcase classname="tests.phase4_test.TestRolePermissions" name="test_editor_crud_allowed" time="1.652" /><testcase classname="tests.phase4_test.TestLeave" name="test_owner_leave_promotes_first_editor" time="0.649" /><testcase classname="tests.phase4_test.TestLeave" name="test_owner_leave_no_editors_deletes_trip" time="1.142" /><testcase classname="tests.phase4_test.TestRolePermissions" name="test_editor_denied_owner_actions" time="0.346" /><testcase classname="tests.phase4_test.TestRolePermissions" name="test_viewer_reads_ok" time="0.629" /><testcase classname="tests.phase4_test.TestPresence" name="test_presence_post_get" time="0.677" /><testcase classname="tests.phase4_test.TestRolePermissions" name="test_viewer_denied_all_mutations" time="0.510" /><testcase classname="tests.phase4_test.TestDevLoginAs" name="test_success_and_role" time="0.259" /><testcase classname="tests.phase4_test.TestPresence" name="test_presence_stale_excluded" time="0.216" /><testcase classname="tests.phase4_test.TestDevLoginAs" name="test_invalid_role_422" time="0.138" /><testcase classname="tests.phase4_test.TestPresence" name="test_presence_non_member_404" time="0.280" /><testcase classname="tests.phase4_test.TestDevLoginAs" name="test_unknown_trip_404" time="0.120" /><testcase classname="tests.phase4_test.TestOpenAPI" name="test_phase4_paths_present" time="0.194" /><testcase classname="tests.phase4_test.TestVersionBumps" name="test_bumps_on_all_mutations" time="3.230" /><testcase classname="tests.phase4_test.TestVersionBumps" name="test_member_patch_and_delete_bump" time="20.075" /></testsuite></testsuites>