<?xml version="1.0" encoding="utf-8"?><testsuites name="pytest tests"><testsuite name="pytest" errors="0" failures="0" skipped="0" tests="211" time="42.475" timestamp="2026-08-20T11:01:37.266872+00:00" hostname="agent-env-3dbfbce3-8f9a-4fac-901b-45bc191058a5"><testcase classname="tests.phase2_test.TestPhase2Fixes" name="test_delete_trip_cascades_everything" time="1.249" /><testcase classname="tests.phase3_test.TestHotels" name="test_list_role_gating" time="1.230" /><testcase classname="tests.phase3_test.TestHotels" name="test_list_unknown_stop_404" time="0.073" /><testcase classname="tests.phase2_test.TestPhase2Fixes" name="test_delete_trip_does_not_touch_other_trips" time="0.754" /><testcase classname="tests.phase3_test.TestHotels" name="test_create_defaults_currency_and_fields" time="1.223" /><testcase classname="tests.phase2_test.TestPhase2Fixes" name="test_reorder_full_permutation_ok" time="0.678" /><testcase classname="tests.phase3_test.TestHotels" name="test_dates_outside_stop_range_allowed" time="0.175" /><testcase classname="tests.phase2_test.TestPhase2Fixes" name="test_reorder_subset_rejected_422_and_no_mutation" time="0.771" /><testcase classname="tests.phase3_test.TestHotels" name="test_validations_422[payload0]" time="0.060" /><testcase classname="tests.phase3_test.TestHotels" name="test_validations_422[payload1]" time="0.073" /><testcase classname="tests.phase3_test.TestHotels" name="test_validations_422[payload2]" time="0.069" /><testcase classname="tests.phase3_test.TestHotels" name="test_validations_422[payload3]" time="0.061" /><testcase classname="tests.phase3_test.TestHotels" name="test_validations_422[payload4]" time="0.108" /><testcase classname="tests.phase3_test.TestHotels" name="test_currency_case_insensitive" time="0.146" /><testcase classname="tests.phase3_test.TestHotels" name="test_patch_partial_and_effective_range" time="0.445" /><testcase classname="tests.phase2_test.TestPhase2Fixes" name="test_reorder_duplicates_rejected_422" time="0.624" /><testcase classname="tests.phase3_test.TestHotels" name="test_patch_unknown_404" time="0.067" /><testcase classname="tests.phase3_test.TestHotels" name="test_patch_bad_link_422" time="0.277" /><testcase classname="tests.phase3_test.TestHotels" name="test_delete_and_404" time="0.204" /><testcase classname="tests.phase2_test.TestPhase2Fixes" name="test_reorder_superset_unknown_id_rejected" time="0.475" /><testcase classname="tests.phase3_test.TestHotels" name="test_viewer_cannot_write" time="0.484" /><testcase classname="tests.phase2_test.TestPhase2Fixes" name="test_reorder_empty_list_rejected" time="0.336" /><testcase classname="tests.phase3_test.TestHotels" name="test_multiple_hotels_sorted_by_check_in" time="0.477" /><testcase classname="tests.phase2_test.TestPhase2Fixes" name="test_create_attraction_rejects_bad_booking_link[javascript:alert(1)]" time="0.365" /><testcase classname="tests.phase2_test.TestPhase2Fixes" name="test_create_attraction_rejects_bad_booking_link[JavaScript:alert(1)]" time="0.387" /><testcase classname="tests.phase2_test.TestOrderNormalization" name="test_cross_stop_partial_move_normalizes_source_and_target" time="1.210" /><testcase classname="tests.phase2_test.TestPhase2Fixes" name="test_create_attraction_rejects_bad_booking_link[data:text/html,&lt;script&gt;x&lt;/script&gt;]" time="0.365" /><testcase classname="tests.phase2_test.TestPhase2Fixes" name="test_create_attraction_rejects_bad_booking_link[ftp://example.com/x]" time="0.375" /><testcase classname="tests.phase2_test.TestPhase2Fixes" name="test_create_attraction_rejects_bad_booking_link[//evil.com]" time="0.399" /><testcase classname="tests.phase2_test.TestOrderNormalization" name="test_same_stop_reorder_normalizes" time="0.519" /><testcase classname="tests.phase2_test.TestPhase2Fixes" name="test_create_attraction_rejects_bad_booking_link[example.com]" time="0.376" /><testcase classname="tests.phase2_test.TestOrderNormalization" name="test_delete_attraction_normalizes" time="0.544" /><testcase classname="tests.phase2_test.TestPhase2Fixes" name="test_create_attraction_accepts_valid_booking_link[https://booking.com/x]" time="0.511" /><testcase classname="tests.phase2_test.TestOrderNormalization" name="test_delete_stop_normalizes_stop_orders" time="0.625" /><testcase classname="tests.phase2_test.TestPhase2Fixes" name="test_create_attraction_accepts_valid_booking_link[http://example.org/a?b=1]" time="0.395" /><testcase classname="tests.phase2_test.TestPhase2Fixes" name="test_create_attraction_accepts_valid_booking_link[None]" time="0.350" /><testcase classname="tests.phase2_test.TestOrderNormalization" name="test_invalid_reorder_422_no_mutation" time="0.436" /><testcase classname="tests.phase2_test.TestPhase2Fixes" name="test_create_attraction_accepts_valid_booking_link[]" time="0.361" /><testcase classname="tests.phase2_test.TestOrderNormalization" name="test_non_contiguous_new_order_normalized" time="0.591" /><testcase classname="tests.phase2_test.TestPhase2Fixes" name="test_patch_attraction_rejects_bad_booking_link_and_keeps_old" time="0.737" /><testcase classname="tests.phase2_test.TestOrderNormalization" name="test_untouched_stop_not_renumbered" time="0.750" /><testcase classname="tests.phase2_test.TestAttractions" name="test_list_empty" time="0.155" /><testcase classname="tests.phase2_test.TestAttractions" name="test_create_defaults_currency_and_order" time="0.334" /><testcase classname="tests.phase2_test.TestOrderNormalization" name="test_move_to_position_zero_before_older_item" time="0.725" /><testcase classname="tests.phase2_test.TestAttractions" name="test_create_unknown_stop_404" time="0.084" /><testcase classname="tests.phase2_test.TestAttractions" name="test_validations_422[payload0]" time="0.118" /><testcase classname="tests.phase2_test.TestAttractions" name="test_validations_422[payload1]" time="0.073" /><testcase classname="tests.phase2_test.TestAttractions" name="test_validations_422[payload2]" time="0.122" /><testcase classname="tests.phase2_test.TestAttractions" name="test_validations_422[payload3]" time="0.112" /><testcase classname="tests.phase2_test.TestAttractions" name="test_validations_422[payload4]" time="0.074" /><testcase classname="tests.phase2_test.TestOrderNormalization" name="test_two_moves_into_stop_with_older_items" time="0.875" /><testcase classname="tests.phase2_test.TestAttractions" name="test_patch_attraction" time="0.272" /><testcase classname="tests.phase2_test.TestAttractions" name="test_patch_unknown_404" time="0.090" /><testcase classname="tests.phase2_test.TestAttractions" name="test_delete_attraction" time="0.305" /><testcase classname="tests.phase2_test.TestAttractions" name="test_delete_unknown_404" time="0.152" /><testcase classname="tests.phase2_test.TestOrderNormalization" name="test_move_to_end_lands_last" time="0.708" /><testcase classname="tests.phase5_test.TestKmMock" name="test_km_seed_trip" time="0.709" /><testcase classname="tests.phase5_test.TestKmMock" name="test_stop_response_exposes_km_calc_error_field" time="0.268" /><testcase classname="tests.phase2_test.TestOrderNormalization" name="test_three_moves_into_stop_with_older_items" time="1.015" /><testcase classname="tests.phase5_test.TestKmMock" name="test_create_stop_response_returns_computed_km" time="0.310" /><testcase classname="tests.phase5_test.TestKmMock" name="test_km_pairs_car[Roma, IT-Napoli, IT-225.0]" time="0.386" /><testcase classname="tests.phase5_test.TestKmMock" name="test_km_pairs_car[London, UK-Paris, FR-460.0]" time="0.397" /><testcase classname="tests.phase2_test.TestOrderNormalization" name="test_inbound_order_beyond_length_lands_at_end" time="0.811" /><testcase classname="tests.phase5_test.TestKmMock" name="test_km_pairs_car[Lisbon, PT-Sintra, PT-30.0]" time="0.316" /><testcase classname="tests.phase5_test.TestKmMock" name="test_km_unknown_city_error_flag" time="0.339" /><testcase classname="tests.phase2_test.TestOrderNormalization" name="test_mixed_same_stop_and_cross_stop_moves" time="0.834" /><testcase classname="tests.phase5_test.TestKmMock" name="test_km_transport_other_is_null" time="0.365" /><testcase classname="tests.phase5_test.TestKmMock" name="test_km_recalc_on_patch_location_and_mode" time="0.472" /><testcase classname="tests.phase2_test.TestOrderNormalization" name="test_depleted_source_stop_contiguous" time="0.949" /><testcase classname="tests.phase5_test.TestKmMock" name="test_km_recalc_on_reorder" time="0.593" /><testcase classname="tests.phase5_test.TestKmMock" name="test_manual_override_survives_reorder" time="0.841" /><testcase classname="tests.phase2_test.TestOrderNormalization" name="test_no_duplicate_order_tuples_in_trip" time="1.150" /><testcase classname="tests.backend_test.TestTrips" name="test_trips_require_auth" time="0.310" /><testcase classname="tests.backend_test.TestTrips" name="test_create_trip_and_persistence" time="0.283" /><testcase classname="tests.backend_test.TestAuth" name="test_dev_login_returns_user_cookie_and_token" time="0.115" /><testcase classname="tests.backend_test.TestTrips" name="test_create_trip_end_before_start_422" time="0.069" /><testcase classname="tests.backend_test.TestAuth" name="test_me_unauthenticated_401" time="0.175" /><testcase classname="tests.backend_test.TestTrips" name="test_create_trip_bad_currency_422" time="0.069" /><testcase classname="tests.backend_test.TestTrips" name="test_create_trip_empty_title_422" time="0.088" /><testcase classname="tests.backend_test.TestTrips" name="test_list_trips_ordering_desc" time="0.229" /><testcase classname="tests.backend_test.TestAuth" name="test_me_with_cookie" time="0.314" /><testcase classname="tests.backend_test.TestAuth" name="test_me_with_bearer" time="0.238" /><testcase classname="tests.backend_test.TestTrips" name="test_isolation_bob_cannot_see_alice_trips" time="0.495" /><testcase classname="tests.backend_test.TestAuth" name="test_me_invalid_token_401" time="0.161" /><testcase classname="tests.backend_test.TestAuth" name="test_logout_invalidates_session" time="0.410" /><testcase classname="tests.backend_test.TestTrips" name="test_get_nonexistent_trip_404" time="0.068" /><testcase classname="tests.backend_test.TestTrips" name="test_delete_trip_cascade" time="0.283" /><testcase classname="tests.backend_test.TestTrips" name="test_no_patch_route" time="0.917" /><testcase classname="tests.backend_test.TestAuth" name="test_dev_login_upsert_same_user" time="0.229" /><testcase classname="tests.backend_test.TestAuth" name="test_dev_login_invalid_email_422" time="0.174" /><testcase classname="tests.backend_test.TestAuth" name="test_google_login_redirect" time="0.141" /><testcase classname="tests.backend_test.TestAuth" name="test_google_login_missing_redirect_400" time="0.325" /><testcase classname="tests.phase3_test.TestExchangeRates" name="test_get_gating" time="0.940" /><testcase classname="tests.phase3_test.TestExpenses" name="test_list_gating" time="1.149" /><testcase classname="tests.phase3_test.TestExchangeRates" name="test_put_owner_only" time="0.168" /><testcase classname="tests.phase3_test.TestExchangeRates" name="test_put_upsert_same_row" time="0.209" /><testcase classname="tests.phase3_test.TestExpenses" name="test_create_defaults" time="0.315" /><testcase classname="tests.phase3_test.TestExchangeRates" name="test_put_validations_422[body0]" time="0.068" /><testcase classname="tests.phase3_test.TestExchangeRates" name="test_put_validations_422[body1]" time="0.076" /><testcase classname="tests.phase3_test.TestExchangeRates" name="test_put_validations_422[body2]" time="0.072" /><testcase classname="tests.phase3_test.TestExpenses" name="test_create_with_stop_and_filter" time="0.569" /><testcase classname="tests.phase3_test.TestExchangeRates" name="test_put_validations_422[body3]" time="0.075" /><testcase classname="tests.phase3_test.TestExchangeRates" name="test_put_validations_422[body4]" time="0.116" /><testcase classname="tests.phase3_test.TestExchangeRates" name="test_delete_owner_only" time="0.435" /><testcase classname="tests.phase3_test.TestExpenses" name="test_create_unknown_stop_422" time="0.112" /><testcase classname="tests.phase3_test.TestExpenses" name="test_validations_422[payload0]" time="0.084" /><testcase classname="tests.phase3_test.TestExpenses" name="test_validations_422[payload1]" time="0.119" /><testcase classname="tests.phase3_test.TestExpenses" name="test_validations_422[payload2]" time="0.067" /><testcase classname="tests.phase3_test.TestExpenses" name="test_patch_and_delete" time="0.670" /><testcase classname="tests.phase2_test.TestViewerPermissions" name="test_viewer_can_read" time="0.982" /><testcase classname="tests.phase3_test.TestExpenses" name="test_viewer_cannot_write" time="0.528" /><testcase classname="tests.phase2_test.TestViewerPermissions" name="test_viewer_cannot_create_stop" time="0.074" /><testcase classname="tests.phase2_test.TestViewerPermissions" name="test_viewer_cannot_patch_stop" time="0.067" /><testcase classname="tests.phase2_test.TestViewerPermissions" name="test_viewer_cannot_delete_stop" time="0.059" /><testcase classname="tests.phase2_test.TestViewerPermissions" name="test_viewer_cannot_reorder_stops" time="0.067" /><testcase classname="tests.phase2_test.TestViewerPermissions" name="test_viewer_cannot_create_attraction" time="0.098" /><testcase classname="tests.phase2_test.TestViewerPermissions" name="test_viewer_cannot_patch_or_delete_attraction" time="0.136" /><testcase classname="tests.phase2_test.TestViewerPermissions" name="test_viewer_cannot_reorder_attractions" time="0.068" /><testcase classname="tests.phase2_test.TestStopsValidation" name="test_end_before_start_422" time="0.084" /><testcase classname="tests.phase5_test.TestTripPatch" name="test_patch_title_and_dates" time="0.427" /><testcase classname="tests.phase2_test.TestStopsValidation" name="test_dates_outside_trip_range_422" time="0.113" /><testcase classname="tests.phase2_test.TestStopsValidation" name="test_end_after_trip_end_422" time="0.070" /><testcase classname="tests.phase2_test.TestStopsValidation" name="test_invalid_transport_mode_422" time="0.070" /><testcase classname="tests.phase5_test.TestTripPatch" name="test_patch_home_currency_ignored" time="0.261" /><testcase classname="tests.phase2_test.TestStopsValidation" name="test_negative_km_422" time="0.065" /><testcase classname="tests.phase2_test.TestStopsValidation" name="test_bad_time_422" time="0.069" /><testcase classname="tests.phase2_test.TestStopsValidation" name="test_empty_title_422" time="0.080" /><testcase classname="tests.phase5_test.TestTripPatch" name="test_patch_bumps_version" time="0.333" /><testcase classname="tests.phase5_test.TestTripPatch" name="test_patch_end_before_start_422" time="0.129" /><testcase classname="tests.phase2_test.TestAttractionsReorder" name="test_same_stop_reorder" time="0.739" /><testcase classname="tests.phase5_test.TestTripPatch" name="test_patch_stops_out_of_range_422" time="0.394" /><testcase classname="tests.phase2_test.TestAttractionsReorder" name="test_cross_stop_move" time="0.304" /><testcase classname="tests.phase5_test.TestTripPatch" name="test_patch_role_permissions" time="0.525" /><testcase classname="tests.phase2_test.TestAttractionsReorder" name="test_invalid_attraction_id_atomic_rollback" time="0.070" /><testcase classname="tests.phase2_test.TestAttractionsReorder" name="test_invalid_target_stop_atomic_rollback" time="0.077" /><testcase classname="tests.phase2_test.TestAttractionsReorder" name="test_negative_order_422" time="0.198" /><testcase classname="tests.phase2_test.TestAttractionsReorder" name="test_empty_moves_422" time="0.245" /><testcase classname="tests.phase5_test.TestTripPatch" name="test_patch_unauthenticated_401" time="0.210" /><testcase classname="tests.phase5_test.TestTripPatch" name="test_patch_unknown_trip_404" time="0.076" /><testcase classname="tests.phase4_test.TestInvites" name="test_invite_lifecycle" time="1.385" /><testcase classname="tests.phase4_test.TestSplitAndDebts" name="test_split_non_member_422" time="0.431" /><testcase classname="tests.phase4_test.TestSplitAndDebts" name="test_paid_by_non_member_422" time="0.058" /><testcase classname="tests.phase4_test.TestSplitAndDebts" name="test_patch_split_non_member_422" time="0.245" /><testcase classname="tests.phase4_test.TestSplitAndDebts" name="test_debts_scenario" time="0.393" /><testcase classname="tests.phase4_test.TestSplitAndDebts" name="test_debts_missing_rate" time="0.371" /><testcase classname="tests.phase4_test.TestInvites" name="test_invite_self_400" time="0.181" /><testcase classname="tests.phase4_test.TestInvites" name="test_invite_bad_role_422" time="0.068" /><testcase classname="tests.phase4_test.TestSplitAndDebts" name="test_debts_non_member_404" time="0.242" /><testcase classname="tests.phase4_test.TestInvites" name="test_unknown_token_404" time="0.183" /><testcase classname="tests.phase4_test.TestInvites" name="test_decline" time="0.806" /><testcase classname="tests.phase5b_test.TestPhase5Fixes" name="test_seed_and_create_response_km" time="0.426" /><testcase classname="tests.phase5b_test.TestPhase5Fixes" name="test_summary_total_km" time="0.059" /><testcase classname="tests.phase5b_test.TestPhase5Fixes" name="test_km_calc_error_unknown_city" time="0.321" /><testcase classname="tests.phase4_test.TestInvites" name="test_status_not_pending_410_on_get" time="0.646" /><testcase classname="tests.phase5b_test.TestPhase5Fixes" name="test_patch_location_response_has_fresh_km" time="0.314" /><testcase classname="tests.phase5b_test.TestPhase5Fixes" name="test_summary_total_km_none_when_no_km" time="0.279" /><testcase classname="tests.phase5b_test.TestPhase5Fixes" name="test_manual_override_counted_in_total" time="0.296" /><testcase classname="tests.phase4_test.TestVersion" name="test_version_owner" time="0.300" /><testcase classname="tests.phase4_test.TestVersion" name="test_version_viewer_ok" time="0.179" /><testcase classname="tests.phase4_test.TestVersion" name="test_version_non_member_404" time="0.167" /><testcase classname="tests.phase4_test.TestVersion" name="test_version_unauth_401" time="0.123" /><testcase classname="tests.phase3_test.TestSummary" name="test_gating" time="1.306" /><testcase classname="tests.phase4_test.TestMemberMgmt" name="test_patch_owner_role_400" time="0.183" /><testcase classname="tests.phase4_test.TestMemberMgmt" name="test_patch_unknown_member_404" time="0.055" /><testcase classname="tests.phase4_test.TestMemberMgmt" name="test_non_owner_cannot_remove_other" time="0.666" /><testcase classname="tests.phase3_test.TestSummary" name="test_a_missing_rate_excludes_and_reports" time="0.121" /><testcase classname="tests.phase3_test.TestSummary" name="test_b_with_rate_total_and_recompute" time="0.380" /><testcase classname="tests.phase3_test.TestSummary" name="test_c_rate_is_unidirectional" time="0.452" /><testcase classname="tests.phase4_test.TestMemberMgmt" name="test_non_owner_cannot_patch_member" time="0.641" /><testcase classname="tests.phase3_test.TestSummary" name="test_d_empty_trip_summary" time="0.305" /><testcase classname="tests.backend_test.TestHealth" name="test_health" time="0.110" /><testcase classname="tests.backend_test.TestHealth" name="test_openapi" time="0.169" /><testcase classname="tests.backend_test.TestHealth" name="test_root" time="0.219" /><testcase classname="tests.phase4_test.TestRolePermissions" name="test_editor_crud_allowed" time="1.305" /><testcase classname="tests.phase2_test.TestStopsAccess" name="test_list_empty_initially" time="0.396" /><testcase classname="tests.phase2_test.TestStopsAccess" name="test_list_unauth_401" time="0.163" /><testcase classname="tests.phase2_test.TestStopsAccess" name="test_list_non_member_404" time="0.200" /><testcase classname="tests.phase2_test.TestStopsPatch" name="test_partial_update_persists" time="0.270" /><testcase classname="tests.phase4_test.TestRolePermissions" name="test_editor_denied_owner_actions" time="0.274" /><testcase classname="tests.phase2_test.TestStopsPatch" name="test_start_only_update_range_validated" time="0.270" /><testcase classname="tests.phase4_test.TestRolePermissions" name="test_viewer_reads_ok" time="0.826" /><testcase classname="tests.phase2_test.TestStopsPatch" name="test_patch_unknown_stop_404" time="0.119" /><testcase classname="tests.phase4_test.TestLeave" name="test_non_owner_leave" time="0.626" /><testcase classname="tests.phase4_test.TestRolePermissions" name="test_viewer_denied_all_mutations" time="0.673" /><testcase classname="tests.phase4_test.TestLeave" name="test_owner_leave_promotes_first_editor" time="0.789" /><testcase classname="tests.phase4_test.TestPresence" name="test_presence_post_get" time="0.493" /><testcase classname="tests.phase4_test.TestLeave" name="test_owner_leave_no_editors_deletes_trip" time="0.965" /><testcase classname="tests.phase4_test.TestPresence" name="test_presence_stale_excluded" time="0.200" /><testcase classname="tests.phase4_test.TestPresence" name="test_presence_non_member_404" time="0.287" /><testcase classname="tests.phase5_test.TestCancellationAlerts" name="test_requires_auth" time="0.133" /><testcase classname="tests.phase4_test.TestDevLoginAs" name="test_success_and_role" time="0.373" /><testcase classname="tests.phase4_test.TestDevLoginAs" name="test_invalid_role_422" time="0.107" /><testcase classname="tests.phase4_test.TestDevLoginAs" name="test_unknown_trip_404" time="0.135" /><testcase classname="tests.phase5_test.TestCancellationAlerts" name="test_alerts_window_severity_sort" time="0.842" /><testcase classname="tests.phase5_test.TestCancellationAlerts" name="test_alerts_isolation_and_membership" time="0.422" /><testcase classname="tests.phase2_test.TestStopsDelete" name="test_delete_cascades_attractions" time="0.628" /><testcase classname="tests.phase2_test.TestStopsDelete" name="test_delete_unknown_404" time="0.078" /><testcase classname="tests.phase2_test.TestStopsReorder" name="test_reorder_sets_index" time="0.368" /><testcase classname="tests.phase2_test.TestStopsCreate" name="test_create_stop_fields_and_order" time="0.434" /><testcase classname="tests.phase2_test.TestStopsCreate" name="test_create_unauth_401" time="0.137" /><testcase classname="tests.phase2_test.TestStopsReorder" name="test_reorder_mismatch_422" time="0.289" /><testcase classname="tests.phase2_test.TestKnownDefects" name="test_reorder_subset_should_be_rejected" time="0.443" /><testcase classname="tests.phase2_test.TestKnownDefects" name="test_trip_delete_cascades_stops_and_attractions" time="0.287" /><testcase classname="tests.phase4_test.TestVersionBumps" name="test_bumps_on_all_mutations" time="3.920" /><testcase classname="tests.phase2_test.TestOpenAPI" name="test_openapi_lists_phase2_routes" time="0.229" /><testcase classname="tests.phase3_test.TestTripCascadePhase3" name="test_delete_trip_cascades_all_six_collections" time="0.722" /><testcase classname="tests.phase4_test.TestOpenAPI" name="test_phase4_paths_present" time="0.154" /><testcase classname="tests.phase5_test.TestRecomputeKm" name="test_recompute_roles_and_payload" time="1.119" /><testcase classname="tests.phase5_test" name="test_openapi_lists_phase5_routes" time="0.178" /><testcase classname="tests.phase4_test.TestVersionBumps" name="test_member_patch_and_delete_bump" time="0.682" /><testcase classname="tests.phase3_test.TestOpenAPIPhase3" name="test_openapi_lists_phase3_paths" time="0.137" /></testsuite></testsuites>