<?xml version="1.0" encoding="utf-8"?><testsuites name="pytest tests"><testsuite name="pytest" errors="0" failures="0" skipped="0" tests="83" time="34.375" timestamp="2026-08-20T15:42:01.263884+00:00" hostname="agent-env-3dbfbce3-8f9a-4fac-901b-45bc191058a5"><testcase classname="tests.trip_summary_test" name="test_fresh_trip_summary_defaults" time="0.467" /><testcase classname="tests.sprint_ab_test.TestTripReturnFields" name="test_create_baseline_defaults" time="0.315" /><testcase classname="tests.sprint_ab_test.TestTripReturnFields" name="test_create_has_return_without_home_422" time="0.127" /><testcase classname="tests.sprint_ab_test.TestTripReturnFields" name="test_create_with_both_fields" time="0.198" /><testcase classname="tests.trip_summary_test" name="test_total_km_sums_stops" time="1.543" /><testcase classname="tests.sprint_ab_test.TestTripReturnFields" name="test_patch_home_location_alone" time="0.159" /><testcase classname="tests.sprint_ab_test.TestTripReturnFields" name="test_patch_enable_return_without_home_422" time="0.186" /><testcase classname="tests.sprint_ab_test.TestTripReturnFields" name="test_patch_enable_return_with_home_in_one_call" time="0.162" /><testcase classname="tests.sprint_ab_test.TestTripReturnFields" name="test_patch_editor_forbidden" time="0.327" /><testcase classname="tests.sprint_ab_test.TestTripReturnFields" name="test_list_trips_contains_fields" time="0.775" /><testcase classname="tests.trip_summary_test" name="test_total_cost_with_conversion" time="0.798" /><testcase classname="tests.trip_summary_test" name="test_missing_rate_excluded_and_flagged" time="0.550" /><testcase classname="tests.trip_summary_test" name="test_attraction_costs_included" time="0.648" /><testcase classname="tests.sprint_c_test.TestScheduleEndpoint" name="test_date_derives_target_stop" time="1.509" /><testcase classname="tests.sprint_c_test.TestScheduleEndpoint" name="test_date_with_no_stop_422" time="0.337" /><testcase classname="tests.sprint_c_test.TestScheduleEndpoint" name="test_null_clears_date_keeps_stop" time="0.224" /><testcase classname="tests.trip_summary_test" name="test_isolation_between_users" time="0.644" /><testcase classname="tests.sprint_c_test.TestScheduleEndpoint" name="test_target_stop_with_out_of_range_date_422" time="0.147" /><testcase classname="tests.sprint_c_test.TestScheduleEndpoint" name="test_target_stop_valid" time="0.163" /><testcase classname="tests.sprint_c_test.TestScheduleEndpoint" name="test_new_order_reorders" time="0.571" /><testcase classname="tests.trip_summary_test" name="test_multiple_trips_all_have_summary" time="0.683" /><testcase classname="tests.sprint_c_test.TestScheduleEndpoint" name="test_schedule_unknown_attraction_404" time="0.324" /><testcase classname="tests.trip_summary_test" name="test_get_single_trip_regression" time="0.455" /><testcase classname="tests.trip_summary_test" name="test_unauthenticated_list_trips" time="0.187" /><testcase classname="tests.sprint_ab_test.TestExpenseDate" name="test_default_today_when_in_range" time="0.366" /><testcase classname="tests.orphan_cascade_iter20_test.TestDbIntegrity" name="test_no_orphan_expenses_remain" time="0.007" /><testcase classname="tests.orphan_cascade_iter20_test.TestDbIntegrity" name="test_no_orphans_in_other_child_collections[stops]" time="0.004" /><testcase classname="tests.orphan_cascade_iter20_test.TestDbIntegrity" name="test_no_orphans_in_other_child_collections[hotels]" time="0.002" /><testcase classname="tests.orphan_cascade_iter20_test.TestDbIntegrity" name="test_no_orphans_in_other_child_collections[attractions]" time="0.002" /><testcase classname="tests.orphan_cascade_iter20_test.TestDbIntegrity" name="test_no_orphans_in_other_child_collections[exchange_rates]" time="0.002" /><testcase classname="tests.orphan_cascade_iter20_test.TestDbIntegrity" name="test_no_orphans_in_other_child_collections[trip_members]" time="0.003" /><testcase classname="tests.sprint_ab_test.TestExpenseDate" name="test_default_trip_start_when_today_outside" time="0.211" /><testcase classname="tests.sprint_ab_test.TestExpenseDate" name="test_create_within_range" time="0.083" /><testcase classname="tests.trip_map_test.TestRouteGeometryAuth" name="test_401_without_cookie" time="0.499" /><testcase classname="tests.sprint_ab_test.TestExpenseDate" name="test_create_outside_range_422" time="0.121" /><testcase classname="tests.sprint_ab_test.TestExpenseDate" name="test_patch_expense_date" time="0.420" /><testcase classname="tests.trip_map_test.TestRouteGeometryAuth" name="test_404_for_non_member" time="0.371" /><testcase classname="tests.sprint_ab_test.TestExpenseDate" name="test_list_sorted_by_date_desc" time="0.716" /><testcase classname="tests.trip_map_test.TestRouteGeometryAuth" name="test_200_for_owner" time="0.192" /><testcase classname="tests.trip_map_test.TestRouteGeometryAuth" name="test_200_for_editor_and_viewer" time="0.733" /><testcase classname="tests.trip_map_test.TestRouteGeometryAuth" name="test_404_unknown_trip" time="0.528" /><testcase classname="tests.sprint_c_test.TestTimelineBasic" name="test_days_and_positions" time="0.476" /><testcase classname="tests.sprint_c_test.TestTimelineBasic" name="test_route_in_on_arrival_day" time="0.068" /><testcase classname="tests.sprint_c_test.TestTimelineBasic" name="test_no_return_leg_when_flag_off" time="0.074" /><testcase classname="tests.sprint_c_test.TestTimelineBasic" name="test_timeline_perf_and_openapi" time="0.291" /><testcase classname="tests.sprint_c_test.TestAttractionScheduledDateValidation" name="test_create_in_range" time="1.530" /><testcase classname="tests.sprint_c_test.TestAttractionScheduledDateValidation" name="test_create_out_of_range_422" time="0.082" /><testcase classname="tests.sprint_c_test.TestTimelineAggregation" name="test_unscheduled_and_scheduled_split" time="1.586" /><testcase classname="tests.sprint_c_test.TestAttractionScheduledDateValidation" name="test_create_null_default" time="0.108" /><testcase classname="tests.sprint_c_test.TestTimelineAggregation" name="test_hotels_active_nights" time="0.070" /><testcase classname="tests.sprint_c_test.TestTimelineAggregation" name="test_expenses_by_day" time="0.077" /><testcase classname="tests.sprint_c_test.TestAttractionScheduledDateValidation" name="test_patch_in_range_and_out_of_range" time="0.441" /><testcase classname="tests.sprint_c_test.TestTimelineAggregation" name="test_no_mongo_id_leak" time="0.220" /><testcase classname="tests.sprint_ab_test.TestReturnLeg" name="test_return_leg_present" time="1.906" /><testcase classname="tests.sprint_ab_test.TestReturnLeg" name="test_return_leg_null_when_no_stops" time="0.196" /><testcase classname="tests.sprint_c_test.TestReorderWithScheduledDate" name="test_reorder_without_scheduled_date_backward_compat" time="2.108" /><testcase classname="tests.sprint_ab_test.TestReturnLeg" name="test_return_leg_null_when_has_return_false" time="0.738" /><testcase classname="tests.sprint_c_test.TestReorderWithScheduledDate" name="test_reorder_with_valid_scheduled_date" time="0.087" /><testcase classname="tests.sprint_c_test.TestReorderWithScheduledDate" name="test_reorder_with_out_of_range_date_422_atomic" time="0.502" /><testcase classname="tests.trip_map_test.TestRouteModes" name="test_car_two_stops" time="1.409" /><testcase classname="tests.trip_map_test.TestRouteGeometryShape" name="test_zero_stops" time="0.500" /><testcase classname="tests.trip_map_test.TestRouteGeometryShape" name="test_one_stop" time="0.285" /><testcase classname="tests.trip_map_test.TestRouteGeometryShape" name="test_ungeocodable_stop_coords_null" time="1.104" /><testcase classname="tests.trip_map_test.TestRouteModes" name="test_plane_haversine_no_ors_cache" time="0.326" /><testcase classname="tests.trip_map_test.TestRouteModes" name="test_other_all_null" time="0.623" /><testcase classname="tests.return_leg_parity_test" name="test_return_leg_parity_between_timeline_and_route_geometry" time="0.790" /><testcase classname="tests.sprint_c_test.TestTimelineReturnHome" name="test_return_home_day" time="0.529" /><testcase classname="tests.return_leg_parity_test" name="test_return_leg_null_parity_when_return_disabled" time="0.459" /><testcase classname="tests.sprint_c_test.TestTimelineReturnHome" name="test_route_geometry_return_leg_regression" time="1.320" /><testcase classname="tests.return_leg_parity_test" name="test_return_leg_null_when_return_enabled_but_no_stops" time="0.471" /><testcase classname="tests.trip_map_test.TestRegression" name="test_existing_endpoints" time="2.002" /><testcase classname="tests.sprint_ab_test.TestRegression" name="test_core_endpoints" time="1.005" /><testcase classname="tests.sprint_ab_test.TestRegression" name="test_openapi" time="0.252" /><testcase classname="tests.orphan_expenses_test" name="test_delete_trip_cascades_expense_without_stop_id" time="0.954" /><testcase classname="tests.trip_map_test.TestRegression" name="test_openapi_contains_route_geometry" time="0.308" /><testcase classname="tests.orphan_cascade_iter21_test.TestLiveCascadeAllCollections" name="test_full_seed_then_delete_leaves_nothing" time="0.893" /><testcase classname="tests.orphan_expenses_test" name="test_cleanup_script_is_idempotent" time="1.329" /><testcase classname="tests.orphan_cascade_iter21_test.TestLiveCascadeAllCollections" name="test_global_orphan_invariant_after_churn" time="0.007" /><testcase classname="tests.sprint_c_test.TestTimelineSingleDayStop" name="test_only_position" time="0.501" /><testcase classname="tests.trip_map_test.TestRouteCache" name="test_cache_write_and_hit" time="1.998" /><testcase classname="tests.sprint_c_test.TestTimelineTransitDay" name="test_transit_day" time="1.546" /><testcase classname="tests.sprint_c_test.TestTimelinePerf" name="test_30_days_100_attractions_under_1s" time="11.359" /><testcase classname="tests.orphan_cascade_iter20_test.TestFullCascade" name="test_delete_trip_purges_every_child_collection" time="0.750" /></testsuite></testsuites>