<?xml version="1.0" encoding="utf-8"?><testsuites name="pytest tests"><testsuite name="pytest" errors="0" failures="0" skipped="0" tests="181" time="35.071" timestamp="2026-08-20T10:11:22.760545+00:00" hostname="agent-env-3dbfbce3-8f9a-4fac-901b-45bc191058a5"><testcase classname="tests.phase2_test.TestPhase2Fixes" name="test_delete_trip_cascades_everything" time="1.242" /><testcase classname="tests.phase3_test.TestHotels" name="test_list_role_gating" time="1.191" /><testcase classname="tests.phase3_test.TestHotels" name="test_list_unknown_stop_404" time="0.095" /><testcase classname="tests.phase2_test.TestPhase2Fixes" name="test_delete_trip_does_not_touch_other_trips" time="0.704" /><testcase classname="tests.phase3_test.TestHotels" name="test_create_defaults_currency_and_fields" time="0.274" /><testcase classname="tests.phase3_test.TestHotels" name="test_dates_outside_stop_range_allowed" time="0.147" /><testcase classname="tests.phase3_test.TestHotels" name="test_validations_422[payload0]" time="0.081" /><testcase classname="tests.phase3_test.TestHotels" name="test_validations_422[payload1]" time="0.115" /><testcase classname="tests.phase3_test.TestHotels" name="test_validations_422[payload2]" time="0.073" /><testcase classname="tests.phase2_test.TestPhase2Fixes" name="test_reorder_full_permutation_ok" time="0.623" /><testcase classname="tests.phase3_test.TestHotels" name="test_validations_422[payload3]" time="0.112" /><testcase classname="tests.phase3_test.TestHotels" name="test_validations_422[payload4]" time="0.075" /><testcase classname="tests.phase3_test.TestHotels" name="test_currency_case_insensitive" time="0.190" /><testcase classname="tests.phase3_test.TestHotels" name="test_patch_partial_and_effective_range" time="0.562" /><testcase classname="tests.phase2_test.TestPhase2Fixes" name="test_reorder_subset_rejected_422_and_no_mutation" time="0.731" /><testcase classname="tests.phase3_test.TestHotels" name="test_patch_unknown_404" time="0.077" /><testcase classname="tests.phase3_test.TestHotels" name="test_patch_bad_link_422" time="0.267" /><testcase classname="tests.phase3_test.TestHotels" name="test_delete_and_404" time="0.223" /><testcase classname="tests.phase2_test.TestPhase2Fixes" name="test_reorder_duplicates_rejected_422" time="0.559" /><testcase classname="tests.phase3_test.TestHotels" name="test_viewer_cannot_write" time="0.368" /><testcase classname="tests.phase3_test.TestHotels" name="test_multiple_hotels_sorted_by_check_in" time="0.483" /><testcase classname="tests.phase2_test.TestPhase2Fixes" name="test_reorder_superset_unknown_id_rejected" time="0.400" /><testcase classname="tests.phase2_test.TestPhase2Fixes" name="test_reorder_empty_list_rejected" time="0.348" /><testcase classname="tests.phase2_test.TestOrderNormalization" name="test_cross_stop_partial_move_normalizes_source_and_target" time="0.936" /><testcase classname="tests.phase2_test.TestPhase2Fixes" name="test_create_attraction_rejects_bad_booking_link[javascript:alert(1)]" time="0.367" /><testcase classname="tests.phase2_test.TestPhase2Fixes" name="test_create_attraction_rejects_bad_booking_link[JavaScript:alert(1)]" time="0.300" /><testcase classname="tests.phase2_test.TestPhase2Fixes" name="test_create_attraction_rejects_bad_booking_link[data:text/html,&lt;script&gt;x&lt;/script&gt;]" time="0.447" /><testcase classname="tests.phase2_test.TestOrderNormalization" name="test_same_stop_reorder_normalizes" time="0.400" /><testcase classname="tests.phase2_test.TestOrderNormalization" name="test_delete_attraction_normalizes" time="0.418" /><testcase classname="tests.phase2_test.TestPhase2Fixes" name="test_create_attraction_rejects_bad_booking_link[ftp://example.com/x]" time="0.358" /><testcase classname="tests.phase2_test.TestPhase2Fixes" name="test_create_attraction_rejects_bad_booking_link[//evil.com]" time="0.316" /><testcase classname="tests.phase2_test.TestOrderNormalization" name="test_delete_stop_normalizes_stop_orders" time="0.536" /><testcase classname="tests.phase2_test.TestPhase2Fixes" name="test_create_attraction_rejects_bad_booking_link[example.com]" time="0.335" /><testcase classname="tests.phase2_test.TestOrderNormalization" name="test_invalid_reorder_422_no_mutation" time="0.417" /><testcase classname="tests.phase2_test.TestPhase2Fixes" name="test_create_attraction_accepts_valid_booking_link[https://booking.com/x]" time="0.343" /><testcase classname="tests.phase2_test.TestOrderNormalization" name="test_non_contiguous_new_order_normalized" time="0.374" /><testcase classname="tests.phase2_test.TestPhase2Fixes" name="test_create_attraction_accepts_valid_booking_link[http://example.org/a?b=1]" time="0.410" /><testcase classname="tests.phase2_test.TestOrderNormalization" name="test_untouched_stop_not_renumbered" time="0.618" /><testcase classname="tests.phase2_test.TestPhase2Fixes" name="test_create_attraction_accepts_valid_booking_link[None]" time="0.318" /><testcase classname="tests.phase2_test.TestPhase2Fixes" name="test_create_attraction_accepts_valid_booking_link[]" time="0.417" /><testcase classname="tests.phase2_test.TestOrderNormalization" name="test_move_to_position_zero_before_older_item" time="0.494" /><testcase classname="tests.phase2_test.TestPhase2Fixes" name="test_patch_attraction_rejects_bad_booking_link_and_keeps_old" time="0.874" /><testcase classname="tests.phase2_test.TestOrderNormalization" name="test_two_moves_into_stop_with_older_items" time="0.882" /><testcase classname="tests.phase2_test.TestAttractions" name="test_list_empty" time="0.215" /><testcase classname="tests.phase2_test.TestAttractions" name="test_create_defaults_currency_and_order" time="0.268" /><testcase classname="tests.phase2_test.TestOrderNormalization" name="test_move_to_end_lands_last" time="0.530" /><testcase classname="tests.phase2_test.TestAttractions" name="test_create_unknown_stop_404" time="0.079" /><testcase classname="tests.phase2_test.TestAttractions" name="test_validations_422[payload0]" time="0.069" /><testcase classname="tests.phase2_test.TestAttractions" name="test_validations_422[payload1]" time="0.117" /><testcase classname="tests.phase2_test.TestAttractions" name="test_validations_422[payload2]" time="0.090" /><testcase classname="tests.phase2_test.TestAttractions" name="test_validations_422[payload3]" time="0.083" /><testcase classname="tests.phase2_test.TestOrderNormalization" name="test_three_moves_into_stop_with_older_items" time="0.803" /><testcase classname="tests.phase2_test.TestAttractions" name="test_validations_422[payload4]" time="0.068" /><testcase classname="tests.phase2_test.TestAttractions" name="test_patch_attraction" time="0.229" /><testcase classname="tests.phase2_test.TestAttractions" name="test_patch_unknown_404" time="0.117" /><testcase classname="tests.phase2_test.TestAttractions" name="test_delete_attraction" time="0.233" /><testcase classname="tests.phase2_test.TestAttractions" name="test_delete_unknown_404" time="0.156" /><testcase classname="tests.phase2_test.TestOrderNormalization" name="test_inbound_order_beyond_length_lands_at_end" time="0.537" /><testcase classname="tests.backend_test.TestAuth" name="test_dev_login_returns_user_cookie_and_token" time="0.180" /><testcase classname="tests.backend_test.TestAuth" name="test_me_unauthenticated_401" time="0.176" /><testcase classname="tests.phase2_test.TestOrderNormalization" name="test_mixed_same_stop_and_cross_stop_moves" time="0.831" /><testcase classname="tests.backend_test.TestAuth" name="test_me_with_cookie" time="0.306" /><testcase classname="tests.backend_test.TestAuth" name="test_me_with_bearer" time="0.295" /><testcase classname="tests.backend_test.TestAuth" name="test_me_invalid_token_401" time="0.155" /><testcase classname="tests.backend_test.TestAuth" name="test_logout_invalidates_session" time="0.403" /><testcase classname="tests.phase2_test.TestOrderNormalization" name="test_depleted_source_stop_contiguous" time="0.789" /><testcase classname="tests.backend_test.TestAuth" name="test_dev_login_upsert_same_user" time="0.327" /><testcase classname="tests.backend_test.TestAuth" name="test_dev_login_invalid_email_422" time="0.167" /><testcase classname="tests.backend_test.TestAuth" name="test_google_login_redirect" time="0.117" /><testcase classname="tests.phase2_test.TestOrderNormalization" name="test_no_duplicate_order_tuples_in_trip" time="1.031" /><testcase classname="tests.backend_test.TestAuth" name="test_google_login_missing_redirect_400" time="0.302" /><testcase classname="tests.backend_test.TestTrips" name="test_trips_require_auth" time="0.254" /><testcase classname="tests.phase3_test.TestExpenses" name="test_list_gating" time="1.188" /><testcase classname="tests.backend_test.TestTrips" name="test_create_trip_and_persistence" time="0.286" /><testcase classname="tests.backend_test.TestTrips" name="test_create_trip_end_before_start_422" time="0.076" /><testcase classname="tests.backend_test.TestTrips" name="test_create_trip_bad_currency_422" time="0.064" /><testcase classname="tests.phase3_test.TestExpenses" name="test_create_defaults" time="0.299" /><testcase classname="tests.backend_test.TestTrips" name="test_create_trip_empty_title_422" time="0.064" /><testcase classname="tests.backend_test.TestTrips" name="test_list_trips_ordering_desc" time="0.215" /><testcase classname="tests.phase3_test.TestExpenses" name="test_create_with_stop_and_filter" time="0.391" /><testcase classname="tests.backend_test.TestTrips" name="test_isolation_bob_cannot_see_alice_trips" time="0.615" /><testcase classname="tests.phase3_test.TestExpenses" name="test_create_unknown_stop_422" time="0.068" /><testcase classname="tests.phase3_test.TestExpenses" name="test_validations_422[payload0]" time="0.058" /><testcase classname="tests.phase3_test.TestExpenses" name="test_validations_422[payload1]" time="0.070" /><testcase classname="tests.phase3_test.TestExpenses" name="test_validations_422[payload2]" time="0.060" /><testcase classname="tests.phase3_test.TestExpenses" name="test_patch_and_delete" time="0.542" /><testcase classname="tests.backend_test.TestTrips" name="test_get_nonexistent_trip_404" time="0.093" /><testcase classname="tests.backend_test.TestTrips" name="test_delete_trip_cascade" time="0.266" /><testcase classname="tests.backend_test.TestTrips" name="test_no_patch_route" time="0.685" /><testcase classname="tests.phase3_test.TestExpenses" name="test_viewer_cannot_write" time="0.464" /><testcase classname="tests.phase3_test.TestExchangeRates" name="test_get_gating" time="0.512" /><testcase classname="tests.phase3_test.TestExchangeRates" name="test_put_owner_only" time="0.192" /><testcase classname="tests.phase3_test.TestExchangeRates" name="test_put_upsert_same_row" time="0.236" /><testcase classname="tests.phase3_test.TestExchangeRates" name="test_put_validations_422[body0]" time="0.070" /><testcase classname="tests.phase3_test.TestExchangeRates" name="test_put_validations_422[body1]" time="0.059" /><testcase classname="tests.phase3_test.TestExchangeRates" name="test_put_validations_422[body2]" time="0.109" /><testcase classname="tests.phase3_test.TestExchangeRates" name="test_put_validations_422[body3]" time="0.061" /><testcase classname="tests.phase3_test.TestExchangeRates" name="test_put_validations_422[body4]" time="0.087" /><testcase classname="tests.phase3_test.TestExchangeRates" name="test_delete_owner_only" time="0.394" /><testcase classname="tests.phase2_test.TestViewerPermissions" name="test_viewer_can_read" time="1.526" /><testcase classname="tests.phase2_test.TestViewerPermissions" name="test_viewer_cannot_create_stop" time="0.066" /><testcase classname="tests.phase2_test.TestViewerPermissions" name="test_viewer_cannot_patch_stop" time="0.068" /><testcase classname="tests.phase2_test.TestViewerPermissions" name="test_viewer_cannot_delete_stop" time="0.074" /><testcase classname="tests.phase2_test.TestViewerPermissions" name="test_viewer_cannot_reorder_stops" time="0.071" /><testcase classname="tests.phase2_test.TestStopsValidation" name="test_end_before_start_422" time="0.274" /><testcase classname="tests.phase2_test.TestViewerPermissions" name="test_viewer_cannot_create_attraction" time="0.112" /><testcase classname="tests.phase2_test.TestStopsValidation" name="test_dates_outside_trip_range_422" time="0.062" /><testcase classname="tests.phase2_test.TestStopsValidation" name="test_end_after_trip_end_422" time="0.067" /><testcase classname="tests.phase2_test.TestViewerPermissions" name="test_viewer_cannot_patch_or_delete_attraction" time="0.179" /><testcase classname="tests.phase2_test.TestStopsValidation" name="test_invalid_transport_mode_422" time="0.060" /><testcase classname="tests.phase2_test.TestStopsValidation" name="test_negative_km_422" time="0.060" /><testcase classname="tests.phase2_test.TestStopsValidation" name="test_bad_time_422" time="0.062" /><testcase classname="tests.phase2_test.TestViewerPermissions" name="test_viewer_cannot_reorder_attractions" time="0.067" /><testcase classname="tests.phase2_test.TestStopsValidation" name="test_empty_title_422" time="0.122" /><testcase classname="tests.phase4_test.TestInvites" name="test_invite_lifecycle" time="1.281" /><testcase classname="tests.phase2_test.TestAttractionsReorder" name="test_same_stop_reorder" time="0.811" /><testcase classname="tests.phase2_test.TestAttractionsReorder" name="test_cross_stop_move" time="0.381" /><testcase classname="tests.phase2_test.TestAttractionsReorder" name="test_invalid_attraction_id_atomic_rollback" time="0.080" /><testcase classname="tests.phase2_test.TestAttractionsReorder" name="test_invalid_target_stop_atomic_rollback" time="0.125" /><testcase classname="tests.phase2_test.TestAttractionsReorder" name="test_negative_order_422" time="0.177" /><testcase classname="tests.phase4_test.TestInvites" name="test_invite_self_400" time="0.138" /><testcase classname="tests.phase4_test.TestInvites" name="test_invite_bad_role_422" time="0.069" /><testcase classname="tests.phase2_test.TestAttractionsReorder" name="test_empty_moves_422" time="0.206" /><testcase classname="tests.phase4_test.TestInvites" name="test_unknown_token_404" time="0.129" /><testcase classname="tests.phase4_test.TestInvites" name="test_decline" time="0.756" /><testcase classname="tests.phase4_test.TestSplitAndDebts" name="test_split_non_member_422" time="0.439" /><testcase classname="tests.phase4_test.TestSplitAndDebts" name="test_paid_by_non_member_422" time="0.072" /><testcase classname="tests.phase4_test.TestSplitAndDebts" name="test_patch_split_non_member_422" time="0.243" /><testcase classname="tests.phase4_test.TestInvites" name="test_status_not_pending_410_on_get" time="0.746" /><testcase classname="tests.phase4_test.TestSplitAndDebts" name="test_debts_scenario" time="0.557" /><testcase classname="tests.phase4_test.TestSplitAndDebts" name="test_debts_missing_rate" time="0.394" /><testcase classname="tests.phase4_test.TestSplitAndDebts" name="test_debts_non_member_404" time="0.180" /><testcase classname="tests.phase4_test.TestVersion" name="test_version_owner" time="0.246" /><testcase classname="tests.phase4_test.TestVersion" name="test_version_viewer_ok" time="0.219" /><testcase classname="tests.phase4_test.TestVersion" name="test_version_non_member_404" time="0.195" /><testcase classname="tests.phase4_test.TestVersion" name="test_version_unauth_401" time="0.110" /><testcase classname="tests.phase3_test.TestSummary" name="test_gating" time="1.533" /><testcase classname="tests.phase4_test.TestMemberMgmt" name="test_patch_owner_role_400" time="0.264" /><testcase classname="tests.phase4_test.TestMemberMgmt" name="test_patch_unknown_member_404" time="0.059" /><testcase classname="tests.phase4_test.TestMemberMgmt" name="test_non_owner_cannot_remove_other" time="0.688" /><testcase classname="tests.phase3_test.TestSummary" name="test_a_missing_rate_excludes_and_reports" time="0.075" /><testcase classname="tests.phase3_test.TestSummary" name="test_b_with_rate_total_and_recompute" time="0.314" /><testcase classname="tests.phase3_test.TestSummary" name="test_c_rate_is_unidirectional" time="0.495" /><testcase classname="tests.phase4_test.TestMemberMgmt" name="test_non_owner_cannot_patch_member" time="0.502" /><testcase classname="tests.phase3_test.TestSummary" name="test_d_empty_trip_summary" time="0.355" /><testcase classname="tests.backend_test.TestHealth" name="test_health" time="0.138" /><testcase classname="tests.backend_test.TestHealth" name="test_openapi" time="0.144" /><testcase classname="tests.backend_test.TestHealth" name="test_root" time="0.305" /><testcase classname="tests.phase4_test.TestRolePermissions" name="test_editor_crud_allowed" time="1.147" /><testcase classname="tests.phase2_test.TestStopsAccess" name="test_list_empty_initially" time="0.522" /><testcase classname="tests.phase4_test.TestRolePermissions" name="test_editor_denied_owner_actions" time="0.238" /><testcase classname="tests.phase2_test.TestStopsAccess" name="test_list_unauth_401" time="0.143" /><testcase classname="tests.phase4_test.TestRolePermissions" name="test_viewer_reads_ok" time="0.714" /><testcase classname="tests.phase2_test.TestStopsAccess" name="test_list_non_member_404" time="0.277" /><testcase classname="tests.phase2_test.TestStopsPatch" name="test_partial_update_persists" time="0.349" /><testcase classname="tests.phase2_test.TestStopsPatch" name="test_start_only_update_range_validated" time="0.457" /><testcase classname="tests.phase4_test.TestRolePermissions" name="test_viewer_denied_all_mutations" time="0.708" /><testcase classname="tests.phase2_test.TestStopsPatch" name="test_patch_unknown_stop_404" time="0.168" /><testcase classname="tests.phase4_test.TestPresence" name="test_presence_post_get" time="0.940" /><testcase classname="tests.phase4_test.TestLeave" name="test_non_owner_leave" time="0.435" /><testcase classname="tests.phase4_test.TestLeave" name="test_owner_leave_promotes_first_editor" time="0.660" /><testcase classname="tests.phase4_test.TestPresence" name="test_presence_stale_excluded" time="0.299" /><testcase classname="tests.phase4_test.TestLeave" name="test_owner_leave_no_editors_deletes_trip" time="0.909" /><testcase classname="tests.phase4_test.TestPresence" name="test_presence_non_member_404" time="0.418" /><testcase classname="tests.phase2_test.TestStopsCreate" name="test_create_stop_fields_and_order" time="0.417" /><testcase classname="tests.phase2_test.TestStopsCreate" name="test_create_unauth_401" time="0.113" /><testcase classname="tests.phase2_test.TestStopsDelete" name="test_delete_cascades_attractions" time="0.400" /><testcase classname="tests.phase4_test.TestDevLoginAs" name="test_success_and_role" time="0.260" /><testcase classname="tests.phase4_test.TestDevLoginAs" name="test_invalid_role_422" time="0.116" /><testcase classname="tests.phase2_test.TestStopsDelete" name="test_delete_unknown_404" time="0.107" /><testcase classname="tests.phase4_test.TestDevLoginAs" name="test_unknown_trip_404" time="0.130" /><testcase classname="tests.phase2_test.TestStopsReorder" name="test_reorder_sets_index" time="0.264" /><testcase classname="tests.phase2_test.TestKnownDefects" name="test_reorder_subset_should_be_rejected" time="0.702" /><testcase classname="tests.phase2_test.TestStopsReorder" name="test_reorder_mismatch_422" time="0.282" /><testcase classname="tests.phase2_test.TestKnownDefects" name="test_trip_delete_cascades_stops_and_attractions" time="0.289" /><testcase classname="tests.phase4_test.TestVersionBumps" name="test_bumps_on_all_mutations" time="3.259" /><testcase classname="tests.phase2_test.TestOpenAPI" name="test_openapi_lists_phase2_routes" time="0.271" /><testcase classname="tests.phase3_test.TestTripCascadePhase3" name="test_delete_trip_cascades_all_six_collections" time="0.668" /><testcase classname="tests.phase4_test.TestOpenAPI" name="test_phase4_paths_present" time="0.152" /><testcase classname="tests.phase4_test.TestVersionBumps" name="test_member_patch_and_delete_bump" time="0.674" /><testcase classname="tests.phase3_test.TestOpenAPIPhase3" name="test_openapi_lists_phase3_paths" time="0.160" /></testsuite></testsuites>