<?xml version="1.0" encoding="utf-8"?><testsuites name="pytest tests"><testsuite name="pytest" errors="0" failures="0" skipped="0" tests="104" time="18.212" timestamp="2026-08-20T09:17:35.144996+00:00" hostname="agent-env-3dbfbce3-8f9a-4fac-901b-45bc191058a5"><testcase classname="tests.phase2_test.TestPhase2Fixes" name="test_delete_trip_cascades_everything" time="1.161" /><testcase classname="tests.phase2_test.TestOrderNormalization" name="test_cross_stop_partial_move_normalizes_source_and_target" time="1.094" /><testcase classname="tests.phase2_test.TestOrderNormalization" name="test_same_stop_reorder_normalizes" time="0.453" /><testcase classname="tests.phase2_test.TestPhase2Fixes" name="test_delete_trip_does_not_touch_other_trips" time="0.549" /><testcase classname="tests.phase2_test.TestOrderNormalization" name="test_delete_attraction_normalizes" time="0.546" /><testcase classname="tests.phase2_test.TestPhase2Fixes" name="test_reorder_full_permutation_ok" time="0.872" /><testcase classname="tests.phase2_test.TestOrderNormalization" name="test_delete_stop_normalizes_stop_orders" time="0.490" /><testcase classname="tests.phase2_test.TestPhase2Fixes" name="test_reorder_subset_rejected_422_and_no_mutation" time="1.209" /><testcase classname="tests.phase2_test.TestOrderNormalization" name="test_invalid_reorder_422_no_mutation" time="0.501" /><testcase classname="tests.phase2_test.TestOrderNormalization" name="test_non_contiguous_new_order_normalized" time="0.447" /><testcase classname="tests.phase2_test.TestOrderNormalization" name="test_untouched_stop_not_renumbered" time="0.704" /><testcase classname="tests.phase2_test.TestPhase2Fixes" name="test_reorder_duplicates_rejected_422" time="1.531" /><testcase classname="tests.phase2_test.TestOrderNormalization" name="test_move_to_position_zero_before_older_item" time="0.538" /><testcase classname="tests.phase2_test.TestOrderNormalization" name="test_two_moves_into_stop_with_older_items" time="0.821" /><testcase classname="tests.phase2_test.TestPhase2Fixes" name="test_reorder_superset_unknown_id_rejected" time="0.331" /><testcase classname="tests.phase2_test.TestOrderNormalization" name="test_move_to_end_lands_last" time="0.694" /><testcase classname="tests.phase2_test.TestPhase2Fixes" name="test_reorder_empty_list_rejected" time="0.335" /><testcase classname="tests.phase2_test.TestPhase2Fixes" name="test_create_attraction_rejects_bad_booking_link[javascript:alert(1)]" time="0.243" /><testcase classname="tests.phase2_test.TestPhase2Fixes" name="test_create_attraction_rejects_bad_booking_link[JavaScript:alert(1)]" time="0.246" /><testcase classname="tests.phase2_test.TestOrderNormalization" name="test_three_moves_into_stop_with_older_items" time="0.883" /><testcase classname="tests.phase2_test.TestPhase2Fixes" name="test_create_attraction_rejects_bad_booking_link[data:text/html,&lt;script&gt;x&lt;/script&gt;]" time="0.315" /><testcase classname="tests.phase2_test.TestPhase2Fixes" name="test_create_attraction_rejects_bad_booking_link[ftp://example.com/x]" time="0.254" /><testcase classname="tests.phase2_test.TestPhase2Fixes" name="test_create_attraction_rejects_bad_booking_link[//evil.com]" time="0.388" /><testcase classname="tests.phase2_test.TestOrderNormalization" name="test_inbound_order_beyond_length_lands_at_end" time="0.637" /><testcase classname="tests.phase2_test.TestPhase2Fixes" name="test_create_attraction_rejects_bad_booking_link[example.com]" time="0.254" /><testcase classname="tests.phase2_test.TestPhase2Fixes" name="test_create_attraction_accepts_valid_booking_link[https://booking.com/x]" time="0.250" /><testcase classname="tests.phase2_test.TestOrderNormalization" name="test_mixed_same_stop_and_cross_stop_moves" time="0.825" /><testcase classname="tests.phase2_test.TestPhase2Fixes" name="test_create_attraction_accepts_valid_booking_link[http://example.org/a?b=1]" time="0.255" /><testcase classname="tests.phase2_test.TestPhase2Fixes" name="test_create_attraction_accepts_valid_booking_link[None]" time="0.303" /><testcase classname="tests.phase2_test.TestPhase2Fixes" name="test_create_attraction_accepts_valid_booking_link[]" time="0.255" /><testcase classname="tests.phase2_test.TestOrderNormalization" name="test_depleted_source_stop_contiguous" time="0.763" /><testcase classname="tests.phase2_test.TestPhase2Fixes" name="test_patch_attraction_rejects_bad_booking_link_and_keeps_old" time="0.627" /><testcase classname="tests.phase2_test.TestOrderNormalization" name="test_no_duplicate_order_tuples_in_trip" time="1.076" /><testcase classname="tests.phase2_test.TestAttractions" name="test_list_empty" time="0.203" /><testcase classname="tests.phase2_test.TestAttractions" name="test_create_defaults_currency_and_order" time="0.239" /><testcase classname="tests.phase2_test.TestAttractions" name="test_create_unknown_stop_404" time="0.055" /><testcase classname="tests.phase2_test.TestAttractions" name="test_validations_422[payload0]" time="0.076" /><testcase classname="tests.phase2_test.TestAttractions" name="test_validations_422[payload1]" time="0.104" /><testcase classname="tests.phase2_test.TestAttractions" name="test_validations_422[payload2]" time="0.106" /><testcase classname="tests.phase2_test.TestAttractions" name="test_validations_422[payload3]" time="0.053" /><testcase classname="tests.phase2_test.TestAttractions" name="test_validations_422[payload4]" time="0.118" /><testcase classname="tests.phase2_test.TestAttractions" name="test_patch_attraction" time="0.178" /><testcase classname="tests.backend_test.TestAuth" name="test_dev_login_returns_user_cookie_and_token" time="0.154" /><testcase classname="tests.phase2_test.TestAttractions" name="test_patch_unknown_404" time="0.076" /><testcase classname="tests.phase2_test.TestAttractions" name="test_delete_attraction" time="0.229" /><testcase classname="tests.backend_test.TestAuth" name="test_me_unauthenticated_401" time="0.129" /><testcase classname="tests.phase2_test.TestAttractions" name="test_delete_unknown_404" time="0.131" /><testcase classname="tests.backend_test.TestAuth" name="test_me_with_cookie" time="0.211" /><testcase classname="tests.backend_test.TestTrips" name="test_trips_require_auth" time="0.259" /><testcase classname="tests.backend_test.TestAuth" name="test_me_with_bearer" time="0.297" /><testcase classname="tests.backend_test.TestAuth" name="test_me_invalid_token_401" time="0.162" /><testcase classname="tests.backend_test.TestTrips" name="test_create_trip_and_persistence" time="0.288" /><testcase classname="tests.backend_test.TestAuth" name="test_logout_invalidates_session" time="0.446" /><testcase classname="tests.backend_test.TestTrips" name="test_create_trip_end_before_start_422" time="0.087" /><testcase classname="tests.backend_test.TestTrips" name="test_create_trip_bad_currency_422" time="0.071" /><testcase classname="tests.backend_test.TestTrips" name="test_create_trip_empty_title_422" time="0.063" /><testcase classname="tests.backend_test.TestTrips" name="test_list_trips_ordering_desc" time="0.267" /><testcase classname="tests.backend_test.TestAuth" name="test_dev_login_upsert_same_user" time="0.304" /><testcase classname="tests.backend_test.TestTrips" name="test_isolation_bob_cannot_see_alice_trips" time="0.636" /><testcase classname="tests.backend_test.TestAuth" name="test_dev_login_invalid_email_422" time="0.143" /><testcase classname="tests.backend_test.TestAuth" name="test_google_login_redirect" time="0.241" /><testcase classname="tests.backend_test.TestAuth" name="test_google_login_missing_redirect_400" time="0.350" /><testcase classname="tests.backend_test.TestTrips" name="test_get_nonexistent_trip_404" time="0.070" /><testcase classname="tests.backend_test.TestTrips" name="test_delete_trip_cascade" time="0.350" /><testcase classname="tests.backend_test.TestTrips" name="test_no_patch_route" time="0.856" /><testcase classname="tests.phase2_test.TestViewerPermissions" name="test_viewer_can_read" time="0.739" /><testcase classname="tests.phase2_test.TestViewerPermissions" name="test_viewer_cannot_create_stop" time="0.064" /><testcase classname="tests.phase2_test.TestViewerPermissions" name="test_viewer_cannot_patch_stop" time="0.064" /><testcase classname="tests.phase2_test.TestViewerPermissions" name="test_viewer_cannot_delete_stop" time="0.105" /><testcase classname="tests.phase2_test.TestViewerPermissions" name="test_viewer_cannot_reorder_stops" time="0.064" /><testcase classname="tests.phase2_test.TestViewerPermissions" name="test_viewer_cannot_create_attraction" time="0.064" /><testcase classname="tests.phase2_test.TestViewerPermissions" name="test_viewer_cannot_patch_or_delete_attraction" time="0.129" /><testcase classname="tests.phase2_test.TestStopsValidation" name="test_end_before_start_422" time="0.307" /><testcase classname="tests.phase2_test.TestViewerPermissions" name="test_viewer_cannot_reorder_attractions" time="0.065" /><testcase classname="tests.phase2_test.TestStopsValidation" name="test_dates_outside_trip_range_422" time="0.072" /><testcase classname="tests.phase2_test.TestStopsValidation" name="test_end_after_trip_end_422" time="0.112" /><testcase classname="tests.phase2_test.TestStopsValidation" name="test_invalid_transport_mode_422" time="0.072" /><testcase classname="tests.phase2_test.TestStopsValidation" name="test_negative_km_422" time="0.072" /><testcase classname="tests.phase2_test.TestStopsValidation" name="test_bad_time_422" time="0.072" /><testcase classname="tests.phase2_test.TestAttractionsReorder" name="test_same_stop_reorder" time="0.630" /><testcase classname="tests.phase2_test.TestStopsValidation" name="test_empty_title_422" time="0.151" /><testcase classname="tests.backend_test.TestHealth" name="test_health" time="0.108" /><testcase classname="tests.phase2_test.TestAttractionsReorder" name="test_cross_stop_move" time="0.305" /><testcase classname="tests.backend_test.TestHealth" name="test_openapi" time="0.149" /><testcase classname="tests.backend_test.TestHealth" name="test_root" time="0.314" /><testcase classname="tests.phase2_test.TestAttractionsReorder" name="test_invalid_attraction_id_atomic_rollback" time="0.067" /><testcase classname="tests.phase2_test.TestAttractionsReorder" name="test_invalid_target_stop_atomic_rollback" time="0.081" /><testcase classname="tests.phase2_test.TestAttractionsReorder" name="test_negative_order_422" time="0.205" /><testcase classname="tests.phase2_test.TestAttractionsReorder" name="test_empty_moves_422" time="0.075" /><testcase classname="tests.phase2_test.TestStopsAccess" name="test_list_empty_initially" time="0.438" /><testcase classname="tests.phase2_test.TestStopsPatch" name="test_partial_update_persists" time="0.201" /><testcase classname="tests.phase2_test.TestStopsPatch" name="test_start_only_update_range_validated" time="0.260" /><testcase classname="tests.phase2_test.TestStopsAccess" name="test_list_unauth_401" time="0.159" /><testcase classname="tests.phase2_test.TestStopsPatch" name="test_patch_unknown_stop_404" time="0.105" /><testcase classname="tests.phase2_test.TestStopsAccess" name="test_list_non_member_404" time="0.202" /><testcase classname="tests.phase2_test.TestStopsCreate" name="test_create_stop_fields_and_order" time="0.240" /><testcase classname="tests.phase2_test.TestStopsDelete" name="test_delete_cascades_attractions" time="0.343" /><testcase classname="tests.phase2_test.TestStopsCreate" name="test_create_unauth_401" time="0.177" /><testcase classname="tests.phase2_test.TestStopsDelete" name="test_delete_unknown_404" time="0.107" /><testcase classname="tests.phase2_test.TestKnownDefects" name="test_reorder_subset_should_be_rejected" time="0.446" /><testcase classname="tests.phase2_test.TestStopsReorder" name="test_reorder_sets_index" time="0.368" /><testcase classname="tests.phase2_test.TestStopsReorder" name="test_reorder_mismatch_422" time="0.305" /><testcase classname="tests.phase2_test.TestKnownDefects" name="test_trip_delete_cascades_stops_and_attractions" time="0.279" /><testcase classname="tests.phase2_test.TestOpenAPI" name="test_openapi_lists_phase2_routes" time="0.250" /></testsuite></testsuites>