<?xml version="1.0" encoding="utf-8"?><testsuites name="pytest tests"><testsuite name="pytest" errors="0" failures="1" skipped="0" tests="145" time="25.348" timestamp="2026-08-20T09:33:56.848577+00:00" hostname="agent-env-3dbfbce3-8f9a-4fac-901b-45bc191058a5"><testcase classname="tests.phase2_test.TestPhase2Fixes" name="test_delete_trip_cascades_everything" time="0.935" /><testcase classname="tests.phase3_test.TestHotels" name="test_list_role_gating" time="0.965" /><testcase classname="tests.phase2_test.TestPhase2Fixes" name="test_delete_trip_does_not_touch_other_trips" time="0.631" /><testcase classname="tests.phase3_test.TestHotels" name="test_list_unknown_stop_404" time="0.103" /><testcase classname="tests.phase3_test.TestHotels" name="test_create_defaults_currency_and_fields" time="0.224" /><testcase classname="tests.phase3_test.TestHotels" name="test_dates_outside_stop_range_allowed" time="0.169" /><testcase classname="tests.phase3_test.TestHotels" name="test_validations_422[payload0]" time="0.100" /><testcase classname="tests.phase3_test.TestHotels" name="test_validations_422[payload1]" time="0.060" /><testcase classname="tests.phase2_test.TestPhase2Fixes" name="test_reorder_full_permutation_ok" time="0.564" /><testcase classname="tests.phase3_test.TestHotels" name="test_validations_422[payload2]" time="0.060" /><testcase classname="tests.phase3_test.TestHotels" name="test_validations_422[payload3]" time="0.061" /><testcase classname="tests.phase3_test.TestHotels" name="test_validations_422[payload4]" time="0.062" /><testcase classname="tests.phase3_test.TestHotels" name="test_currency_case_insensitive" time="0.125" /><testcase classname="tests.phase3_test.TestHotels" name="test_patch_partial_and_effective_range" time="0.455" /><testcase classname="tests.phase2_test.TestPhase2Fixes" name="test_reorder_subset_rejected_422_and_no_mutation" time="0.647" /><testcase classname="tests.phase3_test.TestHotels" name="test_patch_unknown_404" time="0.061" /><testcase classname="tests.phase3_test.TestHotels" name="test_patch_bad_link_422" time="0.223" /><testcase classname="tests.phase3_test.TestHotels" name="test_delete_and_404" time="0.227" /><testcase classname="tests.phase2_test.TestPhase2Fixes" name="test_reorder_duplicates_rejected_422" time="0.534" /><testcase classname="tests.phase3_test.TestHotels" name="test_viewer_cannot_write" time="0.424" /><testcase classname="tests.phase2_test.TestPhase2Fixes" name="test_reorder_superset_unknown_id_rejected" time="0.418" /><testcase classname="tests.phase3_test.TestHotels" name="test_multiple_hotels_sorted_by_check_in" time="0.377" /><testcase classname="tests.phase2_test.TestPhase2Fixes" name="test_reorder_empty_list_rejected" time="0.302" /><testcase classname="tests.phase2_test.TestPhase2Fixes" name="test_create_attraction_rejects_bad_booking_link[javascript:alert(1)]" time="0.300" /><testcase classname="tests.phase2_test.TestOrderNormalization" name="test_cross_stop_partial_move_normalizes_source_and_target" time="1.358" /><testcase classname="tests.phase2_test.TestPhase2Fixes" name="test_create_attraction_rejects_bad_booking_link[JavaScript:alert(1)]" time="0.342" /><testcase classname="tests.phase2_test.TestPhase2Fixes" name="test_create_attraction_rejects_bad_booking_link[data:text/html,&lt;script&gt;x&lt;/script&gt;]" time="0.306" /><testcase classname="tests.phase2_test.TestPhase2Fixes" name="test_create_attraction_rejects_bad_booking_link[ftp://example.com/x]" time="0.340" /><testcase classname="tests.phase2_test.TestOrderNormalization" name="test_same_stop_reorder_normalizes" time="0.667" /><testcase classname="tests.phase2_test.TestPhase2Fixes" name="test_create_attraction_rejects_bad_booking_link[//evil.com]" time="0.340" /><testcase classname="tests.phase2_test.TestPhase2Fixes" name="test_create_attraction_rejects_bad_booking_link[example.com]" time="0.343" /><testcase classname="tests.phase2_test.TestOrderNormalization" name="test_delete_attraction_normalizes" time="0.725" /><testcase classname="tests.phase2_test.TestPhase2Fixes" name="test_create_attraction_accepts_valid_booking_link[https://booking.com/x]" time="0.383" /><testcase classname="tests.phase2_test.TestPhase2Fixes" name="test_create_attraction_accepts_valid_booking_link[http://example.org/a?b=1]" time="0.425" /><testcase classname="tests.phase2_test.TestOrderNormalization" name="test_delete_stop_normalizes_stop_orders" time="0.585" /><testcase classname="tests.phase2_test.TestPhase2Fixes" name="test_create_attraction_accepts_valid_booking_link[None]" time="0.300" /><testcase classname="tests.phase2_test.TestOrderNormalization" name="test_invalid_reorder_422_no_mutation" time="0.598" /><testcase classname="tests.phase2_test.TestPhase2Fixes" name="test_create_attraction_accepts_valid_booking_link[]" time="0.301" /><testcase classname="tests.phase2_test.TestPhase2Fixes" name="test_patch_attraction_rejects_bad_booking_link_and_keeps_old" time="0.724" /><testcase classname="tests.phase2_test.TestOrderNormalization" name="test_non_contiguous_new_order_normalized" time="0.570" /><testcase classname="tests.phase2_test.TestOrderNormalization" name="test_untouched_stop_not_renumbered" time="0.907" /><testcase classname="tests.phase2_test.TestAttractions" name="test_list_empty" time="0.198" /><testcase classname="tests.phase2_test.TestAttractions" name="test_create_defaults_currency_and_order" time="0.227" /><testcase classname="tests.phase2_test.TestAttractions" name="test_create_unknown_stop_404" time="0.075" /><testcase classname="tests.phase2_test.TestAttractions" name="test_validations_422[payload0]" time="0.115" /><testcase classname="tests.phase2_test.TestAttractions" name="test_validations_422[payload1]" time="0.074" /><testcase classname="tests.phase2_test.TestAttractions" name="test_validations_422[payload2]" time="0.075" /><testcase classname="tests.phase2_test.TestAttractions" name="test_validations_422[payload3]" time="0.116" /><testcase classname="tests.phase2_test.TestAttractions" name="test_validations_422[payload4]" time="0.075" /><testcase classname="tests.phase2_test.TestAttractions" name="test_patch_attraction" time="0.305" /><testcase classname="tests.phase2_test.TestOrderNormalization" name="test_move_to_position_zero_before_older_item" time="0.757" /><testcase classname="tests.phase2_test.TestAttractions" name="test_patch_unknown_404" time="0.074" /><testcase classname="tests.phase2_test.TestAttractions" name="test_delete_attraction" time="0.273" /><testcase classname="tests.phase2_test.TestAttractions" name="test_delete_unknown_404" time="0.190" /><testcase classname="tests.phase2_test.TestOrderNormalization" name="test_two_moves_into_stop_with_older_items" time="0.998" /><testcase classname="tests.backend_test.TestAuth" name="test_dev_login_returns_user_cookie_and_token" time="0.196" /><testcase classname="tests.backend_test.TestAuth" name="test_me_unauthenticated_401" time="0.118" /><testcase classname="tests.backend_test.TestAuth" name="test_me_with_cookie" time="0.249" /><testcase classname="tests.backend_test.TestAuth" name="test_me_with_bearer" time="0.232" /><testcase classname="tests.backend_test.TestAuth" name="test_me_invalid_token_401" time="0.144" /><testcase classname="tests.phase2_test.TestOrderNormalization" name="test_move_to_end_lands_last" time="0.774" /><testcase classname="tests.backend_test.TestAuth" name="test_logout_invalidates_session" time="0.443" /><testcase classname="tests.backend_test.TestAuth" name="test_dev_login_upsert_same_user" time="0.235" /><testcase classname="tests.backend_test.TestAuth" name="test_dev_login_invalid_email_422" time="0.130" /><testcase classname="tests.phase2_test.TestOrderNormalization" name="test_three_moves_into_stop_with_older_items" time="1.292" /><testcase classname="tests.backend_test.TestAuth" name="test_google_login_redirect" time="0.127" /><testcase classname="tests.backend_test.TestAuth" name="test_google_login_missing_redirect_400" time="0.137" /><testcase classname="tests.backend_test.TestTrips" name="test_trips_require_auth" time="0.278" /><testcase classname="tests.backend_test.TestTrips" name="test_create_trip_and_persistence" time="0.168" /><testcase classname="tests.backend_test.TestTrips" name="test_create_trip_end_before_start_422" time="0.072" /><testcase classname="tests.backend_test.TestTrips" name="test_create_trip_bad_currency_422" time="0.074" /><testcase classname="tests.backend_test.TestTrips" name="test_create_trip_empty_title_422" time="0.071" /><testcase classname="tests.backend_test.TestTrips" name="test_list_trips_ordering_desc" time="0.220" /><testcase classname="tests.phase2_test.TestOrderNormalization" name="test_inbound_order_beyond_length_lands_at_end" time="0.824" /><testcase classname="tests.backend_test.TestTrips" name="test_isolation_bob_cannot_see_alice_trips" time="0.622" /><testcase classname="tests.backend_test.TestTrips" name="test_get_nonexistent_trip_404" time="0.115" /><testcase classname="tests.backend_test.TestTrips" name="test_delete_trip_cascade" time="0.291" /><testcase classname="tests.phase2_test.TestOrderNormalization" name="test_mixed_same_stop_and_cross_stop_moves" time="0.990" /><testcase classname="tests.backend_test.TestTrips" name="test_no_patch_route" time="0.761" /><testcase classname="tests.phase2_test.TestOrderNormalization" name="test_depleted_source_stop_contiguous" time="0.927" /><testcase classname="tests.phase3_test.TestExpenses" name="test_list_gating" time="0.967" /><testcase classname="tests.phase3_test.TestExpenses" name="test_create_defaults" time="0.313" /><testcase classname="tests.phase2_test.TestOrderNormalization" name="test_no_duplicate_order_tuples_in_trip" time="1.342" /><testcase classname="tests.phase3_test.TestExpenses" name="test_create_with_stop_and_filter" time="0.491" /><testcase classname="tests.phase3_test.TestExpenses" name="test_create_unknown_stop_422" time="0.069" /><testcase classname="tests.phase3_test.TestExpenses" name="test_validations_422[payload0]" time="0.110" /><testcase classname="tests.phase3_test.TestExpenses" name="test_validations_422[payload1]" time="0.068" /><testcase classname="tests.phase3_test.TestExpenses" name="test_validations_422[payload2]" time="0.109" /><testcase classname="tests.phase3_test.TestExpenses" name="test_patch_and_delete" time="0.486" /><testcase classname="tests.phase3_test.TestExpenses" name="test_viewer_cannot_write" time="0.509" /><testcase classname="tests.phase3_test.TestExchangeRates" name="test_get_gating" time="1.023" /><testcase classname="tests.phase3_test.TestExchangeRates" name="test_put_owner_only" time="0.118" /><testcase classname="tests.phase3_test.TestExchangeRates" name="test_put_upsert_same_row" time="0.187" /><testcase classname="tests.phase3_test.TestExchangeRates" name="test_put_validations_422[body0]" time="0.059" /><testcase classname="tests.phase3_test.TestExchangeRates" name="test_put_validations_422[body1]" time="0.058" /><testcase classname="tests.phase2_test.TestViewerPermissions" name="test_viewer_can_read" time="0.832" /><testcase classname="tests.phase3_test.TestExchangeRates" name="test_put_validations_422[body2]" time="0.105" /><testcase classname="tests.phase3_test.TestExchangeRates" name="test_put_validations_422[body3]" time="0.058" /><testcase classname="tests.phase2_test.TestViewerPermissions" name="test_viewer_cannot_create_stop" time="0.095" /><testcase classname="tests.phase3_test.TestExchangeRates" name="test_put_validations_422[body4]" time="0.059" /><testcase classname="tests.phase3_test.TestExchangeRates" name="test_delete_owner_only" time="0.714" /><testcase classname="tests.phase2_test.TestViewerPermissions" name="test_viewer_cannot_patch_stop" time="0.071" /><testcase classname="tests.phase2_test.TestViewerPermissions" name="test_viewer_cannot_delete_stop" time="0.054" /><testcase classname="tests.phase2_test.TestViewerPermissions" name="test_viewer_cannot_reorder_stops" time="0.067" /><testcase classname="tests.phase2_test.TestViewerPermissions" name="test_viewer_cannot_create_attraction" time="0.057" /><testcase classname="tests.phase2_test.TestViewerPermissions" name="test_viewer_cannot_patch_or_delete_attraction" time="0.123" /><testcase classname="tests.phase2_test.TestViewerPermissions" name="test_viewer_cannot_reorder_attractions" time="0.066" /><testcase classname="tests.phase2_test.TestAttractionsReorder" name="test_same_stop_reorder" time="0.561" /><testcase classname="tests.phase2_test.TestStopsValidation" name="test_end_before_start_422" time="0.276" /><testcase classname="tests.phase2_test.TestStopsValidation" name="test_dates_outside_trip_range_422" time="0.075" /><testcase classname="tests.phase2_test.TestAttractionsReorder" name="test_cross_stop_move" time="0.264" /><testcase classname="tests.phase2_test.TestStopsValidation" name="test_end_after_trip_end_422" time="0.071" /><testcase classname="tests.phase2_test.TestStopsValidation" name="test_invalid_transport_mode_422" time="0.063" /><testcase classname="tests.phase2_test.TestStopsValidation" name="test_negative_km_422" time="0.071" /><testcase classname="tests.phase2_test.TestAttractionsReorder" name="test_invalid_attraction_id_atomic_rollback" time="0.063" /><testcase classname="tests.phase2_test.TestStopsValidation" name="test_bad_time_422" time="0.076" /><testcase classname="tests.phase2_test.TestAttractionsReorder" name="test_invalid_target_stop_atomic_rollback" time="0.066" /><testcase classname="tests.phase2_test.TestStopsValidation" name="test_empty_title_422" time="0.143" /><testcase classname="tests.phase2_test.TestAttractionsReorder" name="test_negative_order_422" time="0.123" /><testcase classname="tests.phase2_test.TestAttractionsReorder" name="test_empty_moves_422" time="0.197" /><testcase classname="tests.backend_test.TestHealth" name="test_health" time="0.135" /><testcase classname="tests.backend_test.TestHealth" name="test_openapi" time="0.150" /><testcase classname="tests.backend_test.TestHealth" name="test_root" time="0.335" /><testcase classname="tests.phase3_test.TestSummary" name="test_gating" time="1.406" /><testcase classname="tests.phase2_test.TestStopsAccess" name="test_list_empty_initially" time="0.461" /><testcase classname="tests.phase2_test.TestStopsAccess" name="test_list_unauth_401" time="0.131" /><testcase classname="tests.phase3_test.TestSummary" name="test_a_missing_rate_excludes_and_reports" time="0.116" /><testcase classname="tests.phase3_test.TestSummary" name="test_b_with_rate_total_and_recompute" time="0.279" /><testcase classname="tests.phase2_test.TestStopsAccess" name="test_list_non_member_404" time="0.310" /><testcase classname="tests.phase2_test.TestStopsPatch" name="test_partial_update_persists" time="0.200" /><testcase classname="tests.phase3_test.TestSummary" name="test_c_rate_is_unidirectional" time="0.437" /><testcase classname="tests.phase2_test.TestStopsPatch" name="test_start_only_update_range_validated" time="0.265" /><testcase classname="tests.phase2_test.TestStopsPatch" name="test_patch_unknown_stop_404" time="0.066" /><testcase classname="tests.phase3_test.TestSummary" name="test_d_empty_trip_summary" time="0.289" /><testcase classname="tests.phase2_test.TestStopsDelete" name="test_delete_cascades_attractions" time="0.491" /><testcase classname="tests.phase2_test.TestStopsDelete" name="test_delete_unknown_404" time="0.116" /><testcase classname="tests.phase2_test.TestStopsCreate" name="test_create_stop_fields_and_order" time="0.479" /><testcase classname="tests.phase2_test.TestStopsReorder" name="test_reorder_sets_index" time="0.263" /><testcase classname="tests.phase2_test.TestStopsCreate" name="test_create_unauth_401" time="0.109" /><testcase classname="tests.phase2_test.TestKnownDefects" name="test_reorder_subset_should_be_rejected" time="0.381" /><testcase classname="tests.phase2_test.TestStopsReorder" name="test_reorder_mismatch_422" time="0.244" /><testcase classname="tests.phase2_test.TestOpenAPI" name="test_openapi_lists_phase2_routes" time="0.211" /><testcase classname="tests.phase2_test.TestKnownDefects" name="test_trip_delete_cascades_stops_and_attractions" time="0.392" /><testcase classname="tests.phase3_test.TestTripCascadePhase3" name="test_delete_trip_cascades_all_six_collections" time="0.662"><failure message="AssertionError: orphans left after trip delete: {'stops': 0, 'attractions': 0, 'trip_members': 0, 'hotels': 1, 'expenses': 1, 'exchange_rates': 1}&#10;assert {'stops': 0, ...tels': 1, ...} == {'stops': 0, ...tels': 0, ...}&#10;  &#10;  Omitting 3 identical items, use -vv to show&#10;  Differing items:&#10;  {'expenses': 1} != {'expenses': 0}&#10;  {'hotels': 1} != {'hotels': 0}&#10;  {'exchange_rates': 1} != {'exchange_rates': 0}&#10;  Use -v to get more diff">self = &lt;phase3_test.TestTripCascadePhase3 object at 0xf9bb845aaa50&gt;
alice = &lt;requests.sessions.Session object at 0xf9bb844f0c90&gt;
mongo = Database(MongoClient(host=['localhost:27017'], document_class=dict, tz_aware=False, connect=True), 'test_database')

    def test_delete_trip_cascades_all_six_collections(self, alice, mongo):
        t = new_trip(alice, "CASC3")
        tid = t["trip_id"]
        st = mk_stop(alice, tid)
        sid = st["stop_id"]
        alice.post(f"{API}/trips/{tid}/stops/{sid}/attractions",
                   json={"name": "TEST_CascAtt", "cost": 5})
        assert alice.post(f"{API}/trips/{tid}/stops/{sid}/hotels",
                          json=hotel_body(name="TEST_CascHotel")).status_code == 201
        assert alice.post(f"{API}/trips/{tid}/expenses",
                          json={"label": "TEST_CascExp", "cost": 9}).status_code == 201
        assert alice.put(f"{API}/trips/{tid}/exchange-rates",
                         json={"from_currency": "USD", "to_currency": "EUR",
                               "rate": 0.9}).status_code == 200
    
        assert alice.delete(f"{API}/trips/{tid}").status_code == 204
        counts = {c: mongo[c].count_documents({"trip_id": tid}) for c in
                  ("stops", "attractions", "trip_members", "hotels", "expenses", "exchange_rates")}
        try:
&gt;           assert counts == {c: 0 for c in counts}, f"orphans left after trip delete: {counts}"
E           AssertionError: orphans left after trip delete: {'stops': 0, 'attractions': 0, 'trip_members': 0, 'hotels': 1, 'expenses': 1, 'exchange_rates': 1}
E           assert {'stops': 0, ...tels': 1, ...} == {'stops': 0, ...tels': 0, ...}
E             
E             Omitting 3 identical items, use -vv to show
E             Differing items:
E             {'expenses': 1} != {'expenses': 0}
E             {'hotels': 1} != {'hotels': 0}
E             {'exchange_rates': 1} != {'exchange_rates': 0}
E             Use -v to get more diff

tests/phase3_test.py:554: AssertionError</failure></testcase><testcase classname="tests.phase3_test.TestOpenAPIPhase3" name="test_openapi_lists_phase3_paths" time="0.128" /></testsuite></testsuites>