<?xml version="1.0" encoding="utf-8"?><testsuites name="pytest tests"><testsuite name="pytest" errors="0" failures="0" skipped="0" tests="220" time="45.162" timestamp="2026-08-20T11:12:16.752593+00:00" hostname="agent-env-3dbfbce3-8f9a-4fac-901b-45bc191058a5"><testcase classname="tests.phase2_test.TestPhase2Fixes" name="test_delete_trip_cascades_everything" time="1.162" /><testcase classname="tests.phase3_test.TestHotels" name="test_list_role_gating" time="0.935" /><testcase classname="tests.phase3_test.TestHotels" name="test_list_unknown_stop_404" time="0.047" /><testcase classname="tests.phase3_test.TestHotels" name="test_create_defaults_currency_and_fields" time="0.202" /><testcase classname="tests.phase2_test.TestPhase2Fixes" name="test_delete_trip_does_not_touch_other_trips" time="0.707" /><testcase classname="tests.phase3_test.TestHotels" name="test_dates_outside_stop_range_allowed" time="0.108" /><testcase classname="tests.phase3_test.TestHotels" name="test_validations_422[payload0]" time="0.047" /><testcase classname="tests.phase3_test.TestHotels" name="test_validations_422[payload1]" time="0.045" /><testcase classname="tests.phase3_test.TestHotels" name="test_validations_422[payload2]" time="0.098" /><testcase classname="tests.phase3_test.TestHotels" name="test_validations_422[payload3]" time="0.046" /><testcase classname="tests.phase3_test.TestHotels" name="test_validations_422[payload4]" time="0.054" /><testcase classname="tests.phase3_test.TestHotels" name="test_currency_case_insensitive" time="0.148" /><testcase classname="tests.phase3_test.TestHotels" name="test_patch_partial_and_effective_range" time="0.394" /><testcase classname="tests.phase2_test.TestPhase2Fixes" name="test_reorder_full_permutation_ok" time="0.767" /><testcase classname="tests.phase3_test.TestHotels" name="test_patch_unknown_404" time="0.093" /><testcase classname="tests.phase3_test.TestHotels" name="test_patch_bad_link_422" time="0.148" /><testcase classname="tests.phase3_test.TestHotels" name="test_delete_and_404" time="0.141" /><testcase classname="tests.phase3_test.TestHotels" name="test_viewer_cannot_write" time="0.323" /><testcase classname="tests.phase2_test.TestPhase2Fixes" name="test_reorder_subset_rejected_422_and_no_mutation" time="0.751" /><testcase classname="tests.phase3_test.TestHotels" name="test_multiple_hotels_sorted_by_check_in" time="0.364" /><testcase classname="tests.phase2_test.TestPhase2Fixes" name="test_reorder_duplicates_rejected_422" time="0.527" /><testcase classname="tests.phase2_test.TestOrderNormalization" name="test_cross_stop_partial_move_normalizes_source_and_target" time="1.270" /><testcase classname="tests.phase2_test.TestPhase2Fixes" name="test_reorder_superset_unknown_id_rejected" time="0.383" /><testcase classname="tests.phase2_test.TestPhase2Fixes" name="test_reorder_empty_list_rejected" time="0.438" /><testcase classname="tests.phase2_test.TestOrderNormalization" name="test_same_stop_reorder_normalizes" time="0.395" /><testcase classname="tests.phase2_test.TestPhase2Fixes" name="test_create_attraction_rejects_bad_booking_link[javascript:alert(1)]" time="0.349" /><testcase classname="tests.phase2_test.TestOrderNormalization" name="test_delete_attraction_normalizes" time="0.469" /><testcase classname="tests.phase2_test.TestPhase2Fixes" name="test_create_attraction_rejects_bad_booking_link[JavaScript:alert(1)]" time="0.403" /><testcase classname="tests.phase2_test.TestOrderNormalization" name="test_delete_stop_normalizes_stop_orders" time="0.505" /><testcase classname="tests.phase2_test.TestPhase2Fixes" name="test_create_attraction_rejects_bad_booking_link[data:text/html,&lt;script&gt;x&lt;/script&gt;]" time="0.320" /><testcase classname="tests.phase2_test.TestPhase2Fixes" name="test_create_attraction_rejects_bad_booking_link[ftp://example.com/x]" time="0.355" /><testcase classname="tests.phase2_test.TestOrderNormalization" name="test_invalid_reorder_422_no_mutation" time="0.439" /><testcase classname="tests.phase2_test.TestPhase2Fixes" name="test_create_attraction_rejects_bad_booking_link[//evil.com]" time="0.363" /><testcase classname="tests.phase2_test.TestOrderNormalization" name="test_non_contiguous_new_order_normalized" time="0.390" /><testcase classname="tests.phase2_test.TestPhase2Fixes" name="test_create_attraction_rejects_bad_booking_link[example.com]" time="0.329" /><testcase classname="tests.phase2_test.TestOrderNormalization" name="test_untouched_stop_not_renumbered" time="0.661" /><testcase classname="tests.phase2_test.TestPhase2Fixes" name="test_create_attraction_accepts_valid_booking_link[https://booking.com/x]" time="0.298" /><testcase classname="tests.phase2_test.TestPhase2Fixes" name="test_create_attraction_accepts_valid_booking_link[http://example.org/a?b=1]" time="0.377" /><testcase classname="tests.phase2_test.TestOrderNormalization" name="test_move_to_position_zero_before_older_item" time="0.561" /><testcase classname="tests.phase2_test.TestPhase2Fixes" name="test_create_attraction_accepts_valid_booking_link[None]" time="0.391" /><testcase classname="tests.phase2_test.TestOrderNormalization" name="test_two_moves_into_stop_with_older_items" time="0.822" /><testcase classname="tests.phase2_test.TestPhase2Fixes" name="test_create_attraction_accepts_valid_booking_link[]" time="0.321" /><testcase classname="tests.phase2_test.TestPhase2Fixes" name="test_patch_attraction_rejects_bad_booking_link_and_keeps_old" time="0.794" /><testcase classname="tests.phase2_test.TestOrderNormalization" name="test_move_to_end_lands_last" time="0.778" /><testcase classname="tests.phase2_test.TestAttractions" name="test_list_empty" time="0.153" /><testcase classname="tests.phase2_test.TestAttractions" name="test_create_defaults_currency_and_order" time="0.325" /><testcase classname="tests.phase2_test.TestOrderNormalization" name="test_three_moves_into_stop_with_older_items" time="0.805" /><testcase classname="tests.phase2_test.TestAttractions" name="test_create_unknown_stop_404" time="0.126" /><testcase classname="tests.phase2_test.TestAttractions" name="test_validations_422[payload0]" time="0.116" /><testcase classname="tests.phase2_test.TestAttractions" name="test_validations_422[payload1]" time="0.076" /><testcase classname="tests.phase2_test.TestAttractions" name="test_validations_422[payload2]" time="0.125" /><testcase classname="tests.phase2_test.TestAttractions" name="test_validations_422[payload3]" time="0.077" /><testcase classname="tests.phase2_test.TestAttractions" name="test_validations_422[payload4]" time="0.076" /><testcase classname="tests.phase2_test.TestAttractions" name="test_patch_attraction" time="0.327" /><testcase classname="tests.phase2_test.TestOrderNormalization" name="test_inbound_order_beyond_length_lands_at_end" time="0.595" /><testcase classname="tests.phase2_test.TestAttractions" name="test_patch_unknown_404" time="0.122" /><testcase classname="tests.phase2_test.TestAttractions" name="test_delete_attraction" time="0.239" /><testcase classname="tests.phase2_test.TestAttractions" name="test_delete_unknown_404" time="0.163" /><testcase classname="tests.phase2_test.TestOrderNormalization" name="test_mixed_same_stop_and_cross_stop_moves" time="0.852" /><testcase classname="tests.phase5_test.TestKmMock" name="test_km_seed_trip" time="0.380" /><testcase classname="tests.phase5_test.TestKmMock" name="test_stop_response_exposes_km_calc_error_field" time="0.195" /><testcase classname="tests.phase5_test.TestKmMock" name="test_create_stop_response_returns_computed_km" time="0.141" /><testcase classname="tests.phase5_test.TestKmMock" name="test_km_pairs_car[Roma, IT-Napoli, IT-225.0]" time="0.187" /><testcase classname="tests.phase2_test.TestOrderNormalization" name="test_depleted_source_stop_contiguous" time="0.855" /><testcase classname="tests.phase5_test.TestKmMock" name="test_km_pairs_car[London, UK-Paris, FR-460.0]" time="0.233" /><testcase classname="tests.phase5_test.TestKmMock" name="test_km_pairs_car[Lisbon, PT-Sintra, PT-30.0]" time="0.282" /><testcase classname="tests.phase5_test.TestKmMock" name="test_km_unknown_city_error_flag" time="0.231" /><testcase classname="tests.phase2_test.TestOrderNormalization" name="test_no_duplicate_order_tuples_in_trip" time="1.104" /><testcase classname="tests.phase5_test.TestKmMock" name="test_km_transport_other_is_null" time="0.245" /><testcase classname="tests.phase5_test.TestKmMock" name="test_km_recalc_on_patch_location_and_mode" time="0.348" /><testcase classname="tests.phase5_test.TestKmMock" name="test_km_recalc_on_reorder" time="0.403" /><testcase classname="tests.phase5_test.TestKmMock" name="test_manual_override_survives_reorder" time="0.480" /><testcase classname="tests.backend_test.TestAuth" name="test_dev_login_returns_user_cookie_and_token" time="0.179" /><testcase classname="tests.backend_test.TestAuth" name="test_me_unauthenticated_401" time="0.143" /><testcase classname="tests.backend_test.TestTrips" name="test_trips_require_auth" time="0.299" /><testcase classname="tests.backend_test.TestAuth" name="test_me_with_cookie" time="0.164" /><testcase classname="tests.backend_test.TestAuth" name="test_me_with_bearer" time="0.276" /><testcase classname="tests.backend_test.TestAuth" name="test_me_invalid_token_401" time="0.137" /><testcase classname="tests.backend_test.TestTrips" name="test_create_trip_and_persistence" time="0.244" /><testcase classname="tests.backend_test.TestAuth" name="test_logout_invalidates_session" time="0.420" /><testcase classname="tests.backend_test.TestTrips" name="test_create_trip_end_before_start_422" time="0.046" /><testcase classname="tests.backend_test.TestTrips" name="test_create_trip_bad_currency_422" time="0.045" /><testcase classname="tests.backend_test.TestTrips" name="test_create_trip_empty_title_422" time="0.054" /><testcase classname="tests.backend_test.TestTrips" name="test_list_trips_ordering_desc" time="0.144" /><testcase classname="tests.backend_test.TestAuth" name="test_dev_login_upsert_same_user" time="0.272" /><testcase classname="tests.backend_test.TestTrips" name="test_isolation_bob_cannot_see_alice_trips" time="0.417" /><testcase classname="tests.backend_test.TestAuth" name="test_dev_login_invalid_email_422" time="0.111" /><testcase classname="tests.backend_test.TestTrips" name="test_get_nonexistent_trip_404" time="0.057" /><testcase classname="tests.backend_test.TestTrips" name="test_delete_trip_cascade" time="0.203" /><testcase classname="tests.backend_test.TestAuth" name="test_google_login_redirect" time="0.118" /><testcase classname="tests.backend_test.TestAuth" name="test_google_login_missing_redirect_400" time="0.225" /><testcase classname="tests.backend_test.TestTrips" name="test_no_patch_route" time="0.696" /><testcase classname="tests.phase3_test.TestExchangeRates" name="test_get_gating" time="1.139" /><testcase classname="tests.phase3_test.TestExchangeRates" name="test_put_owner_only" time="0.126" /><testcase classname="tests.phase3_test.TestExpenses" name="test_list_gating" time="0.931" /><testcase classname="tests.phase3_test.TestExchangeRates" name="test_put_upsert_same_row" time="0.184" /><testcase classname="tests.phase3_test.TestExchangeRates" name="test_put_validations_422[body0]" time="0.057" /><testcase classname="tests.phase3_test.TestExchangeRates" name="test_put_validations_422[body1]" time="0.060" /><testcase classname="tests.phase3_test.TestExchangeRates" name="test_put_validations_422[body2]" time="0.112" /><testcase classname="tests.phase3_test.TestExpenses" name="test_create_defaults" time="0.319" /><testcase classname="tests.phase3_test.TestExchangeRates" name="test_put_validations_422[body3]" time="0.053" /><testcase classname="tests.phase3_test.TestExchangeRates" name="test_put_validations_422[body4]" time="0.055" /><testcase classname="tests.phase3_test.TestExchangeRates" name="test_delete_owner_only" time="0.470" /><testcase classname="tests.phase3_test.TestExpenses" name="test_create_with_stop_and_filter" time="0.430" /><testcase classname="tests.phase3_test.TestExpenses" name="test_create_unknown_stop_422" time="0.087" /><testcase classname="tests.phase3_test.TestExpenses" name="test_validations_422[payload0]" time="0.063" /><testcase classname="tests.phase3_test.TestExpenses" name="test_validations_422[payload1]" time="0.067" /><testcase classname="tests.phase3_test.TestExpenses" name="test_validations_422[payload2]" time="0.073" /><testcase classname="tests.phase3_test.TestExpenses" name="test_patch_and_delete" time="0.574" /><testcase classname="tests.phase2_test.TestViewerPermissions" name="test_viewer_can_read" time="0.905" /><testcase classname="tests.phase3_test.TestExpenses" name="test_viewer_cannot_write" time="0.463" /><testcase classname="tests.phase2_test.TestViewerPermissions" name="test_viewer_cannot_create_stop" time="0.056" /><testcase classname="tests.phase2_test.TestViewerPermissions" name="test_viewer_cannot_patch_stop" time="0.062" /><testcase classname="tests.phase2_test.TestViewerPermissions" name="test_viewer_cannot_delete_stop" time="0.055" /><testcase classname="tests.phase2_test.TestViewerPermissions" name="test_viewer_cannot_reorder_stops" time="0.071" /><testcase classname="tests.phase2_test.TestViewerPermissions" name="test_viewer_cannot_create_attraction" time="0.057" /><testcase classname="tests.phase2_test.TestViewerPermissions" name="test_viewer_cannot_patch_or_delete_attraction" time="0.179" /><testcase classname="tests.phase2_test.TestViewerPermissions" name="test_viewer_cannot_reorder_attractions" time="0.073" /><testcase classname="tests.phase2_test.TestStopsValidation" name="test_end_before_start_422" time="0.081" /><testcase classname="tests.phase5_test.TestTripPatch" name="test_patch_title_and_dates" time="0.491" /><testcase classname="tests.phase2_test.TestStopsValidation" name="test_dates_outside_trip_range_422" time="0.071" /><testcase classname="tests.phase2_test.TestStopsValidation" name="test_end_after_trip_end_422" time="0.069" /><testcase classname="tests.phase2_test.TestStopsValidation" name="test_invalid_transport_mode_422" time="0.082" /><testcase classname="tests.phase2_test.TestStopsValidation" name="test_negative_km_422" time="0.079" /><testcase classname="tests.phase5_test.TestTripPatch" name="test_patch_home_currency_ignored" time="0.395" /><testcase classname="tests.phase2_test.TestStopsValidation" name="test_bad_time_422" time="0.124" /><testcase classname="tests.phase2_test.TestStopsValidation" name="test_empty_title_422" time="0.071" /><testcase classname="tests.phase5_test.TestTripPatch" name="test_patch_bumps_version" time="0.355" /><testcase classname="tests.phase2_test.TestAttractionsReorder" name="test_same_stop_reorder" time="0.707" /><testcase classname="tests.phase5_test.TestTripPatch" name="test_patch_end_before_start_422" time="0.153" /><testcase classname="tests.phase5_test.TestTripPatch" name="test_patch_stops_out_of_range_422" time="0.623" /><testcase classname="tests.phase2_test.TestAttractionsReorder" name="test_cross_stop_move" time="0.303" /><testcase classname="tests.phase2_test.TestAttractionsReorder" name="test_invalid_attraction_id_atomic_rollback" time="0.111" /><testcase classname="tests.phase2_test.TestAttractionsReorder" name="test_invalid_target_stop_atomic_rollback" time="0.077" /><testcase classname="tests.phase2_test.TestAttractionsReorder" name="test_negative_order_422" time="0.208" /><testcase classname="tests.phase5_test.TestTripPatch" name="test_patch_role_permissions" time="0.592" /><testcase classname="tests.phase2_test.TestAttractionsReorder" name="test_empty_moves_422" time="1.031" /><testcase classname="tests.phase5_test.TestTripPatch" name="test_patch_unauthenticated_401" time="0.211" /><testcase classname="tests.phase5_test.TestTripPatch" name="test_patch_unknown_trip_404" time="0.110" /><testcase classname="tests.phase4_test.TestSplitAndDebts" name="test_split_non_member_422" time="0.487" /><testcase classname="tests.phase4_test.TestInvites" name="test_invite_lifecycle" time="3.003" /><testcase classname="tests.phase4_test.TestSplitAndDebts" name="test_paid_by_non_member_422" time="0.073" /><testcase classname="tests.phase4_test.TestSplitAndDebts" name="test_patch_split_non_member_422" time="0.238" /><testcase classname="tests.phase4_test.TestSplitAndDebts" name="test_debts_scenario" time="0.589" /><testcase classname="tests.phase4_test.TestSplitAndDebts" name="test_debts_missing_rate" time="0.374" /><testcase classname="tests.phase4_test.TestSplitAndDebts" name="test_debts_non_member_404" time="0.146" /><testcase classname="tests.phase5_hotfix_extra_test" name="test_no_version_bump_when_zero_stops" time="0.560" /><testcase classname="tests.phase5_hotfix_extra_test" name="test_version_bump_sets_last_updated_by_and_at" time="1.736" /><testcase classname="tests.phase4_test.TestInvites" name="test_invite_self_400" time="0.133" /><testcase classname="tests.phase4_test.TestInvites" name="test_invite_bad_role_422" time="0.059" /><testcase classname="tests.phase4_test.TestInvites" name="test_unknown_token_404" time="0.183" /><testcase classname="tests.phase4_test.TestInvites" name="test_decline" time="0.671" /><testcase classname="tests.phase4_test.TestInvites" name="test_status_not_pending_410_on_get" time="0.671" /><testcase classname="tests.phase5_hotfix_extra_test" name="test_repeated_recompute_bumps_each_time" time="0.823" /><testcase classname="tests.phase5_hotfix_extra_test" name="test_other_counted_in_updated_count_and_km_totals" time="0.669" /><testcase classname="tests.phase5b_test.TestPhase5Fixes" name="test_seed_and_create_response_km" time="0.427" /><testcase classname="tests.phase5b_test.TestPhase5Fixes" name="test_summary_total_km" time="0.061" /><testcase classname="tests.phase5b_test.TestPhase5Fixes" name="test_km_calc_error_unknown_city" time="0.298" /><testcase classname="tests.phase5b_test.TestPhase5Fixes" name="test_patch_location_response_has_fresh_km" time="0.247" /><testcase classname="tests.phase5_hotfix_extra_test" name="test_mixed_trip_only_real_errors_reported" time="0.892" /><testcase classname="tests.phase5b_test.TestPhase5Fixes" name="test_summary_total_km_none_when_no_km" time="0.247" /><testcase classname="tests.phase5b_test.TestPhase5Fixes" name="test_manual_override_counted_in_total" time="0.261" /><testcase classname="tests.phase4_test.TestVersion" name="test_version_owner" time="0.266" /><testcase classname="tests.phase4_test.TestVersion" name="test_version_viewer_ok" time="0.155" /><testcase classname="tests.phase5_hotfix_extra_test" name="test_other_transport_survives_change_to_car" time="0.571" /><testcase classname="tests.phase4_test.TestVersion" name="test_version_non_member_404" time="0.292" /><testcase classname="tests.phase4_test.TestVersion" name="test_version_unauth_401" time="0.123" /><testcase classname="tests.phase4_test.TestMemberMgmt" name="test_patch_owner_role_400" time="0.185" /><testcase classname="tests.phase4_test.TestMemberMgmt" name="test_patch_unknown_member_404" time="0.079" /><testcase classname="tests.phase4_test.TestMemberMgmt" name="test_non_owner_cannot_remove_other" time="0.514" /><testcase classname="tests.phase4_test.TestMemberMgmt" name="test_non_owner_cannot_patch_member" time="0.480" /><testcase classname="tests.phase3_test.TestSummary" name="test_gating" time="1.430" /><testcase classname="tests.phase3_test.TestSummary" name="test_a_missing_rate_excludes_and_reports" time="0.077" /><testcase classname="tests.phase3_test.TestSummary" name="test_b_with_rate_total_and_recompute" time="0.350" /><testcase classname="tests.phase3_test.TestSummary" name="test_c_rate_is_unidirectional" time="0.516" /><testcase classname="tests.phase4_test.TestRolePermissions" name="test_editor_crud_allowed" time="1.138" /><testcase classname="tests.phase3_test.TestSummary" name="test_d_empty_trip_summary" time="0.341" /><testcase classname="tests.phase4_test.TestRolePermissions" name="test_editor_denied_owner_actions" time="0.225" /><testcase classname="tests.backend_test.TestHealth" name="test_health" time="0.159" /><testcase classname="tests.phase4_test.TestRolePermissions" name="test_viewer_reads_ok" time="0.617" /><testcase classname="tests.backend_test.TestHealth" name="test_openapi" time="0.183" /><testcase classname="tests.backend_test.TestHealth" name="test_root" time="0.270" /><testcase classname="tests.phase4_test.TestRolePermissions" name="test_viewer_denied_all_mutations" time="0.514" /><testcase classname="tests.phase2_test.TestStopsPatch" name="test_partial_update_persists" time="0.397" /><testcase classname="tests.phase2_test.TestStopsPatch" name="test_start_only_update_range_validated" time="0.282" /><testcase classname="tests.phase2_test.TestStopsPatch" name="test_patch_unknown_stop_404" time="0.151" /><testcase classname="tests.phase2_test.TestStopsAccess" name="test_list_empty_initially" time="0.435" /><testcase classname="tests.phase4_test.TestLeave" name="test_non_owner_leave" time="0.522" /><testcase classname="tests.phase2_test.TestStopsAccess" name="test_list_unauth_401" time="0.141" /><testcase classname="tests.phase2_test.TestStopsAccess" name="test_list_non_member_404" time="0.279" /><testcase classname="tests.phase4_test.TestLeave" name="test_owner_leave_promotes_first_editor" time="0.703" /><testcase classname="tests.phase4_test.TestPresence" name="test_presence_post_get" time="0.655" /><testcase classname="tests.phase4_test.TestLeave" name="test_owner_leave_no_editors_deletes_trip" time="1.196" /><testcase classname="tests.phase4_test.TestPresence" name="test_presence_stale_excluded" time="0.308" /><testcase classname="tests.phase4_test.TestPresence" name="test_presence_non_member_404" time="0.376" /><testcase classname="tests.phase5_hotfix_test" name="test_recompute_km_bumps_version_when_updates" time="0.669" /><testcase classname="tests.phase4_test.TestDevLoginAs" name="test_success_and_role" time="0.321" /><testcase classname="tests.phase4_test.TestDevLoginAs" name="test_invalid_role_422" time="0.173" /><testcase classname="tests.phase5_hotfix_test" name="test_transport_other_is_not_an_error" time="0.695" /><testcase classname="tests.phase4_test.TestDevLoginAs" name="test_unknown_trip_404" time="0.109" /><testcase classname="tests.phase2_test.TestStopsCreate" name="test_create_stop_fields_and_order" time="0.424" /><testcase classname="tests.phase2_test.TestStopsCreate" name="test_create_unauth_401" time="0.100" /><testcase classname="tests.phase5_hotfix_test" name="test_unknown_city_still_reported_as_error" time="0.554" /><testcase classname="tests.phase2_test.TestStopsDelete" name="test_delete_cascades_attractions" time="0.401" /><testcase classname="tests.phase5_test.TestCancellationAlerts" name="test_requires_auth" time="0.148" /><testcase classname="tests.phase2_test.TestStopsDelete" name="test_delete_unknown_404" time="0.080" /><testcase classname="tests.phase2_test.TestStopsReorder" name="test_reorder_sets_index" time="0.211" /><testcase classname="tests.phase2_test.TestStopsReorder" name="test_reorder_mismatch_422" time="0.197" /><testcase classname="tests.phase2_test.TestKnownDefects" name="test_reorder_subset_should_be_rejected" time="0.497" /><testcase classname="tests.phase5_test.TestCancellationAlerts" name="test_alerts_window_severity_sort" time="0.835" /><testcase classname="tests.phase5_test.TestCancellationAlerts" name="test_alerts_isolation_and_membership" time="0.348" /><testcase classname="tests.phase2_test.TestKnownDefects" name="test_trip_delete_cascades_stops_and_attractions" time="0.329" /><testcase classname="tests.phase2_test.TestOpenAPI" name="test_openapi_lists_phase2_routes" time="0.201" /><testcase classname="tests.phase4_test.TestVersionBumps" name="test_bumps_on_all_mutations" time="3.792" /><testcase classname="tests.phase3_test.TestOpenAPIPhase3" name="test_openapi_lists_phase3_paths" time="0.133" /><testcase classname="tests.phase4_test.TestOpenAPI" name="test_phase4_paths_present" time="0.147" /><testcase classname="tests.phase5_test.TestRecomputeKm" name="test_recompute_roles_and_payload" time="0.927" /><testcase classname="tests.phase5_test" name="test_openapi_lists_phase5_routes" time="0.221" /><testcase classname="tests.phase4_test.TestVersionBumps" name="test_member_patch_and_delete_bump" time="0.814" /><testcase classname="tests.phase3_test.TestTripCascadePhase3" name="test_delete_trip_cascades_all_six_collections" time="0.791" /></testsuite></testsuites>