<?xml version="1.0" encoding="utf-8"?><testsuites name="pytest tests"><testsuite name="pytest" errors="0" failures="0" skipped="0" tests="53" time="14.855" timestamp="2026-08-20T15:10:48.978287+00:00" hostname="agent-env-3dbfbce3-8f9a-4fac-901b-45bc191058a5"><testcase classname="tests.sprint_ab_test.TestTripReturnFields" name="test_create_baseline_defaults" time="0.232" /><testcase classname="tests.trip_summary_test" name="test_fresh_trip_summary_defaults" time="0.453" /><testcase classname="tests.sprint_ab_test.TestTripReturnFields" name="test_create_has_return_without_home_422" time="0.090" /><testcase classname="tests.sprint_ab_test.TestTripReturnFields" name="test_create_with_both_fields" time="0.148" /><testcase classname="tests.trip_summary_test" name="test_total_km_sums_stops" time="1.513" /><testcase classname="tests.sprint_ab_test.TestTripReturnFields" name="test_patch_home_location_alone" time="0.210" /><testcase classname="tests.sprint_ab_test.TestTripReturnFields" name="test_patch_enable_return_without_home_422" time="0.185" /><testcase classname="tests.sprint_ab_test.TestTripReturnFields" name="test_patch_enable_return_with_home_in_one_call" time="0.230" /><testcase classname="tests.sprint_ab_test.TestTripReturnFields" name="test_patch_editor_forbidden" time="0.386" /><testcase classname="tests.sprint_ab_test.TestTripReturnFields" name="test_list_trips_contains_fields" time="0.148" /><testcase classname="tests.sprint_ab_test.TestExpenseDate" name="test_default_today_when_in_range" time="0.204" /><testcase classname="tests.sprint_ab_test.TestExpenseDate" name="test_default_trip_start_when_today_outside" time="0.166" /><testcase classname="tests.trip_summary_test" name="test_total_cost_with_conversion" time="0.760" /><testcase classname="tests.sprint_ab_test.TestExpenseDate" name="test_create_within_range" time="0.088" /><testcase classname="tests.sprint_ab_test.TestExpenseDate" name="test_create_outside_range_422" time="0.077" /><testcase classname="tests.sprint_ab_test.TestExpenseDate" name="test_patch_expense_date" time="0.440" /><testcase classname="tests.sprint_ab_test.TestExpenseDate" name="test_list_sorted_by_date_desc" time="1.329" /><testcase classname="tests.trip_summary_test" name="test_missing_rate_excluded_and_flagged" time="0.637" /><testcase classname="tests.trip_summary_test" name="test_attraction_costs_included" time="0.523" /><testcase classname="tests.orphan_cascade_iter20_test.TestDbIntegrity" name="test_no_orphan_expenses_remain" time="0.006" /><testcase classname="tests.orphan_cascade_iter20_test.TestDbIntegrity" name="test_no_orphans_in_other_child_collections[stops]" time="0.003" /><testcase classname="tests.orphan_cascade_iter20_test.TestDbIntegrity" name="test_no_orphans_in_other_child_collections[hotels]" time="0.002" /><testcase classname="tests.orphan_cascade_iter20_test.TestDbIntegrity" name="test_no_orphans_in_other_child_collections[attractions]" time="0.002" /><testcase classname="tests.orphan_cascade_iter20_test.TestDbIntegrity" name="test_no_orphans_in_other_child_collections[exchange_rates]" time="0.002" /><testcase classname="tests.orphan_cascade_iter20_test.TestDbIntegrity" name="test_no_orphans_in_other_child_collections[trip_members]" time="0.004" /><testcase classname="tests.trip_map_test.TestRouteGeometryAuth" name="test_401_without_cookie" time="0.462" /><testcase classname="tests.trip_summary_test" name="test_isolation_between_users" time="0.777" /><testcase classname="tests.trip_map_test.TestRouteGeometryAuth" name="test_404_for_non_member" time="0.350" /><testcase classname="tests.trip_summary_test" name="test_multiple_trips_all_have_summary" time="0.545" /><testcase classname="tests.trip_map_test.TestRouteGeometryAuth" name="test_200_for_owner" time="0.198" /><testcase classname="tests.trip_map_test.TestRouteGeometryAuth" name="test_200_for_editor_and_viewer" time="0.836" /><testcase classname="tests.trip_summary_test" name="test_get_single_trip_regression" time="0.411" /><testcase classname="tests.trip_summary_test" name="test_unauthenticated_list_trips" time="0.145" /><testcase classname="tests.trip_map_test.TestRouteGeometryAuth" name="test_404_unknown_trip" time="0.378" /><testcase classname="tests.trip_map_test.TestRouteGeometryShape" name="test_zero_stops" time="0.352" /><testcase classname="tests.trip_map_test.TestRouteGeometryShape" name="test_one_stop" time="0.311" /><testcase classname="tests.sprint_ab_test.TestReturnLeg" name="test_return_leg_present" time="1.652" /><testcase classname="tests.trip_map_test.TestRouteGeometryShape" name="test_ungeocodable_stop_coords_null" time="0.840" /><testcase classname="tests.trip_map_test.TestRouteModes" name="test_car_two_stops" time="1.227" /><testcase classname="tests.sprint_ab_test.TestReturnLeg" name="test_return_leg_null_when_no_stops" time="0.185" /><testcase classname="tests.sprint_ab_test.TestReturnLeg" name="test_return_leg_null_when_has_return_false" time="0.296" /><testcase classname="tests.sprint_ab_test.TestRegression" name="test_core_endpoints" time="1.008" /><testcase classname="tests.trip_map_test.TestRouteModes" name="test_plane_haversine_no_ors_cache" time="0.377" /><testcase classname="tests.trip_map_test.TestRouteModes" name="test_other_all_null" time="0.794" /><testcase classname="tests.sprint_ab_test.TestRegression" name="test_openapi" time="0.511" /><testcase classname="tests.orphan_expenses_test" name="test_delete_trip_cascades_expense_without_stop_id" time="0.845" /><testcase classname="tests.trip_map_test.TestRegression" name="test_existing_endpoints" time="1.295" /><testcase classname="tests.orphan_expenses_test" name="test_cleanup_script_is_idempotent" time="1.335" /><testcase classname="tests.trip_map_test.TestRegression" name="test_openapi_contains_route_geometry" time="0.201" /><testcase classname="tests.trip_map_test.TestRouteCache" name="test_cache_write_and_hit" time="1.853" /><testcase classname="tests.orphan_cascade_iter21_test.TestLiveCascadeAllCollections" name="test_full_seed_then_delete_leaves_nothing" time="0.870" /><testcase classname="tests.orphan_cascade_iter21_test.TestLiveCascadeAllCollections" name="test_global_orphan_invariant_after_churn" time="0.007" /><testcase classname="tests.orphan_cascade_iter20_test.TestFullCascade" name="test_delete_trip_purges_every_child_collection" time="0.778" /></testsuite></testsuites>