<?xml version="1.0" encoding="utf-8"?><testsuites name="pytest tests"><testsuite name="pytest" errors="0" failures="0" skipped="0" tests="53" time="15.819" timestamp="2026-08-20T14:54:58.899149+00:00" hostname="agent-env-3dbfbce3-8f9a-4fac-901b-45bc191058a5"><testcase classname="tests.sprint_ab_test.TestTripReturnFields" name="test_create_baseline_defaults" time="0.300" /><testcase classname="tests.trip_summary_test" name="test_fresh_trip_summary_defaults" time="0.544" /><testcase classname="tests.sprint_ab_test.TestTripReturnFields" name="test_create_has_return_without_home_422" time="0.123" /><testcase classname="tests.sprint_ab_test.TestTripReturnFields" name="test_create_with_both_fields" time="0.154" /><testcase classname="tests.trip_summary_test" name="test_total_km_sums_stops" time="1.539" /><testcase classname="tests.sprint_ab_test.TestTripReturnFields" name="test_patch_home_location_alone" time="0.141" /><testcase classname="tests.sprint_ab_test.TestTripReturnFields" name="test_patch_enable_return_without_home_422" time="0.211" /><testcase classname="tests.sprint_ab_test.TestTripReturnFields" name="test_patch_enable_return_with_home_in_one_call" time="0.187" /><testcase classname="tests.sprint_ab_test.TestTripReturnFields" name="test_patch_editor_forbidden" time="0.360" /><testcase classname="tests.sprint_ab_test.TestTripReturnFields" name="test_list_trips_contains_fields" time="0.189" /><testcase classname="tests.sprint_ab_test.TestExpenseDate" name="test_default_today_when_in_range" time="0.214" /><testcase classname="tests.sprint_ab_test.TestExpenseDate" name="test_default_trip_start_when_today_outside" time="0.259" /><testcase classname="tests.trip_summary_test" name="test_total_cost_with_conversion" time="0.732" /><testcase classname="tests.sprint_ab_test.TestExpenseDate" name="test_create_within_range" time="0.130" /><testcase classname="tests.sprint_ab_test.TestExpenseDate" name="test_create_outside_range_422" time="0.138" /><testcase classname="tests.sprint_ab_test.TestExpenseDate" name="test_patch_expense_date" time="0.462" /><testcase classname="tests.trip_summary_test" name="test_missing_rate_excluded_and_flagged" time="0.607" /><testcase classname="tests.sprint_ab_test.TestExpenseDate" name="test_list_sorted_by_date_desc" time="2.090" /><testcase classname="tests.trip_summary_test" name="test_attraction_costs_included" time="0.577" /><testcase classname="tests.trip_summary_test" name="test_isolation_between_users" time="0.594" /><testcase classname="tests.trip_summary_test" name="test_multiple_trips_all_have_summary" time="0.680" /><testcase classname="tests.orphan_cascade_iter20_test.TestDbIntegrity" name="test_no_orphan_expenses_remain" time="0.006" /><testcase classname="tests.orphan_cascade_iter20_test.TestDbIntegrity" name="test_no_orphans_in_other_child_collections[stops]" time="0.003" /><testcase classname="tests.orphan_cascade_iter20_test.TestDbIntegrity" name="test_no_orphans_in_other_child_collections[hotels]" time="0.002" /><testcase classname="tests.orphan_cascade_iter20_test.TestDbIntegrity" name="test_no_orphans_in_other_child_collections[attractions]" time="0.002" /><testcase classname="tests.orphan_cascade_iter20_test.TestDbIntegrity" name="test_no_orphans_in_other_child_collections[exchange_rates]" time="0.002" /><testcase classname="tests.orphan_cascade_iter20_test.TestDbIntegrity" name="test_no_orphans_in_other_child_collections[trip_members]" time="0.004" /><testcase classname="tests.trip_map_test.TestRouteGeometryAuth" name="test_401_without_cookie" time="0.529" /><testcase classname="tests.trip_summary_test" name="test_get_single_trip_regression" time="0.509" /><testcase classname="tests.trip_map_test.TestRouteGeometryAuth" name="test_404_for_non_member" time="0.306" /><testcase classname="tests.trip_summary_test" name="test_unauthenticated_list_trips" time="0.192" /><testcase classname="tests.trip_map_test.TestRouteGeometryAuth" name="test_200_for_owner" time="0.174" /><testcase classname="tests.trip_map_test.TestRouteGeometryAuth" name="test_200_for_editor_and_viewer" time="0.789" /><testcase classname="tests.sprint_ab_test.TestReturnLeg" name="test_return_leg_present" time="1.332" /><testcase classname="tests.trip_map_test.TestRouteGeometryAuth" name="test_404_unknown_trip" time="0.092" /><testcase classname="tests.trip_map_test.TestRouteGeometryShape" name="test_zero_stops" time="0.176" /><testcase classname="tests.trip_map_test.TestRouteGeometryShape" name="test_one_stop" time="0.289" /><testcase classname="tests.sprint_ab_test.TestReturnLeg" name="test_return_leg_null_when_no_stops" time="0.238" /><testcase classname="tests.trip_map_test.TestRouteGeometryShape" name="test_ungeocodable_stop_coords_null" time="0.884" /><testcase classname="tests.sprint_ab_test.TestReturnLeg" name="test_return_leg_null_when_has_return_false" time="0.303" /><testcase classname="tests.sprint_ab_test.TestRegression" name="test_core_endpoints" time="0.936" /><testcase classname="tests.trip_map_test.TestRouteModes" name="test_car_two_stops" time="1.190" /><testcase classname="tests.sprint_ab_test.TestRegression" name="test_openapi" time="0.521" /><testcase classname="tests.trip_map_test.TestRouteModes" name="test_plane_haversine_no_ors_cache" time="0.405" /><testcase classname="tests.trip_map_test.TestRegression" name="test_existing_endpoints" time="1.305" /><testcase classname="tests.trip_map_test.TestRouteModes" name="test_other_all_null" time="1.168" /><testcase classname="tests.trip_map_test.TestRegression" name="test_openapi_contains_route_geometry" time="0.307" /><testcase classname="tests.orphan_expenses_test" name="test_delete_trip_cascades_expense_without_stop_id" time="0.949" /><testcase classname="tests.orphan_cascade_iter21_test.TestLiveCascadeAllCollections" name="test_full_seed_then_delete_leaves_nothing" time="1.565" /><testcase classname="tests.orphan_expenses_test" name="test_cleanup_script_is_idempotent" time="1.329" /><testcase classname="tests.orphan_cascade_iter21_test.TestLiveCascadeAllCollections" name="test_global_orphan_invariant_after_churn" time="0.006" /><testcase classname="tests.orphan_cascade_iter20_test.TestFullCascade" name="test_delete_trip_purges_every_child_collection" time="0.961" /><testcase classname="tests.trip_map_test.TestRouteCache" name="test_cache_write_and_hit" time="2.073" /></testsuite></testsuites>