<?xml version="1.0" encoding="utf-8"?><testsuites name="pytest tests"><testsuite name="pytest" errors="0" failures="0" skipped="0" tests="19" time="3.706" timestamp="2026-08-20T13:42:21.932994+00:00" hostname="agent-env-3dbfbce3-8f9a-4fac-901b-45bc191058a5"><testcase classname="tests.sprint_ab_test.TestTripReturnFields" name="test_create_baseline_defaults" time="0.318" /><testcase classname="tests.sprint_ab_test.TestTripReturnFields" name="test_create_has_return_without_home_422" time="0.060" /><testcase classname="tests.sprint_ab_test.TestExpenseDate" name="test_default_today_when_in_range" time="0.399" /><testcase classname="tests.sprint_ab_test.TestTripReturnFields" name="test_create_with_both_fields" time="0.202" /><testcase classname="tests.sprint_ab_test.TestExpenseDate" name="test_default_trip_start_when_today_outside" time="0.170" /><testcase classname="tests.sprint_ab_test.TestExpenseDate" name="test_create_within_range" time="0.102" /><testcase classname="tests.sprint_ab_test.TestTripReturnFields" name="test_patch_home_location_alone" time="0.217" /><testcase classname="tests.sprint_ab_test.TestExpenseDate" name="test_create_outside_range_422" time="0.069" /><testcase classname="tests.sprint_ab_test.TestExpenseDate" name="test_patch_expense_date" time="0.370" /><testcase classname="tests.sprint_ab_test.TestTripReturnFields" name="test_patch_enable_return_without_home_422" time="0.126" /><testcase classname="tests.sprint_ab_test.TestTripReturnFields" name="test_patch_enable_return_with_home_in_one_call" time="0.124" /><testcase classname="tests.sprint_ab_test.TestTripReturnFields" name="test_patch_editor_forbidden" time="0.326" /><testcase classname="tests.sprint_ab_test.TestExpenseDate" name="test_list_sorted_by_date_desc" time="0.377" /><testcase classname="tests.sprint_ab_test.TestTripReturnFields" name="test_list_trips_contains_fields" time="0.167" /><testcase classname="tests.sprint_ab_test.TestReturnLeg" name="test_return_leg_present" time="1.160" /><testcase classname="tests.sprint_ab_test.TestRegression" name="test_core_endpoints" time="0.657" /><testcase classname="tests.sprint_ab_test.TestRegression" name="test_openapi" time="0.707" /><testcase classname="tests.sprint_ab_test.TestReturnLeg" name="test_return_leg_null_when_no_stops" time="0.121" /><testcase classname="tests.sprint_ab_test.TestReturnLeg" name="test_return_leg_null_when_has_return_false" time="0.606" /></testsuite></testsuites>