<?xml version="1.0" encoding="utf-8"?><testsuites name="pytest tests"><testsuite name="pytest" errors="0" failures="0" skipped="0" tests="27" time="20.094" timestamp="2026-08-20T14:40:53.909389+00:00" hostname="agent-env-3dbfbce3-8f9a-4fac-901b-45bc191058a5"><testcase classname="tests.sprint_c_test.TestTimelineBasic" name="test_days_and_positions" time="0.601" /><testcase classname="tests.sprint_c_test.TestTimelineBasic" name="test_route_in_on_arrival_day" time="0.084" /><testcase classname="tests.sprint_c_test.TestTimelineBasic" name="test_no_return_leg_when_flag_off" time="0.081" /><testcase classname="tests.sprint_c_test.TestTimelineBasic" name="test_timeline_perf_and_openapi" time="0.303" /><testcase classname="tests.sprint_c_test.TestScheduleEndpoint" name="test_date_derives_target_stop" time="1.909" /><testcase classname="tests.sprint_c_test.TestScheduleEndpoint" name="test_date_with_no_stop_422" time="0.315" /><testcase classname="tests.sprint_c_test.TestAttractionScheduledDateValidation" name="test_create_in_range" time="1.195" /><testcase classname="tests.sprint_c_test.TestScheduleEndpoint" name="test_null_clears_date_keeps_stop" time="0.257" /><testcase classname="tests.sprint_c_test.TestAttractionScheduledDateValidation" name="test_create_out_of_range_422" time="0.107" /><testcase classname="tests.sprint_c_test.TestAttractionScheduledDateValidation" name="test_create_null_default" time="0.100" /><testcase classname="tests.sprint_c_test.TestAttractionScheduledDateValidation" name="test_patch_in_range_and_out_of_range" time="0.443" /><testcase classname="tests.sprint_c_test.TestScheduleEndpoint" name="test_target_stop_with_out_of_range_date_422" time="0.199" /><testcase classname="tests.sprint_c_test.TestScheduleEndpoint" name="test_target_stop_valid" time="0.177" /><testcase classname="tests.sprint_c_test.TestScheduleEndpoint" name="test_new_order_reorders" time="0.590" /><testcase classname="tests.sprint_c_test.TestScheduleEndpoint" name="test_schedule_unknown_attraction_404" time="0.073" /><testcase classname="tests.sprint_c_test.TestTimelineAggregation" name="test_unscheduled_and_scheduled_split" time="1.529" /><testcase classname="tests.sprint_c_test.TestTimelineAggregation" name="test_hotels_active_nights" time="0.089" /><testcase classname="tests.sprint_c_test.TestTimelineAggregation" name="test_expenses_by_day" time="0.086" /><testcase classname="tests.sprint_c_test.TestTimelineAggregation" name="test_no_mongo_id_leak" time="0.079" /><testcase classname="tests.sprint_c_test.TestTimelineReturnHome" name="test_return_home_day" time="0.232" /><testcase classname="tests.sprint_c_test.TestReorderWithScheduledDate" name="test_reorder_without_scheduled_date_backward_compat" time="1.410" /><testcase classname="tests.sprint_c_test.TestReorderWithScheduledDate" name="test_reorder_with_valid_scheduled_date" time="0.085" /><testcase classname="tests.sprint_c_test.TestTimelineReturnHome" name="test_route_geometry_return_leg_regression" time="1.273" /><testcase classname="tests.sprint_c_test.TestReorderWithScheduledDate" name="test_reorder_with_out_of_range_date_422_atomic" time="0.315" /><testcase classname="tests.sprint_c_test.TestTimelineSingleDayStop" name="test_only_position" time="0.654" /><testcase classname="tests.sprint_c_test.TestTimelineTransitDay" name="test_transit_day" time="1.203" /><testcase classname="tests.sprint_c_test.TestTimelinePerf" name="test_30_days_100_attractions_under_1s" time="12.301" /></testsuite></testsuites>